[2019-09-19 12:00:43.249] [renderer1] [error] net::ERR_NAME_RESOLUTION_FAILED: Error: net::ERR_NAME_RESOLUTION_FAILED
[2019-09-19 12:00:50.668] [renderer1] [error] An unknown error occurred. Please consult the log for more details.
[2019-09-19 18:52:59.260] [renderer1] [error] Tree element not found: [object Object]: Error: Tree element not found: [object Object]
    at s.getElementLocation (file:///usr/share/code/resources/app/out/vs/workbench/workbench.desktop.main.js:124:791)
    at s.isCollapsed (file:///usr/share/code/resources/app/out/vs/workbench/workbench.desktop.main.js:124:65)
    at q.isCollapsed (file:///usr/share/code/resources/app/out/vs/workbench/workbench.desktop.main.js:1009:19)
    at W.revealMarkersForCurrentActiveEditor (file:///usr/share/code/resources/app/out/vs/workbench/workbench.desktop.main.js:5714:628)
    at W.autoReveal (file:///usr/share/code/resources/app/out/vs/workbench/workbench.desktop.main.js:5714:485)
    at W.onActiveEditorChanged (file:///usr/share/code/resources/app/out/vs/workbench/workbench.desktop.main.js:5711:775)
    at W._register.e (file:///usr/share/code/resources/app/out/vs/workbench/workbench.desktop.main.js:5710:789)
    at d.fire (file:///usr/share/code/resources/app/out/vs/workbench/workbench.desktop.main.js:107:488)
    at setTimeout (file:///usr/share/code/resources/app/out/vs/workbench/workbench.desktop.main.js:103:913)
[2019-09-19 18:53:45.047] [renderer1] [error] Tree element not found: [object Object]: Error: Tree element not found: [object Object]
    at s.getElementLocation (file:///usr/share/code/resources/app/out/vs/workbench/workbench.desktop.main.js:124:791)
    at s.isCollapsed (file:///usr/share/code/resources/app/out/vs/workbench/workbench.desktop.main.js:124:65)
    at q.isCollapsed (file:///usr/share/code/resources/app/out/vs/workbench/workbench.desktop.main.js:1009:19)
    at W.revealMarkersForCurrentActiveEditor (file:///usr/share/code/resources/app/out/vs/workbench/workbench.desktop.main.js:5714:628)
    at W.autoReveal (file:///usr/share/code/resources/app/out/vs/workbench/workbench.desktop.main.js:5714:485)
    at W.onActiveEditorChanged (file:///usr/share/code/resources/app/out/vs/workbench/workbench.desktop.main.js:5711:775)
    at W._register.e (file:///usr/share/code/resources/app/out/vs/workbench/workbench.desktop.main.js:5710:789)
    at d.fire (file:///usr/share/code/resources/app/out/vs/workbench/workbench.desktop.main.js:107:488)
    at setTimeout (file:///usr/share/code/resources/app/out/vs/workbench/workbench.desktop.main.js:103:913)
[2019-09-19 18:55:32.654] [renderer1] [error] Tree element not found: [object Object]: Error: Tree element not found: [object Object]
    at s.getElementLocation (file:///usr/share/code/resources/app/out/vs/workbench/workbench.desktop.main.js:124:791)
    at s.isCollapsed (file:///usr/share/code/resources/app/out/vs/workbench/workbench.desktop.main.js:124:65)
    at q.isCollapsed (file:///usr/share/code/resources/app/out/vs/workbench/workbench.desktop.main.js:1009:19)
    at W.revealMarkersForCurrentActiveEditor (file:///usr/share/code/resources/app/out/vs/workbench/workbench.desktop.main.js:5714:628)
    at W.autoReveal (file:///usr/share/code/resources/app/out/vs/workbench/workbench.desktop.main.js:5714:485)
    at W.onActiveEditorChanged (file:///usr/share/code/resources/app/out/vs/workbench/workbench.desktop.main.js:5711:775)
    at W._register.e (file:///usr/share/code/resources/app/out/vs/workbench/workbench.desktop.main.js:5710:789)
    at d.fire (file:///usr/share/code/resources/app/out/vs/workbench/workbench.desktop.main.js:107:488)
    at setTimeout (file:///usr/share/code/resources/app/out/vs/workbench/workbench.desktop.main.js:103:913)
[2019-09-19 18:55:53.046] [renderer1] [error] Tree element not found: [object Object]: Error: Tree element not found: [object Object]
    at s.getElementLocation (file:///usr/share/code/resources/app/out/vs/workbench/workbench.desktop.main.js:124:791)
    at s.isCollapsed (file:///usr/share/code/resources/app/out/vs/workbench/workbench.desktop.main.js:124:65)
    at q.isCollapsed (file:///usr/share/code/resources/app/out/vs/workbench/workbench.desktop.main.js:1009:19)
    at W.revealMarkersForCurrentActiveEditor (file:///usr/share/code/resources/app/out/vs/workbench/workbench.desktop.main.js:5714:628)
    at W.autoReveal (file:///usr/share/code/resources/app/out/vs/workbench/workbench.desktop.main.js:5714:485)
    at W.onActiveEditorChanged (file:///usr/share/code/resources/app/out/vs/workbench/workbench.desktop.main.js:5711:775)
    at W._register.e (file:///usr/share/code/resources/app/out/vs/workbench/workbench.desktop.main.js:5710:789)
    at d.fire (file:///usr/share/code/resources/app/out/vs/workbench/workbench.desktop.main.js:107:488)
    at setTimeout (file:///usr/share/code/resources/app/out/vs/workbench/workbench.desktop.main.js:103:913)
[2019-09-19 18:57:09.736] [renderer1] [error] Tree element not found: [object Object]: Error: Tree element not found: [object Object]
    at s.getElementLocation (file:///usr/share/code/resources/app/out/vs/workbench/workbench.desktop.main.js:124:791)
    at s.isCollapsed (file:///usr/share/code/resources/app/out/vs/workbench/workbench.desktop.main.js:124:65)
    at q.isCollapsed (file:///usr/share/code/resources/app/out/vs/workbench/workbench.desktop.main.js:1009:19)
    at W.revealMarkersForCurrentActiveEditor (file:///usr/share/code/resources/app/out/vs/workbench/workbench.desktop.main.js:5714:628)
    at W.autoReveal (file:///usr/share/code/resources/app/out/vs/workbench/workbench.desktop.main.js:5714:485)
    at W.onActiveEditorChanged (file:///usr/share/code/resources/app/out/vs/workbench/workbench.desktop.main.js:5711:775)
    at W._register.e (file:///usr/share/code/resources/app/out/vs/workbench/workbench.desktop.main.js:5710:789)
    at d.fire (file:///usr/share/code/resources/app/out/vs/workbench/workbench.desktop.main.js:107:488)
    at setTimeout (file:///usr/share/code/resources/app/out/vs/workbench/workbench.desktop.main.js:103:913)
[2019-09-19 18:57:48.379] [renderer1] [error] Tree element not found: [object Object]: Error: Tree element not found: [object Object]
    at s.getElementLocation (file:///usr/share/code/resources/app/out/vs/workbench/workbench.desktop.main.js:124:791)
    at s.isCollapsed (file:///usr/share/code/resources/app/out/vs/workbench/workbench.desktop.main.js:124:65)
    at q.isCollapsed (file:///usr/share/code/resources/app/out/vs/workbench/workbench.desktop.main.js:1009:19)
    at W.revealMarkersForCurrentActiveEditor (file:///usr/share/code/resources/app/out/vs/workbench/workbench.desktop.main.js:5714:628)
    at W.autoReveal (file:///usr/share/code/resources/app/out/vs/workbench/workbench.desktop.main.js:5714:485)
    at W.onActiveEditorChanged (file:///usr/share/code/resources/app/out/vs/workbench/workbench.desktop.main.js:5711:775)
    at W._register.e (file:///usr/share/code/resources/app/out/vs/workbench/workbench.desktop.main.js:5710:789)
    at d.fire (file:///usr/share/code/resources/app/out/vs/workbench/workbench.desktop.main.js:107:488)
    at setTimeout (file:///usr/share/code/resources/app/out/vs/workbench/workbench.desktop.main.js:103:913)
[2019-09-19 19:49:03.599] [renderer1] [error] Tree element not found: [object Object]: Error: Tree element not found: [object Object]
    at s.getElementLocation (file:///usr/share/code/resources/app/out/vs/workbench/workbench.desktop.main.js:124:791)
    at s.isCollapsed (file:///usr/share/code/resources/app/out/vs/workbench/workbench.desktop.main.js:124:65)
    at q.isCollapsed (file:///usr/share/code/resources/app/out/vs/workbench/workbench.desktop.main.js:1009:19)
    at W.revealMarkersForCurrentActiveEditor (file:///usr/share/code/resources/app/out/vs/workbench/workbench.desktop.main.js:5714:628)
    at W.autoReveal (file:///usr/share/code/resources/app/out/vs/workbench/workbench.desktop.main.js:5714:485)
    at W.onActiveEditorChanged (file:///usr/share/code/resources/app/out/vs/workbench/workbench.desktop.main.js:5711:775)
    at W._register.e (file:///usr/share/code/resources/app/out/vs/workbench/workbench.desktop.main.js:5710:789)
    at d.fire (file:///usr/share/code/resources/app/out/vs/workbench/workbench.desktop.main.js:107:488)
    at setTimeout (file:///usr/share/code/resources/app/out/vs/workbench/workbench.desktop.main.js:103:913)
[2019-09-19 19:58:18.809] [renderer1] [error] Tree element not found: [object Object]: Error: Tree element not found: [object Object]
    at s.getElementLocation (file:///usr/share/code/resources/app/out/vs/workbench/workbench.desktop.main.js:124:791)
    at s.isCollapsed (file:///usr/share/code/resources/app/out/vs/workbench/workbench.desktop.main.js:124:65)
    at q.isCollapsed (file:///usr/share/code/resources/app/out/vs/workbench/workbench.desktop.main.js:1009:19)
    at W.revealMarkersForCurrentActiveEditor (file:///usr/share/code/resources/app/out/vs/workbench/workbench.desktop.main.js:5714:628)
    at W.autoReveal (file:///usr/share/code/resources/app/out/vs/workbench/workbench.desktop.main.js:5714:485)
    at W.onActiveEditorChanged (file:///usr/share/code/resources/app/out/vs/workbench/workbench.desktop.main.js:5711:775)
    at W._register.e (file:///usr/share/code/resources/app/out/vs/workbench/workbench.desktop.main.js:5710:789)
    at d.fire (file:///usr/share/code/resources/app/out/vs/workbench/workbench.desktop.main.js:107:488)
    at setTimeout (file:///usr/share/code/resources/app/out/vs/workbench/workbench.desktop.main.js:103:913)
[2019-09-19 21:23:12.718] [renderer1] [error] Tree element not found: [object Object]: Error: Tree element not found: [object Object]
    at s.getElementLocation (file:///usr/share/code/resources/app/out/vs/workbench/workbench.desktop.main.js:124:791)
    at s.isCollapsed (file:///usr/share/code/resources/app/out/vs/workbench/workbench.desktop.main.js:124:65)
    at q.isCollapsed (file:///usr/share/code/resources/app/out/vs/workbench/workbench.desktop.main.js:1009:19)
    at W.revealMarkersForCurrentActiveEditor (file:///usr/share/code/resources/app/out/vs/workbench/workbench.desktop.main.js:5714:628)
    at W.autoReveal (file:///usr/share/code/resources/app/out/vs/workbench/workbench.desktop.main.js:5714:485)
    at W.onActiveEditorChanged (file:///usr/share/code/resources/app/out/vs/workbench/workbench.desktop.main.js:5711:775)
    at W._register.e (file:///usr/share/code/resources/app/out/vs/workbench/workbench.desktop.main.js:5710:789)
    at d.fire (file:///usr/share/code/resources/app/out/vs/workbench/workbench.desktop.main.js:107:488)
    at setTimeout (file:///usr/share/code/resources/app/out/vs/workbench/workbench.desktop.main.js:103:913)
[2019-09-19 21:47:43.948] [renderer1] [error] Tree element not found: [object Object]: Error: Tree element not found: [object Object]
    at s.getElementLocation (file:///usr/share/code/resources/app/out/vs/workbench/workbench.desktop.main.js:124:791)
    at s.isCollapsed (file:///usr/share/code/resources/app/out/vs/workbench/workbench.desktop.main.js:124:65)
    at q.isCollapsed (file:///usr/share/code/resources/app/out/vs/workbench/workbench.desktop.main.js:1009:19)
    at W.revealMarkersForCurrentActiveEditor (file:///usr/share/code/resources/app/out/vs/workbench/workbench.desktop.main.js:5714:628)
    at W.autoReveal (file:///usr/share/code/resources/app/out/vs/workbench/workbench.desktop.main.js:5714:485)
    at W.onActiveEditorChanged (file:///usr/share/code/resources/app/out/vs/workbench/workbench.desktop.main.js:5711:775)
    at W._register.e (file:///usr/share/code/resources/app/out/vs/workbench/workbench.desktop.main.js:5710:789)
    at d.fire (file:///usr/share/code/resources/app/out/vs/workbench/workbench.desktop.main.js:107:488)
    at setTimeout (file:///usr/share/code/resources/app/out/vs/workbench/workbench.desktop.main.js:103:913)
[2019-09-19 21:49:27.891] [renderer1] [error] Tree element not found: [object Object]: Error: Tree element not found: [object Object]
    at s.getElementLocation (file:///usr/share/code/resources/app/out/vs/workbench/workbench.desktop.main.js:124:791)
    at s.isCollapsed (file:///usr/share/code/resources/app/out/vs/workbench/workbench.desktop.main.js:124:65)
    at q.isCollapsed (file:///usr/share/code/resources/app/out/vs/workbench/workbench.desktop.main.js:1009:19)
    at W.revealMarkersForCurrentActiveEditor (file:///usr/share/code/resources/app/out/vs/workbench/workbench.desktop.main.js:5714:628)
    at W.autoReveal (file:///usr/share/code/resources/app/out/vs/workbench/workbench.desktop.main.js:5714:485)
    at W.onActiveEditorChanged (file:///usr/share/code/resources/app/out/vs/workbench/workbench.desktop.main.js:5711:775)
    at W._register.e (file:///usr/share/code/resources/app/out/vs/workbench/workbench.desktop.main.js:5710:789)
    at d.fire (file:///usr/share/code/resources/app/out/vs/workbench/workbench.desktop.main.js:107:488)
    at setTimeout (file:///usr/share/code/resources/app/out/vs/workbench/workbench.desktop.main.js:103:913)
[2019-09-19 23:00:46.357] [renderer1] [error] Tree element not found: [object Object]: Error: Tree element not found: [object Object]
    at s.getElementLocation (file:///usr/share/code/resources/app/out/vs/workbench/workbench.desktop.main.js:124:791)
    at s.isCollapsed (file:///usr/share/code/resources/app/out/vs/workbench/workbench.desktop.main.js:124:65)
    at q.isCollapsed (file:///usr/share/code/resources/app/out/vs/workbench/workbench.desktop.main.js:1009:19)
    at W.revealMarkersForCurrentActiveEditor (file:///usr/share/code/resources/app/out/vs/workbench/workbench.desktop.main.js:5714:628)
    at W.autoReveal (file:///usr/share/code/resources/app/out/vs/workbench/workbench.desktop.main.js:5714:485)
    at W.onActiveEditorChanged (file:///usr/share/code/resources/app/out/vs/workbench/workbench.desktop.main.js:5711:775)
    at W._register.e (file:///usr/share/code/resources/app/out/vs/workbench/workbench.desktop.main.js:5710:789)
    at d.fire (file:///usr/share/code/resources/app/out/vs/workbench/workbench.desktop.main.js:107:488)
    at setTimeout (file:///usr/share/code/resources/app/out/vs/workbench/workbench.desktop.main.js:103:913)
[2019-09-20 00:56:50.839] [renderer1] [error] Tree element not found: [object Object]: Error: Tree element not found: [object Object]
    at s.getElementLocation (file:///usr/share/code/resources/app/out/vs/workbench/workbench.desktop.main.js:124:791)
    at s.isCollapsed (file:///usr/share/code/resources/app/out/vs/workbench/workbench.desktop.main.js:124:65)
    at q.isCollapsed (file:///usr/share/code/resources/app/out/vs/workbench/workbench.desktop.main.js:1009:19)
    at W.revealMarkersForCurrentActiveEditor (file:///usr/share/code/resources/app/out/vs/workbench/workbench.desktop.main.js:5714:628)
    at W.autoReveal (file:///usr/share/code/resources/app/out/vs/workbench/workbench.desktop.main.js:5714:485)
    at W.onActiveEditorChanged (file:///usr/share/code/resources/app/out/vs/workbench/workbench.desktop.main.js:5711:775)
    at W._register.e (file:///usr/share/code/resources/app/out/vs/workbench/workbench.desktop.main.js:5710:789)
    at d.fire (file:///usr/share/code/resources/app/out/vs/workbench/workbench.desktop.main.js:107:488)
    at setTimeout (file:///usr/share/code/resources/app/out/vs/workbench/workbench.desktop.main.js:103:913)
[2019-09-20 00:58:06.088] [renderer1] [error] Tree element not found: [object Object]: Error: Tree element not found: [object Object]
    at s.getElementLocation (file:///usr/share/code/resources/app/out/vs/workbench/workbench.desktop.main.js:124:791)
    at s.isCollapsed (file:///usr/share/code/resources/app/out/vs/workbench/workbench.desktop.main.js:124:65)
    at q.isCollapsed (file:///usr/share/code/resources/app/out/vs/workbench/workbench.desktop.main.js:1009:19)
    at W.revealMarkersForCurrentActiveEditor (file:///usr/share/code/resources/app/out/vs/workbench/workbench.desktop.main.js:5714:628)
    at W.autoReveal (file:///usr/share/code/resources/app/out/vs/workbench/workbench.desktop.main.js:5714:485)
    at W.onActiveEditorChanged (file:///usr/share/code/resources/app/out/vs/workbench/workbench.desktop.main.js:5711:775)
    at W._register.e (file:///usr/share/code/resources/app/out/vs/workbench/workbench.desktop.main.js:5710:789)
    at d.fire (file:///usr/share/code/resources/app/out/vs/workbench/workbench.desktop.main.js:107:488)
    at setTimeout (file:///usr/share/code/resources/app/out/vs/workbench/workbench.desktop.main.js:103:913)
[2019-09-20 00:58:28.769] [renderer1] [error] Tree element not found: [object Object]: Error: Tree element not found: [object Object]
    at s.getElementLocation (file:///usr/share/code/resources/app/out/vs/workbench/workbench.desktop.main.js:124:791)
    at s.isCollapsed (file:///usr/share/code/resources/app/out/vs/workbench/workbench.desktop.main.js:124:65)
    at q.isCollapsed (file:///usr/share/code/resources/app/out/vs/workbench/workbench.desktop.main.js:1009:19)
    at W.revealMarkersForCurrentActiveEditor (file:///usr/share/code/resources/app/out/vs/workbench/workbench.desktop.main.js:5714:628)
    at W.autoReveal (file:///usr/share/code/resources/app/out/vs/workbench/workbench.desktop.main.js:5714:485)
    at W.onActiveEditorChanged (file:///usr/share/code/resources/app/out/vs/workbench/workbench.desktop.main.js:5711:775)
    at W._register.e (file:///usr/share/code/resources/app/out/vs/workbench/workbench.desktop.main.js:5710:789)
    at d.fire (file:///usr/share/code/resources/app/out/vs/workbench/workbench.desktop.main.js:107:488)
    at setTimeout (file:///usr/share/code/resources/app/out/vs/workbench/workbench.desktop.main.js:103:913)
[2019-09-20 00:58:54.710] [renderer1] [error] Tree element not found: [object Object]: Error: Tree element not found: [object Object]
    at s.getElementLocation (file:///usr/share/code/resources/app/out/vs/workbench/workbench.desktop.main.js:124:791)
    at s.isCollapsed (file:///usr/share/code/resources/app/out/vs/workbench/workbench.desktop.main.js:124:65)
    at q.isCollapsed (file:///usr/share/code/resources/app/out/vs/workbench/workbench.desktop.main.js:1009:19)
    at W.revealMarkersForCurrentActiveEditor (file:///usr/share/code/resources/app/out/vs/workbench/workbench.desktop.main.js:5714:628)
    at W.autoReveal (file:///usr/share/code/resources/app/out/vs/workbench/workbench.desktop.main.js:5714:485)
    at W.onActiveEditorChanged (file:///usr/share/code/resources/app/out/vs/workbench/workbench.desktop.main.js:5711:775)
    at W._register.e (file:///usr/share/code/resources/app/out/vs/workbench/workbench.desktop.main.js:5710:789)
    at d.fire (file:///usr/share/code/resources/app/out/vs/workbench/workbench.desktop.main.js:107:488)
    at setTimeout (file:///usr/share/code/resources/app/out/vs/workbench/workbench.desktop.main.js:103:913)
[2019-09-20 00:59:06.511] [renderer1] [error] Tree element not found: [object Object]: Error: Tree element not found: [object Object]
    at s.getElementLocation (file:///usr/share/code/resources/app/out/vs/workbench/workbench.desktop.main.js:124:791)
    at s.isCollapsed (file:///usr/share/code/resources/app/out/vs/workbench/workbench.desktop.main.js:124:65)
    at q.isCollapsed (file:///usr/share/code/resources/app/out/vs/workbench/workbench.desktop.main.js:1009:19)
    at W.revealMarkersForCurrentActiveEditor (file:///usr/share/code/resources/app/out/vs/workbench/workbench.desktop.main.js:5714:628)
    at W.autoReveal (file:///usr/share/code/resources/app/out/vs/workbench/workbench.desktop.main.js:5714:485)
    at W.onActiveEditorChanged (file:///usr/share/code/resources/app/out/vs/workbench/workbench.desktop.main.js:5711:775)
    at W._register.e (file:///usr/share/code/resources/app/out/vs/workbench/workbench.desktop.main.js:5710:789)
    at d.fire (file:///usr/share/code/resources/app/out/vs/workbench/workbench.desktop.main.js:107:488)
    at setTimeout (file:///usr/share/code/resources/app/out/vs/workbench/workbench.desktop.main.js:103:913)
[2019-09-20 01:00:56.385] [renderer1] [error] Tree element not found: [object Object]: Error: Tree element not found: [object Object]
    at s.getElementLocation (file:///usr/share/code/resources/app/out/vs/workbench/workbench.desktop.main.js:124:791)
    at s.isCollapsed (file:///usr/share/code/resources/app/out/vs/workbench/workbench.desktop.main.js:124:65)
    at q.isCollapsed (file:///usr/share/code/resources/app/out/vs/workbench/workbench.desktop.main.js:1009:19)
    at W.revealMarkersForCurrentActiveEditor (file:///usr/share/code/resources/app/out/vs/workbench/workbench.desktop.main.js:5714:628)
    at W.autoReveal (file:///usr/share/code/resources/app/out/vs/workbench/workbench.desktop.main.js:5714:485)
    at W.onActiveEditorChanged (file:///usr/share/code/resources/app/out/vs/workbench/workbench.desktop.main.js:5711:775)
    at W._register.e (file:///usr/share/code/resources/app/out/vs/workbench/workbench.desktop.main.js:5710:789)
    at d.fire (file:///usr/share/code/resources/app/out/vs/workbench/workbench.desktop.main.js:107:488)
    at setTimeout (file:///usr/share/code/resources/app/out/vs/workbench/workbench.desktop.main.js:103:913)
[2019-09-20 01:01:41.913] [renderer1] [error] Tree element not found: [object Object]: Error: Tree element not found: [object Object]
    at s.getElementLocation (file:///usr/share/code/resources/app/out/vs/workbench/workbench.desktop.main.js:124:791)
    at s.isCollapsed (file:///usr/share/code/resources/app/out/vs/workbench/workbench.desktop.main.js:124:65)
    at q.isCollapsed (file:///usr/share/code/resources/app/out/vs/workbench/workbench.desktop.main.js:1009:19)
    at W.revealMarkersForCurrentActiveEditor (file:///usr/share/code/resources/app/out/vs/workbench/workbench.desktop.main.js:5714:628)
    at W.autoReveal (file:///usr/share/code/resources/app/out/vs/workbench/workbench.desktop.main.js:5714:485)
    at W.onActiveEditorChanged (file:///usr/share/code/resources/app/out/vs/workbench/workbench.desktop.main.js:5711:775)
    at W._register.e (file:///usr/share/code/resources/app/out/vs/workbench/workbench.desktop.main.js:5710:789)
    at d.fire (file:///usr/share/code/resources/app/out/vs/workbench/workbench.desktop.main.js:107:488)
    at setTimeout (file:///usr/share/code/resources/app/out/vs/workbench/workbench.desktop.main.js:103:913)
[2019-09-20 01:01:48.842] [renderer1] [error] Tree element not found: [object Object]: Error: Tree element not found: [object Object]
    at s.getElementLocation (file:///usr/share/code/resources/app/out/vs/workbench/workbench.desktop.main.js:124:791)
    at s.isCollapsed (file:///usr/share/code/resources/app/out/vs/workbench/workbench.desktop.main.js:124:65)
    at q.isCollapsed (file:///usr/share/code/resources/app/out/vs/workbench/workbench.desktop.main.js:1009:19)
    at W.revealMarkersForCurrentActiveEditor (file:///usr/share/code/resources/app/out/vs/workbench/workbench.desktop.main.js:5714:628)
    at W.autoReveal (file:///usr/share/code/resources/app/out/vs/workbench/workbench.desktop.main.js:5714:485)
    at W.onActiveEditorChanged (file:///usr/share/code/resources/app/out/vs/workbench/workbench.desktop.main.js:5711:775)
    at W._register.e (file:///usr/share/code/resources/app/out/vs/workbench/workbench.desktop.main.js:5710:789)
    at d.fire (file:///usr/share/code/resources/app/out/vs/workbench/workbench.desktop.main.js:107:488)
    at setTimeout (file:///usr/share/code/resources/app/out/vs/workbench/workbench.desktop.main.js:103:913)
[2019-09-20 01:01:57.996] [renderer1] [error] Tree element not found: [object Object]: Error: Tree element not found: [object Object]
    at s.getElementLocation (file:///usr/share/code/resources/app/out/vs/workbench/workbench.desktop.main.js:124:791)
    at s.isCollapsed (file:///usr/share/code/resources/app/out/vs/workbench/workbench.desktop.main.js:124:65)
    at q.isCollapsed (file:///usr/share/code/resources/app/out/vs/workbench/workbench.desktop.main.js:1009:19)
    at W.revealMarkersForCurrentActiveEditor (file:///usr/share/code/resources/app/out/vs/workbench/workbench.desktop.main.js:5714:628)
    at W.autoReveal (file:///usr/share/code/resources/app/out/vs/workbench/workbench.desktop.main.js:5714:485)
    at W.onActiveEditorChanged (file:///usr/share/code/resources/app/out/vs/workbench/workbench.desktop.main.js:5711:775)
    at W._register.e (file:///usr/share/code/resources/app/out/vs/workbench/workbench.desktop.main.js:5710:789)
    at d.fire (file:///usr/share/code/resources/app/out/vs/workbench/workbench.desktop.main.js:107:488)
    at setTimeout (file:///usr/share/code/resources/app/out/vs/workbench/workbench.desktop.main.js:103:913)
[2019-09-20 01:03:17.121] [renderer1] [error] Tree element not found: [object Object]: Error: Tree element not found: [object Object]
    at s.getElementLocation (file:///usr/share/code/resources/app/out/vs/workbench/workbench.desktop.main.js:124:791)
    at s.isCollapsed (file:///usr/share/code/resources/app/out/vs/workbench/workbench.desktop.main.js:124:65)
    at q.isCollapsed (file:///usr/share/code/resources/app/out/vs/workbench/workbench.desktop.main.js:1009:19)
    at W.revealMarkersForCurrentActiveEditor (file:///usr/share/code/resources/app/out/vs/workbench/workbench.desktop.main.js:5714:628)
    at W.autoReveal (file:///usr/share/code/resources/app/out/vs/workbench/workbench.desktop.main.js:5714:485)
    at W.onActiveEditorChanged (file:///usr/share/code/resources/app/out/vs/workbench/workbench.desktop.main.js:5711:775)
    at W._register.e (file:///usr/share/code/resources/app/out/vs/workbench/workbench.desktop.main.js:5710:789)
    at d.fire (file:///usr/share/code/resources/app/out/vs/workbench/workbench.desktop.main.js:107:488)
    at setTimeout (file:///usr/share/code/resources/app/out/vs/workbench/workbench.desktop.main.js:103:913)
[2019-09-20 01:05:23.680] [renderer1] [error] Tree element not found: [object Object]: Error: Tree element not found: [object Object]
    at s.getElementLocation (file:///usr/share/code/resources/app/out/vs/workbench/workbench.desktop.main.js:124:791)
    at s.isCollapsed (file:///usr/share/code/resources/app/out/vs/workbench/workbench.desktop.main.js:124:65)
    at q.isCollapsed (file:///usr/share/code/resources/app/out/vs/workbench/workbench.desktop.main.js:1009:19)
    at W.revealMarkersForCurrentActiveEditor (file:///usr/share/code/resources/app/out/vs/workbench/workbench.desktop.main.js:5714:628)
    at W.autoReveal (file:///usr/share/code/resources/app/out/vs/workbench/workbench.desktop.main.js:5714:485)
    at W.onActiveEditorChanged (file:///usr/share/code/resources/app/out/vs/workbench/workbench.desktop.main.js:5711:775)
    at W._register.e (file:///usr/share/code/resources/app/out/vs/workbench/workbench.desktop.main.js:5710:789)
    at d.fire (file:///usr/share/code/resources/app/out/vs/workbench/workbench.desktop.main.js:107:488)
    at setTimeout (file:///usr/share/code/resources/app/out/vs/workbench/workbench.desktop.main.js:103:913)
