[2019-09-19 12:00:41.493] [exthost] [info] extension host started
[2019-09-19 12:00:41.524] [exthost] [info] ExtensionService#_doActivateExtension vscode.debug-auto-launch {"startup":true,"activationEvent":"*"}
[2019-09-19 12:00:41.524] [exthost] [info] ExtensionService#loadCommonJSModule file:///usr/share/code/resources/app/extensions/debug-auto-launch/dist/extension
[2019-09-19 12:00:41.528] [exthost] [info] ExtensionService#_doActivateExtension vscode.emmet {"startup":true,"activationEvent":"*"}
[2019-09-19 12:00:41.528] [exthost] [info] ExtensionService#loadCommonJSModule file:///usr/share/code/resources/app/extensions/emmet/dist/extension
[2019-09-19 12:00:41.570] [exthost] [info] ExtensionService#_doActivateExtension vscode.git {"startup":true,"activationEvent":"*"}
[2019-09-19 12:00:41.570] [exthost] [info] ExtensionService#loadCommonJSModule file:///usr/share/code/resources/app/extensions/git/dist/main
[2019-09-19 12:00:41.666] [exthost] [info] ExtensionService#_doActivateExtension vscode.merge-conflict {"startup":true,"activationEvent":"*"}
[2019-09-19 12:00:41.666] [exthost] [info] ExtensionService#loadCommonJSModule file:///usr/share/code/resources/app/extensions/merge-conflict/dist/extension
[2019-09-19 12:00:41.672] [exthost] [info] ExtensionService#_doActivateExtension CoenraadS.bracket-pair-colorizer {"startup":true,"activationEvent":"*"}
[2019-09-19 12:00:41.672] [exthost] [info] ExtensionService#loadCommonJSModule file:///home/harshit/.vscode/extensions/coenraads.bracket-pair-colorizer-1.0.61/out/src/extension
[2019-09-19 12:00:41.687] [exthost] [info] ExtensionService#_doActivateExtension Equinusocio.vsc-material-theme {"startup":true,"activationEvent":"*"}
[2019-09-19 12:00:41.687] [exthost] [info] ExtensionService#loadCommonJSModule file:///home/harshit/.vscode/extensions/equinusocio.vsc-material-theme-30.0.0/out/src/material.theme.config
[2019-09-19 12:00:41.693] [exthost] [info] ExtensionService#_doActivateExtension ms-vscode.cpptools {"startup":true,"activationEvent":"*"}
[2019-09-19 12:00:41.693] [exthost] [info] ExtensionService#loadCommonJSModule file:///home/harshit/.vscode/extensions/ms-vscode.cpptools-0.25.1/dist/main
[2019-09-19 12:00:41.833] [exthost] [info] ExtensionService#_doActivateExtension PKief.material-icon-theme {"startup":true,"activationEvent":"*"}
[2019-09-19 12:00:41.833] [exthost] [info] ExtensionService#loadCommonJSModule file:///home/harshit/.vscode/extensions/pkief.material-icon-theme-3.9.0/dist/extension
[2019-09-19 12:00:41.851] [exthost] [info] ExtensionService#_doActivateExtension ritwickdey.LiveServer {"startup":true,"activationEvent":"*"}
[2019-09-19 12:00:41.851] [exthost] [info] ExtensionService#loadCommonJSModule file:///home/harshit/.vscode/extensions/ritwickdey.liveserver-5.6.1/out/src/extension
[2019-09-19 12:00:42.432] [exthost] [info] ExtensionService#_doActivateExtension felixfbecker.php-intellisense {"startup":true,"activationEvent":"workspaceContains:**/*.php"}
[2019-09-19 12:00:42.433] [exthost] [info] ExtensionService#loadCommonJSModule file:///home/harshit/.vscode/extensions/felixfbecker.php-intellisense-2.3.10/out/extension
[2019-09-19 12:00:42.663] [exthost] [info] eager extensions activated
[2019-09-19 12:00:54.881] [exthost] [info] ExtensionService#_doActivateExtension vscode.php-language-features {"startup":false,"activationEvent":"onLanguage:php"}
[2019-09-19 12:00:54.881] [exthost] [info] ExtensionService#loadCommonJSModule file:///usr/share/code/resources/app/extensions/php-language-features/dist/phpMain
[2019-09-19 12:00:54.892] [exthost] [info] ExtensionService#_doActivateExtension ecmel.vscode-html-css {"startup":false,"activationEvent":"onLanguage:php"}
[2019-09-19 12:00:54.892] [exthost] [info] ExtensionService#loadCommonJSModule file:///home/harshit/.vscode/extensions/ecmel.vscode-html-css-0.2.3/dist/extension
[2019-09-19 17:42:14.403] [exthost] [info] ExtensionService#_doActivateExtension vscode.configuration-editing {"startup":false,"activationEvent":"onLanguage:jsonc"}
[2019-09-19 17:42:14.403] [exthost] [info] ExtensionService#loadCommonJSModule file:///usr/share/code/resources/app/extensions/configuration-editing/dist/extension
[2019-09-19 17:42:14.413] [exthost] [info] ExtensionService#_doActivateExtension vscode.json-language-features {"startup":false,"activationEvent":"onLanguage:jsonc"}
[2019-09-19 17:42:14.413] [exthost] [info] ExtensionService#loadCommonJSModule file:///usr/share/code/resources/app/extensions/json-language-features/client/dist/jsonMain
[2019-09-19 17:42:14.520] [exthost] [info] ExtensionService#_doActivateExtension vscode.typescript-language-features {"startup":false,"activationEvent":"onLanguage:jsonc"}
[2019-09-19 17:42:14.521] [exthost] [info] ExtensionService#loadCommonJSModule file:///usr/share/code/resources/app/extensions/typescript-language-features/dist/extension
[2019-09-19 18:52:04.749] [exthost] [info] ExtensionService#_doActivateExtension vscode.css-language-features {"startup":false,"activationEvent":"onLanguage:css"}
[2019-09-19 18:52:04.749] [exthost] [info] ExtensionService#loadCommonJSModule file:///usr/share/code/resources/app/extensions/css-language-features/client/dist/cssMain
[2019-09-19 20:21:44.178] [exthost] [info] ExtensionService#_doActivateExtension vscode.html-language-features {"startup":false,"activationEvent":"onLanguage:html"}
[2019-09-19 20:21:44.178] [exthost] [info] ExtensionService#loadCommonJSModule file:///usr/share/code/resources/app/extensions/html-language-features/client/dist/htmlMain
[2019-09-19 21:34:47.975] [exthost] [info] ExtensionService#_doActivateExtension ms-vscode.vscode-typescript-tslint-plugin {"startup":false,"activationEvent":"onLanguage:javascript"}
[2019-09-19 21:34:47.975] [exthost] [info] ExtensionService#loadCommonJSModule file:///home/harshit/.vscode/extensions/ms-vscode.vscode-typescript-tslint-plugin-1.2.2/out/index.js
[2019-09-19 21:34:48.119] [exthost] [info] ExtensionService#_doActivateExtension VisualStudioExptTeam.vscodeintellicode {"startup":false,"activationEvent":"onLanguage:javascript"}
[2019-09-19 21:34:48.119] [exthost] [info] ExtensionService#loadCommonJSModule file:///home/harshit/.vscode/extensions/visualstudioexptteam.vscodeintellicode-1.1.9/dist/intellicode
