[Server(3376) file:///home/aman/Desktop/ExpendiShare] Started and initialize received
[Server(3375) file:///home/aman/Desktop/ExpendiShare] Started and initialize received
[Server(3376) file:///home/aman/Desktop/ExpendiShare] Setup a stylesheet lookup map
[Server(3376) file:///home/aman/Desktop/ExpendiShare] Document opened: file:///home/aman/Desktop/ExpendiShare/html/dashboard.html
[Server(3376) file:///home/aman/Desktop/ExpendiShare] Document changed: file:///home/aman/Desktop/ExpendiShare/html/dashboard.html
[Server(3375) file:///home/aman/Desktop/ExpendiShare] Setup a stylesheet lookup map
[Server(3375) file:///home/aman/Desktop/ExpendiShare] Document opened: file:///home/aman/Desktop/ExpendiShare/html/dashboard.html
[Server(3375) file:///home/aman/Desktop/ExpendiShare] Document changed: file:///home/aman/Desktop/ExpendiShare/html/dashboard.html
[Server(3376) file:///home/aman/Desktop/ExpendiShare] Document changed: file:///home/aman/Desktop/ExpendiShare/html/dashboard.html
[Server(3375) file:///home/aman/Desktop/ExpendiShare] Document changed: file:///home/aman/Desktop/ExpendiShare/html/dashboard.html
[Server(3376) file:///home/aman/Desktop/ExpendiShare] Document changed: file:///home/aman/Desktop/ExpendiShare/html/dashboard.html
[Server(3375) file:///home/aman/Desktop/ExpendiShare] Document changed: file:///home/aman/Desktop/ExpendiShare/html/dashboard.html
[Server(3376) file:///home/aman/Desktop/ExpendiShare] Document changed: file:///home/aman/Desktop/ExpendiShare/html/dashboard.html
[Server(3375) file:///home/aman/Desktop/ExpendiShare] Document changed: file:///home/aman/Desktop/ExpendiShare/html/dashboard.html
[Server(3376) file:///home/aman/Desktop/ExpendiShare] Document changed: file:///home/aman/Desktop/ExpendiShare/html/dashboard.html
[Server(3375) file:///home/aman/Desktop/ExpendiShare] Document changed: file:///home/aman/Desktop/ExpendiShare/html/dashboard.html
[Server(3376) file:///home/aman/Desktop/ExpendiShare] Document changed: file:///home/aman/Desktop/ExpendiShare/html/dashboard.html
[Server(3375) file:///home/aman/Desktop/ExpendiShare] Document changed: file:///home/aman/Desktop/ExpendiShare/html/dashboard.html
[Server(3376) file:///home/aman/Desktop/ExpendiShare] Document changed: file:///home/aman/Desktop/ExpendiShare/html/dashboard.html
[Server(3375) file:///home/aman/Desktop/ExpendiShare] Document changed: file:///home/aman/Desktop/ExpendiShare/html/dashboard.html
[Server(3376) file:///home/aman/Desktop/ExpendiShare] Document changed: file:///home/aman/Desktop/ExpendiShare/html/dashboard.html
[Server(3375) file:///home/aman/Desktop/ExpendiShare] Document changed: file:///home/aman/Desktop/ExpendiShare/html/dashboard.html
[Server(3376) file:///home/aman/Desktop/ExpendiShare] Document changed: file:///home/aman/Desktop/ExpendiShare/html/dashboard.html
[Server(3375) file:///home/aman/Desktop/ExpendiShare] Document changed: file:///home/aman/Desktop/ExpendiShare/html/dashboard.html
Invalid Selector...
Invalid Selector...
Invalid Selector...
Invalid Selector...
[Server(3376) file:///home/aman/Desktop/ExpendiShare] Document changed: file:///home/aman/Desktop/ExpendiShare/html/dashboard.html
[Server(3375) file:///home/aman/Desktop/ExpendiShare] Document changed: file:///home/aman/Desktop/ExpendiShare/html/dashboard.html
Found CSS selector of type null and value header
Found CSS selector of type null and value header
Searching for symbol
Found 25 symbols in file:///home/aman/Desktop/ExpendiShare/css/main.css
Found 9 symbols in file:///home/aman/Desktop/ExpendiShare/css/dash.css
Found 21 symbols in file:///home/aman/Desktop/ExpendiShare/css/login.css
Found 0 symbols in file:///home/aman/Desktop/ExpendiShare/PHP/Database/test.css
Searching for symbol
Found 25 symbols in file:///home/aman/Desktop/ExpendiShare/css/main.css
Found 9 symbols in file:///home/aman/Desktop/ExpendiShare/css/dash.css
Found 21 symbols in file:///home/aman/Desktop/ExpendiShare/css/login.css
Found 0 symbols in file:///home/aman/Desktop/ExpendiShare/PHP/Database/test.css
[Server(3376) file:///home/aman/Desktop/ExpendiShare] Document opened: file:///home/aman/Desktop/ExpendiShare/php2/search.php
[Server(3375) file:///home/aman/Desktop/ExpendiShare] Document opened: file:///home/aman/Desktop/ExpendiShare/php2/search.php
[Server(3376) file:///home/aman/Desktop/ExpendiShare] Document changed: file:///home/aman/Desktop/ExpendiShare/php2/search.php
[Server(3375) file:///home/aman/Desktop/ExpendiShare] Document changed: file:///home/aman/Desktop/ExpendiShare/php2/search.php
[Server(3376) file:///home/aman/Desktop/ExpendiShare] Document changed: file:///home/aman/Desktop/ExpendiShare/php2/search.php
[Server(3375) file:///home/aman/Desktop/ExpendiShare] Document changed: file:///home/aman/Desktop/ExpendiShare/php2/search.php
[Server(3376) file:///home/aman/Desktop/ExpendiShare] Document changed: file:///home/aman/Desktop/ExpendiShare/php2/search.php
[Server(3375) file:///home/aman/Desktop/ExpendiShare] Document changed: file:///home/aman/Desktop/ExpendiShare/php2/search.php
[Server(3376) file:///home/aman/Desktop/ExpendiShare] Document changed: file:///home/aman/Desktop/ExpendiShare/php2/search.php
[Server(3375) file:///home/aman/Desktop/ExpendiShare] Document changed: file:///home/aman/Desktop/ExpendiShare/php2/search.php
[Server(3376) file:///home/aman/Desktop/ExpendiShare] Document changed: file:///home/aman/Desktop/ExpendiShare/php2/search.php
[Server(3375) file:///home/aman/Desktop/ExpendiShare] Document changed: file:///home/aman/Desktop/ExpendiShare/php2/search.php
[Server(3376) file:///home/aman/Desktop/ExpendiShare] Document changed: file:///home/aman/Desktop/ExpendiShare/php2/search.php
[Server(3375) file:///home/aman/Desktop/ExpendiShare] Document changed: file:///home/aman/Desktop/ExpendiShare/php2/search.php
[Server(3376) file:///home/aman/Desktop/ExpendiShare] Document changed: file:///home/aman/Desktop/ExpendiShare/php2/search.php
[Server(3375) file:///home/aman/Desktop/ExpendiShare] Document changed: file:///home/aman/Desktop/ExpendiShare/php2/search.php
[Server(3376) file:///home/aman/Desktop/ExpendiShare] Document changed: file:///home/aman/Desktop/ExpendiShare/php2/search.php
[Server(3375) file:///home/aman/Desktop/ExpendiShare] Document changed: file:///home/aman/Desktop/ExpendiShare/php2/search.php
[Server(3376) file:///home/aman/Desktop/ExpendiShare] Document changed: file:///home/aman/Desktop/ExpendiShare/php2/search.php
[Server(3375) file:///home/aman/Desktop/ExpendiShare] Document changed: file:///home/aman/Desktop/ExpendiShare/php2/search.php
[Server(3376) file:///home/aman/Desktop/ExpendiShare] Document changed: file:///home/aman/Desktop/ExpendiShare/php2/search.php
[Server(3375) file:///home/aman/Desktop/ExpendiShare] Document changed: file:///home/aman/Desktop/ExpendiShare/php2/search.php
[Server(3376) file:///home/aman/Desktop/ExpendiShare] Document changed: file:///home/aman/Desktop/ExpendiShare/php2/search.php
[Server(3375) file:///home/aman/Desktop/ExpendiShare] Document changed: file:///home/aman/Desktop/ExpendiShare/php2/search.php
[Server(3376) file:///home/aman/Desktop/ExpendiShare] Document changed: file:///home/aman/Desktop/ExpendiShare/php2/search.php
[Server(3375) file:///home/aman/Desktop/ExpendiShare] Document changed: file:///home/aman/Desktop/ExpendiShare/php2/search.php
[Server(3376) file:///home/aman/Desktop/ExpendiShare] Document changed: file:///home/aman/Desktop/ExpendiShare/php2/search.php
[Server(3375) file:///home/aman/Desktop/ExpendiShare] Document changed: file:///home/aman/Desktop/ExpendiShare/php2/search.php
[Server(3376) file:///home/aman/Desktop/ExpendiShare] Document changed: file:///home/aman/Desktop/ExpendiShare/php2/search.php
[Server(3375) file:///home/aman/Desktop/ExpendiShare] Document changed: file:///home/aman/Desktop/ExpendiShare/php2/search.php
[Server(3376) file:///home/aman/Desktop/ExpendiShare] Document changed: file:///home/aman/Desktop/ExpendiShare/php2/search.php
[Server(3375) file:///home/aman/Desktop/ExpendiShare] Document changed: file:///home/aman/Desktop/ExpendiShare/php2/search.php
[Server(3376) file:///home/aman/Desktop/ExpendiShare] Document opened: file:///home/aman/Desktop/ExpendiShare/php2/logout.php
[Server(3375) file:///home/aman/Desktop/ExpendiShare] Document opened: file:///home/aman/Desktop/ExpendiShare/php2/logout.php
[Server(3376) file:///home/aman/Desktop/ExpendiShare] Document changed: file:///home/aman/Desktop/ExpendiShare/php2/logout.php
[Server(3375) file:///home/aman/Desktop/ExpendiShare] Document changed: file:///home/aman/Desktop/ExpendiShare/php2/logout.php
[Server(3376) file:///home/aman/Desktop/ExpendiShare] Document opened: file:///home/aman/Desktop/ExpendiShare/php2/login.php
[Server(3375) file:///home/aman/Desktop/ExpendiShare] Document opened: file:///home/aman/Desktop/ExpendiShare/php2/login.php
[Server(3376) file:///home/aman/Desktop/ExpendiShare] Document changed: file:///home/aman/Desktop/ExpendiShare/php2/login.php
[Server(3375) file:///home/aman/Desktop/ExpendiShare] Document changed: file:///home/aman/Desktop/ExpendiShare/php2/login.php
[Server(3376) file:///home/aman/Desktop/ExpendiShare] Document changed: file:///home/aman/Desktop/ExpendiShare/php2/search.php
[Server(3375) file:///home/aman/Desktop/ExpendiShare] Document changed: file:///home/aman/Desktop/ExpendiShare/php2/search.php
[Server(3376) file:///home/aman/Desktop/ExpendiShare] Document changed: file:///home/aman/Desktop/ExpendiShare/php2/search.php
[Server(3375) file:///home/aman/Desktop/ExpendiShare] Document changed: file:///home/aman/Desktop/ExpendiShare/php2/search.php
[Server(3376) file:///home/aman/Desktop/ExpendiShare] Document changed: file:///home/aman/Desktop/ExpendiShare/php2/search.php
[Server(3375) file:///home/aman/Desktop/ExpendiShare] Document changed: file:///home/aman/Desktop/ExpendiShare/php2/search.php
[Server(3376) file:///home/aman/Desktop/ExpendiShare] Document changed: file:///home/aman/Desktop/ExpendiShare/php2/search.php
[Server(3375) file:///home/aman/Desktop/ExpendiShare] Document changed: file:///home/aman/Desktop/ExpendiShare/php2/search.php
[Server(3376) file:///home/aman/Desktop/ExpendiShare] Document changed: file:///home/aman/Desktop/ExpendiShare/php2/search.php
[Server(3375) file:///home/aman/Desktop/ExpendiShare] Document changed: file:///home/aman/Desktop/ExpendiShare/php2/search.php
[Server(3376) file:///home/aman/Desktop/ExpendiShare] Document changed: file:///home/aman/Desktop/ExpendiShare/php2/search.php
[Server(3375) file:///home/aman/Desktop/ExpendiShare] Document changed: file:///home/aman/Desktop/ExpendiShare/php2/search.php
[Server(3376) file:///home/aman/Desktop/ExpendiShare] Document changed: file:///home/aman/Desktop/ExpendiShare/php2/search.php
[Server(3375) file:///home/aman/Desktop/ExpendiShare] Document changed: file:///home/aman/Desktop/ExpendiShare/php2/search.php
[Server(3376) file:///home/aman/Desktop/ExpendiShare] Document changed: file:///home/aman/Desktop/ExpendiShare/php2/search.php
[Server(3375) file:///home/aman/Desktop/ExpendiShare] Document changed: file:///home/aman/Desktop/ExpendiShare/php2/search.php
[Server(3376) file:///home/aman/Desktop/ExpendiShare] Document changed: file:///home/aman/Desktop/ExpendiShare/php2/search.php
[Server(3375) file:///home/aman/Desktop/ExpendiShare] Document changed: file:///home/aman/Desktop/ExpendiShare/php2/search.php
[Server(3376) file:///home/aman/Desktop/ExpendiShare] Document changed: file:///home/aman/Desktop/ExpendiShare/php2/search.php
[Server(3375) file:///home/aman/Desktop/ExpendiShare] Document changed: file:///home/aman/Desktop/ExpendiShare/php2/search.php
[Server(3376) file:///home/aman/Desktop/ExpendiShare] Document changed: file:///home/aman/Desktop/ExpendiShare/php2/search.php
[Server(3375) file:///home/aman/Desktop/ExpendiShare] Document changed: file:///home/aman/Desktop/ExpendiShare/php2/search.php
[Server(3376) file:///home/aman/Desktop/ExpendiShare] Document changed: file:///home/aman/Desktop/ExpendiShare/php2/search.php
[Server(3375) file:///home/aman/Desktop/ExpendiShare] Document changed: file:///home/aman/Desktop/ExpendiShare/php2/search.php
[Server(3375) file:///home/aman/Desktop/ExpendiShare] Document changed: file:///home/aman/Desktop/ExpendiShare/php2/search.php
[Server(3376) file:///home/aman/Desktop/ExpendiShare] Document changed: file:///home/aman/Desktop/ExpendiShare/php2/search.php
[Server(3376) file:///home/aman/Desktop/ExpendiShare] Document changed: file:///home/aman/Desktop/ExpendiShare/php2/search.php
[Server(3375) file:///home/aman/Desktop/ExpendiShare] Document changed: file:///home/aman/Desktop/ExpendiShare/php2/search.php
[Server(3376) file:///home/aman/Desktop/ExpendiShare] Document changed: file:///home/aman/Desktop/ExpendiShare/php2/search.php
[Server(3375) file:///home/aman/Desktop/ExpendiShare] Document changed: file:///home/aman/Desktop/ExpendiShare/php2/search.php
[Server(3376) file:///home/aman/Desktop/ExpendiShare] Document changed: file:///home/aman/Desktop/ExpendiShare/php2/search.php
[Server(3375) file:///home/aman/Desktop/ExpendiShare] Document changed: file:///home/aman/Desktop/ExpendiShare/php2/search.php
[Server(3376) file:///home/aman/Desktop/ExpendiShare] Document changed: file:///home/aman/Desktop/ExpendiShare/php2/search.php
[Server(3375) file:///home/aman/Desktop/ExpendiShare] Document changed: file:///home/aman/Desktop/ExpendiShare/php2/search.php
[Server(3376) file:///home/aman/Desktop/ExpendiShare] Document changed: file:///home/aman/Desktop/ExpendiShare/php2/search.php
[Server(3375) file:///home/aman/Desktop/ExpendiShare] Document changed: file:///home/aman/Desktop/ExpendiShare/php2/search.php
[Server(3376) file:///home/aman/Desktop/ExpendiShare] Document changed: file:///home/aman/Desktop/ExpendiShare/php2/search.php
[Server(3375) file:///home/aman/Desktop/ExpendiShare] Document changed: file:///home/aman/Desktop/ExpendiShare/php2/search.php
[Server(3376) file:///home/aman/Desktop/ExpendiShare] Document changed: file:///home/aman/Desktop/ExpendiShare/php2/search.php
[Server(3375) file:///home/aman/Desktop/ExpendiShare] Document changed: file:///home/aman/Desktop/ExpendiShare/php2/search.php
[Server(3376) file:///home/aman/Desktop/ExpendiShare] Document changed: file:///home/aman/Desktop/ExpendiShare/php2/search.php
[Server(3375) file:///home/aman/Desktop/ExpendiShare] Document changed: file:///home/aman/Desktop/ExpendiShare/php2/search.php
[Server(3376) file:///home/aman/Desktop/ExpendiShare] Document changed: file:///home/aman/Desktop/ExpendiShare/php2/search.php
[Server(3375) file:///home/aman/Desktop/ExpendiShare] Document changed: file:///home/aman/Desktop/ExpendiShare/php2/search.php
[Server(3375) file:///home/aman/Desktop/ExpendiShare] Document changed: file:///home/aman/Desktop/ExpendiShare/php2/search.php
[Server(3376) file:///home/aman/Desktop/ExpendiShare] Document changed: file:///home/aman/Desktop/ExpendiShare/php2/search.php
[Server(3376) file:///home/aman/Desktop/ExpendiShare] Document changed: file:///home/aman/Desktop/ExpendiShare/php2/search.php
[Server(3375) file:///home/aman/Desktop/ExpendiShare] Document changed: file:///home/aman/Desktop/ExpendiShare/php2/search.php
[Server(3375) file:///home/aman/Desktop/ExpendiShare] Document changed: file:///home/aman/Desktop/ExpendiShare/php2/search.php
[Server(3376) file:///home/aman/Desktop/ExpendiShare] Document changed: file:///home/aman/Desktop/ExpendiShare/php2/search.php
[Server(3376) file:///home/aman/Desktop/ExpendiShare] Document changed: file:///home/aman/Desktop/ExpendiShare/php2/search.php
[Server(3375) file:///home/aman/Desktop/ExpendiShare] Document changed: file:///home/aman/Desktop/ExpendiShare/php2/search.php
[Server(3376) file:///home/aman/Desktop/ExpendiShare] Document changed: file:///home/aman/Desktop/ExpendiShare/php2/search.php
[Server(3375) file:///home/aman/Desktop/ExpendiShare] Document changed: file:///home/aman/Desktop/ExpendiShare/php2/search.php
[Server(3376) file:///home/aman/Desktop/ExpendiShare] Document changed: file:///home/aman/Desktop/ExpendiShare/php2/search.php
[Server(3375) file:///home/aman/Desktop/ExpendiShare] Document changed: file:///home/aman/Desktop/ExpendiShare/php2/search.php
[Server(3376) file:///home/aman/Desktop/ExpendiShare] Document changed: file:///home/aman/Desktop/ExpendiShare/php2/search.php
[Server(3375) file:///home/aman/Desktop/ExpendiShare] Document changed: file:///home/aman/Desktop/ExpendiShare/php2/search.php
[Server(3376) file:///home/aman/Desktop/ExpendiShare] Document opened: file:///home/aman/Desktop/ExpendiShare/php2/email_invite.php
[Server(3375) file:///home/aman/Desktop/ExpendiShare] Document opened: file:///home/aman/Desktop/ExpendiShare/php2/email_invite.php
[Server(3376) file:///home/aman/Desktop/ExpendiShare] Document changed: file:///home/aman/Desktop/ExpendiShare/php2/email_invite.php
[Server(3375) file:///home/aman/Desktop/ExpendiShare] Document changed: file:///home/aman/Desktop/ExpendiShare/php2/email_invite.php
[Server(3376) file:///home/aman/Desktop/ExpendiShare] Document opened: file:///home/aman/Desktop/ExpendiShare/php2/connect.php
[Server(3375) file:///home/aman/Desktop/ExpendiShare] Document opened: file:///home/aman/Desktop/ExpendiShare/php2/connect.php
[Server(3376) file:///home/aman/Desktop/ExpendiShare] Document changed: file:///home/aman/Desktop/ExpendiShare/php2/connect.php
[Server(3375) file:///home/aman/Desktop/ExpendiShare] Document changed: file:///home/aman/Desktop/ExpendiShare/php2/connect.php
[Server(3376) file:///home/aman/Desktop/ExpendiShare] Document changed: file:///home/aman/Desktop/ExpendiShare/php2/search.php
[Server(3375) file:///home/aman/Desktop/ExpendiShare] Document changed: file:///home/aman/Desktop/ExpendiShare/php2/search.php
[Server(3376) file:///home/aman/Desktop/ExpendiShare] Document changed: file:///home/aman/Desktop/ExpendiShare/php2/search.php
[Server(3375) file:///home/aman/Desktop/ExpendiShare] Document changed: file:///home/aman/Desktop/ExpendiShare/php2/search.php
[Server(3376) file:///home/aman/Desktop/ExpendiShare] Document changed: file:///home/aman/Desktop/ExpendiShare/php2/search.php
[Server(3375) file:///home/aman/Desktop/ExpendiShare] Document changed: file:///home/aman/Desktop/ExpendiShare/php2/search.php
[Server(3376) file:///home/aman/Desktop/ExpendiShare] Document changed: file:///home/aman/Desktop/ExpendiShare/php2/search.php
[Server(3375) file:///home/aman/Desktop/ExpendiShare] Document changed: file:///home/aman/Desktop/ExpendiShare/php2/search.php
[Server(3376) file:///home/aman/Desktop/ExpendiShare] Document changed: file:///home/aman/Desktop/ExpendiShare/php2/search.php
[Server(3375) file:///home/aman/Desktop/ExpendiShare] Document changed: file:///home/aman/Desktop/ExpendiShare/php2/search.php
[Server(3376) file:///home/aman/Desktop/ExpendiShare] Document changed: file:///home/aman/Desktop/ExpendiShare/php2/search.php
[Server(3375) file:///home/aman/Desktop/ExpendiShare] Document changed: file:///home/aman/Desktop/ExpendiShare/php2/search.php
[Server(3375) file:///home/aman/Desktop/ExpendiShare] Document changed: file:///home/aman/Desktop/ExpendiShare/php2/search.php
[Server(3376) file:///home/aman/Desktop/ExpendiShare] Document changed: file:///home/aman/Desktop/ExpendiShare/php2/search.php
[Server(3376) file:///home/aman/Desktop/ExpendiShare] Document changed: file:///home/aman/Desktop/ExpendiShare/php2/search.php
[Server(3375) file:///home/aman/Desktop/ExpendiShare] Document changed: file:///home/aman/Desktop/ExpendiShare/php2/search.php
[Server(3376) file:///home/aman/Desktop/ExpendiShare] Document changed: file:///home/aman/Desktop/ExpendiShare/php2/search.php
[Server(3375) file:///home/aman/Desktop/ExpendiShare] Document changed: file:///home/aman/Desktop/ExpendiShare/php2/search.php
[Server(3376) file:///home/aman/Desktop/ExpendiShare] Document changed: file:///home/aman/Desktop/ExpendiShare/php2/search.php
[Server(3375) file:///home/aman/Desktop/ExpendiShare] Document changed: file:///home/aman/Desktop/ExpendiShare/php2/search.php
[Server(3376) file:///home/aman/Desktop/ExpendiShare] Document changed: file:///home/aman/Desktop/ExpendiShare/php2/search.php
[Server(3375) file:///home/aman/Desktop/ExpendiShare] Document changed: file:///home/aman/Desktop/ExpendiShare/php2/search.php
[Server(3376) file:///home/aman/Desktop/ExpendiShare] Document changed: file:///home/aman/Desktop/ExpendiShare/php2/search.php
[Server(3375) file:///home/aman/Desktop/ExpendiShare] Document changed: file:///home/aman/Desktop/ExpendiShare/php2/search.php
[Server(3376) file:///home/aman/Desktop/ExpendiShare] Document changed: file:///home/aman/Desktop/ExpendiShare/php2/search.php
[Server(3375) file:///home/aman/Desktop/ExpendiShare] Document changed: file:///home/aman/Desktop/ExpendiShare/php2/search.php
[Server(3376) file:///home/aman/Desktop/ExpendiShare] Document changed: file:///home/aman/Desktop/ExpendiShare/php2/search.php
[Server(3375) file:///home/aman/Desktop/ExpendiShare] Document changed: file:///home/aman/Desktop/ExpendiShare/php2/search.php
[Server(3375) file:///home/aman/Desktop/ExpendiShare] Document changed: file:///home/aman/Desktop/ExpendiShare/php2/search.php
[Server(3376) file:///home/aman/Desktop/ExpendiShare] Document changed: file:///home/aman/Desktop/ExpendiShare/php2/search.php
[Server(3376) file:///home/aman/Desktop/ExpendiShare] Document changed: file:///home/aman/Desktop/ExpendiShare/php2/search.php
[Server(3375) file:///home/aman/Desktop/ExpendiShare] Document changed: file:///home/aman/Desktop/ExpendiShare/php2/search.php
[Server(3376) file:///home/aman/Desktop/ExpendiShare] Document changed: file:///home/aman/Desktop/ExpendiShare/php2/search.php
[Server(3375) file:///home/aman/Desktop/ExpendiShare] Document changed: file:///home/aman/Desktop/ExpendiShare/php2/search.php
[Server(3376) file:///home/aman/Desktop/ExpendiShare] Document changed: file:///home/aman/Desktop/ExpendiShare/php2/search.php
[Server(3375) file:///home/aman/Desktop/ExpendiShare] Document changed: file:///home/aman/Desktop/ExpendiShare/php2/search.php
[Server(3376) file:///home/aman/Desktop/ExpendiShare] Document changed: file:///home/aman/Desktop/ExpendiShare/php2/search.php
[Server(3375) file:///home/aman/Desktop/ExpendiShare] Document changed: file:///home/aman/Desktop/ExpendiShare/php2/search.php
[Server(3376) file:///home/aman/Desktop/ExpendiShare] Document changed: file:///home/aman/Desktop/ExpendiShare/php2/search.php
[Server(3375) file:///home/aman/Desktop/ExpendiShare] Document changed: file:///home/aman/Desktop/ExpendiShare/php2/search.php
[Server(3376) file:///home/aman/Desktop/ExpendiShare] Document changed: file:///home/aman/Desktop/ExpendiShare/php2/search.php
[Server(3375) file:///home/aman/Desktop/ExpendiShare] Document changed: file:///home/aman/Desktop/ExpendiShare/php2/search.php
[Server(3376) file:///home/aman/Desktop/ExpendiShare] Document changed: file:///home/aman/Desktop/ExpendiShare/php2/search.php
[Server(3375) file:///home/aman/Desktop/ExpendiShare] Document changed: file:///home/aman/Desktop/ExpendiShare/php2/search.php
[Server(3376) file:///home/aman/Desktop/ExpendiShare] Document changed: file:///home/aman/Desktop/ExpendiShare/php2/search.php
[Server(3375) file:///home/aman/Desktop/ExpendiShare] Document changed: file:///home/aman/Desktop/ExpendiShare/php2/search.php
[Server(3376) file:///home/aman/Desktop/ExpendiShare] Document changed: file:///home/aman/Desktop/ExpendiShare/php2/search.php
[Server(3375) file:///home/aman/Desktop/ExpendiShare] Document changed: file:///home/aman/Desktop/ExpendiShare/php2/search.php
[Server(3376) file:///home/aman/Desktop/ExpendiShare] Document changed: file:///home/aman/Desktop/ExpendiShare/php2/search.php
[Server(3375) file:///home/aman/Desktop/ExpendiShare] Document changed: file:///home/aman/Desktop/ExpendiShare/php2/search.php
[Server(3376) file:///home/aman/Desktop/ExpendiShare] Document changed: file:///home/aman/Desktop/ExpendiShare/php2/search.php
[Server(3375) file:///home/aman/Desktop/ExpendiShare] Document changed: file:///home/aman/Desktop/ExpendiShare/php2/search.php
[Server(3376) file:///home/aman/Desktop/ExpendiShare] Document changed: file:///home/aman/Desktop/ExpendiShare/php2/search.php
[Server(3375) file:///home/aman/Desktop/ExpendiShare] Document changed: file:///home/aman/Desktop/ExpendiShare/php2/search.php
[Server(3376) file:///home/aman/Desktop/ExpendiShare] Document changed: file:///home/aman/Desktop/ExpendiShare/php2/search.php
[Server(3375) file:///home/aman/Desktop/ExpendiShare] Document changed: file:///home/aman/Desktop/ExpendiShare/php2/search.php
[Server(3376) file:///home/aman/Desktop/ExpendiShare] Document changed: file:///home/aman/Desktop/ExpendiShare/php2/search.php
[Server(3375) file:///home/aman/Desktop/ExpendiShare] Document changed: file:///home/aman/Desktop/ExpendiShare/php2/search.php
[Server(3376) file:///home/aman/Desktop/ExpendiShare] Document changed: file:///home/aman/Desktop/ExpendiShare/php2/search.php
[Server(3375) file:///home/aman/Desktop/ExpendiShare] Document changed: file:///home/aman/Desktop/ExpendiShare/php2/search.php
[Server(3376) file:///home/aman/Desktop/ExpendiShare] Document changed: file:///home/aman/Desktop/ExpendiShare/php2/search.php
[Server(3375) file:///home/aman/Desktop/ExpendiShare] Document changed: file:///home/aman/Desktop/ExpendiShare/php2/search.php
[Server(3376) file:///home/aman/Desktop/ExpendiShare] Document changed: file:///home/aman/Desktop/ExpendiShare/php2/search.php
[Server(3375) file:///home/aman/Desktop/ExpendiShare] Document changed: file:///home/aman/Desktop/ExpendiShare/php2/search.php
[Server(3376) file:///home/aman/Desktop/ExpendiShare] Document changed: file:///home/aman/Desktop/ExpendiShare/php2/search.php
[Server(3375) file:///home/aman/Desktop/ExpendiShare] Document changed: file:///home/aman/Desktop/ExpendiShare/php2/search.php
[Server(3376) file:///home/aman/Desktop/ExpendiShare] Document changed: file:///home/aman/Desktop/ExpendiShare/php2/search.php
[Server(3375) file:///home/aman/Desktop/ExpendiShare] Document changed: file:///home/aman/Desktop/ExpendiShare/php2/search.php
[Server(3376) file:///home/aman/Desktop/ExpendiShare] Document changed: file:///home/aman/Desktop/ExpendiShare/php2/search.php
[Server(3375) file:///home/aman/Desktop/ExpendiShare] Document changed: file:///home/aman/Desktop/ExpendiShare/php2/search.php
[Server(3376) file:///home/aman/Desktop/ExpendiShare] Document changed: file:///home/aman/Desktop/ExpendiShare/php2/search.php
[Server(3375) file:///home/aman/Desktop/ExpendiShare] Document changed: file:///home/aman/Desktop/ExpendiShare/php2/search.php
[Server(3376) file:///home/aman/Desktop/ExpendiShare] Document changed: file:///home/aman/Desktop/ExpendiShare/php2/search.php
[Server(3375) file:///home/aman/Desktop/ExpendiShare] Document changed: file:///home/aman/Desktop/ExpendiShare/php2/search.php
[Server(3376) file:///home/aman/Desktop/ExpendiShare] Document changed: file:///home/aman/Desktop/ExpendiShare/php2/search.php
[Server(3375) file:///home/aman/Desktop/ExpendiShare] Document changed: file:///home/aman/Desktop/ExpendiShare/php2/search.php
[Server(3375) file:///home/aman/Desktop/ExpendiShare] Document changed: file:///home/aman/Desktop/ExpendiShare/php2/search.php
[Server(3376) file:///home/aman/Desktop/ExpendiShare] Document changed: file:///home/aman/Desktop/ExpendiShare/php2/search.php
[Server(3376) file:///home/aman/Desktop/ExpendiShare] Document changed: file:///home/aman/Desktop/ExpendiShare/php2/search.php
[Server(3375) file:///home/aman/Desktop/ExpendiShare] Document changed: file:///home/aman/Desktop/ExpendiShare/php2/search.php
[Server(3376) file:///home/aman/Desktop/ExpendiShare] Document changed: file:///home/aman/Desktop/ExpendiShare/php2/search.php
[Server(3375) file:///home/aman/Desktop/ExpendiShare] Document changed: file:///home/aman/Desktop/ExpendiShare/php2/search.php
[Server(3376) file:///home/aman/Desktop/ExpendiShare] Document changed: file:///home/aman/Desktop/ExpendiShare/php2/search.php
[Server(3375) file:///home/aman/Desktop/ExpendiShare] Document changed: file:///home/aman/Desktop/ExpendiShare/php2/search.php
[Server(3376) file:///home/aman/Desktop/ExpendiShare] Document changed: file:///home/aman/Desktop/ExpendiShare/php2/search.php
[Server(3375) file:///home/aman/Desktop/ExpendiShare] Document changed: file:///home/aman/Desktop/ExpendiShare/php2/search.php
[Server(3376) file:///home/aman/Desktop/ExpendiShare] Document changed: file:///home/aman/Desktop/ExpendiShare/php2/search.php
[Server(3375) file:///home/aman/Desktop/ExpendiShare] Document changed: file:///home/aman/Desktop/ExpendiShare/php2/search.php
[Server(3376) file:///home/aman/Desktop/ExpendiShare] Document changed: file:///home/aman/Desktop/ExpendiShare/php2/search.php
[Server(3375) file:///home/aman/Desktop/ExpendiShare] Document changed: file:///home/aman/Desktop/ExpendiShare/php2/search.php
[Server(3376) file:///home/aman/Desktop/ExpendiShare] Document changed: file:///home/aman/Desktop/ExpendiShare/php2/search.php
[Server(3375) file:///home/aman/Desktop/ExpendiShare] Document changed: file:///home/aman/Desktop/ExpendiShare/php2/search.php
[Server(3376) file:///home/aman/Desktop/ExpendiShare] Document changed: file:///home/aman/Desktop/ExpendiShare/php2/search.php
[Server(3375) file:///home/aman/Desktop/ExpendiShare] Document changed: file:///home/aman/Desktop/ExpendiShare/php2/search.php
[Server(3376) file:///home/aman/Desktop/ExpendiShare] Document changed: file:///home/aman/Desktop/ExpendiShare/php2/search.php
[Server(3375) file:///home/aman/Desktop/ExpendiShare] Document changed: file:///home/aman/Desktop/ExpendiShare/php2/search.php
[Server(3376) file:///home/aman/Desktop/ExpendiShare] Document changed: file:///home/aman/Desktop/ExpendiShare/php2/search.php
[Server(3375) file:///home/aman/Desktop/ExpendiShare] Document changed: file:///home/aman/Desktop/ExpendiShare/php2/search.php
[Server(3376) file:///home/aman/Desktop/ExpendiShare] Document changed: file:///home/aman/Desktop/ExpendiShare/php2/search.php
[Server(3375) file:///home/aman/Desktop/ExpendiShare] Document changed: file:///home/aman/Desktop/ExpendiShare/php2/search.php
[Server(3376) file:///home/aman/Desktop/ExpendiShare] Document changed: file:///home/aman/Desktop/ExpendiShare/php2/search.php
[Server(3375) file:///home/aman/Desktop/ExpendiShare] Document changed: file:///home/aman/Desktop/ExpendiShare/php2/search.php
[Server(3376) file:///home/aman/Desktop/ExpendiShare] Document changed: file:///home/aman/Desktop/ExpendiShare/php2/search.php
[Server(3375) file:///home/aman/Desktop/ExpendiShare] Document changed: file:///home/aman/Desktop/ExpendiShare/php2/search.php
[Server(3376) file:///home/aman/Desktop/ExpendiShare] Document changed: file:///home/aman/Desktop/ExpendiShare/php2/search.php
[Server(3375) file:///home/aman/Desktop/ExpendiShare] Document changed: file:///home/aman/Desktop/ExpendiShare/php2/search.php
[Server(3376) file:///home/aman/Desktop/ExpendiShare] Document changed: file:///home/aman/Desktop/ExpendiShare/php2/search.php
[Server(3375) file:///home/aman/Desktop/ExpendiShare] Document changed: file:///home/aman/Desktop/ExpendiShare/php2/search.php
[Server(3376) file:///home/aman/Desktop/ExpendiShare] Document changed: file:///home/aman/Desktop/ExpendiShare/php2/search.php
[Server(3375) file:///home/aman/Desktop/ExpendiShare] Document changed: file:///home/aman/Desktop/ExpendiShare/php2/search.php
[Server(3376) file:///home/aman/Desktop/ExpendiShare] Document changed: file:///home/aman/Desktop/ExpendiShare/php2/search.php
[Server(3375) file:///home/aman/Desktop/ExpendiShare] Document changed: file:///home/aman/Desktop/ExpendiShare/php2/search.php
[Server(3376) file:///home/aman/Desktop/ExpendiShare] Document changed: file:///home/aman/Desktop/ExpendiShare/php2/search.php
[Server(3375) file:///home/aman/Desktop/ExpendiShare] Document changed: file:///home/aman/Desktop/ExpendiShare/php2/search.php
[Server(3376) file:///home/aman/Desktop/ExpendiShare] Document changed: file:///home/aman/Desktop/ExpendiShare/php2/search.php
[Server(3375) file:///home/aman/Desktop/ExpendiShare] Document changed: file:///home/aman/Desktop/ExpendiShare/php2/search.php
[Server(3376) file:///home/aman/Desktop/ExpendiShare] Document changed: file:///home/aman/Desktop/ExpendiShare/php2/search.php
[Server(3375) file:///home/aman/Desktop/ExpendiShare] Document changed: file:///home/aman/Desktop/ExpendiShare/php2/search.php
[Server(3376) file:///home/aman/Desktop/ExpendiShare] Document changed: file:///home/aman/Desktop/ExpendiShare/php2/search.php
[Server(3375) file:///home/aman/Desktop/ExpendiShare] Document changed: file:///home/aman/Desktop/ExpendiShare/php2/search.php
[Server(3376) file:///home/aman/Desktop/ExpendiShare] Document changed: file:///home/aman/Desktop/ExpendiShare/php2/search.php
[Server(3375) file:///home/aman/Desktop/ExpendiShare] Document changed: file:///home/aman/Desktop/ExpendiShare/php2/search.php
[Server(3376) file:///home/aman/Desktop/ExpendiShare] Document changed: file:///home/aman/Desktop/ExpendiShare/php2/search.php
[Server(3375) file:///home/aman/Desktop/ExpendiShare] Document changed: file:///home/aman/Desktop/ExpendiShare/php2/search.php
[Server(3376) file:///home/aman/Desktop/ExpendiShare] Document changed: file:///home/aman/Desktop/ExpendiShare/php2/search.php
[Server(3375) file:///home/aman/Desktop/ExpendiShare] Document changed: file:///home/aman/Desktop/ExpendiShare/php2/search.php
[Server(3376) file:///home/aman/Desktop/ExpendiShare] Document changed: file:///home/aman/Desktop/ExpendiShare/php2/search.php
[Server(3375) file:///home/aman/Desktop/ExpendiShare] Document changed: file:///home/aman/Desktop/ExpendiShare/php2/search.php
[Server(3376) file:///home/aman/Desktop/ExpendiShare] Document changed: file:///home/aman/Desktop/ExpendiShare/php2/search.php
[Server(3375) file:///home/aman/Desktop/ExpendiShare] Document changed: file:///home/aman/Desktop/ExpendiShare/php2/search.php
[Server(3376) file:///home/aman/Desktop/ExpendiShare] Document changed: file:///home/aman/Desktop/ExpendiShare/php2/search.php
[Server(3375) file:///home/aman/Desktop/ExpendiShare] Document changed: file:///home/aman/Desktop/ExpendiShare/php2/search.php
[Server(3376) file:///home/aman/Desktop/ExpendiShare] Document changed: file:///home/aman/Desktop/ExpendiShare/php2/search.php
[Server(3375) file:///home/aman/Desktop/ExpendiShare] Document changed: file:///home/aman/Desktop/ExpendiShare/php2/search.php
[Server(3376) file:///home/aman/Desktop/ExpendiShare] Document changed: file:///home/aman/Desktop/ExpendiShare/php2/search.php
[Server(3375) file:///home/aman/Desktop/ExpendiShare] Document changed: file:///home/aman/Desktop/ExpendiShare/php2/search.php
[Server(3376) file:///home/aman/Desktop/ExpendiShare] Document changed: file:///home/aman/Desktop/ExpendiShare/php2/search.php
[Server(3375) file:///home/aman/Desktop/ExpendiShare] Document changed: file:///home/aman/Desktop/ExpendiShare/php2/search.php
[Server(3376) file:///home/aman/Desktop/ExpendiShare] Document changed: file:///home/aman/Desktop/ExpendiShare/php2/search.php
[Server(3375) file:///home/aman/Desktop/ExpendiShare] Document changed: file:///home/aman/Desktop/ExpendiShare/php2/search.php
[Server(3376) file:///home/aman/Desktop/ExpendiShare] Document changed: file:///home/aman/Desktop/ExpendiShare/php2/search.php
[Server(3375) file:///home/aman/Desktop/ExpendiShare] Document changed: file:///home/aman/Desktop/ExpendiShare/php2/search.php
[Server(3376) file:///home/aman/Desktop/ExpendiShare] Document changed: file:///home/aman/Desktop/ExpendiShare/php2/search.php
[Server(3375) file:///home/aman/Desktop/ExpendiShare] Document changed: file:///home/aman/Desktop/ExpendiShare/php2/search.php
[Server(3376) file:///home/aman/Desktop/ExpendiShare] Document changed: file:///home/aman/Desktop/ExpendiShare/php2/search.php
[Server(3375) file:///home/aman/Desktop/ExpendiShare] Document changed: file:///home/aman/Desktop/ExpendiShare/php2/search.php
[Server(3376) file:///home/aman/Desktop/ExpendiShare] Document changed: file:///home/aman/Desktop/ExpendiShare/php2/search.php
[Server(3375) file:///home/aman/Desktop/ExpendiShare] Document changed: file:///home/aman/Desktop/ExpendiShare/php2/search.php
[Server(3376) file:///home/aman/Desktop/ExpendiShare] Document changed: file:///home/aman/Desktop/ExpendiShare/php2/search.php
[Server(3375) file:///home/aman/Desktop/ExpendiShare] Document changed: file:///home/aman/Desktop/ExpendiShare/php2/search.php
[Server(3376) file:///home/aman/Desktop/ExpendiShare] Document changed: file:///home/aman/Desktop/ExpendiShare/php2/search.php
[Server(3375) file:///home/aman/Desktop/ExpendiShare] Document changed: file:///home/aman/Desktop/ExpendiShare/php2/search.php
[Server(3376) file:///home/aman/Desktop/ExpendiShare] Document changed: file:///home/aman/Desktop/ExpendiShare/php2/search.php
[Server(3375) file:///home/aman/Desktop/ExpendiShare] Document changed: file:///home/aman/Desktop/ExpendiShare/php2/search.php
[Server(3376) file:///home/aman/Desktop/ExpendiShare] Document changed: file:///home/aman/Desktop/ExpendiShare/php2/search.php
[Server(3375) file:///home/aman/Desktop/ExpendiShare] Document changed: file:///home/aman/Desktop/ExpendiShare/php2/search.php
[Server(3376) file:///home/aman/Desktop/ExpendiShare] Document changed: file:///home/aman/Desktop/ExpendiShare/php2/search.php
[Server(3375) file:///home/aman/Desktop/ExpendiShare] Document changed: file:///home/aman/Desktop/ExpendiShare/php2/search.php
[Server(3376) file:///home/aman/Desktop/ExpendiShare] Document changed: file:///home/aman/Desktop/ExpendiShare/php2/search.php
[Server(3375) file:///home/aman/Desktop/ExpendiShare] Document changed: file:///home/aman/Desktop/ExpendiShare/php2/search.php
[Server(3376) file:///home/aman/Desktop/ExpendiShare] Document changed: file:///home/aman/Desktop/ExpendiShare/php2/search.php
[Server(3375) file:///home/aman/Desktop/ExpendiShare] Document changed: file:///home/aman/Desktop/ExpendiShare/php2/search.php
[Server(3376) file:///home/aman/Desktop/ExpendiShare] Document changed: file:///home/aman/Desktop/ExpendiShare/php2/search.php
[Server(3375) file:///home/aman/Desktop/ExpendiShare] Document changed: file:///home/aman/Desktop/ExpendiShare/php2/search.php
[Server(3376) file:///home/aman/Desktop/ExpendiShare] Document changed: file:///home/aman/Desktop/ExpendiShare/php2/search.php
[Server(3375) file:///home/aman/Desktop/ExpendiShare] Document changed: file:///home/aman/Desktop/ExpendiShare/php2/search.php
[Server(3376) file:///home/aman/Desktop/ExpendiShare] Document changed: file:///home/aman/Desktop/ExpendiShare/php2/search.php
[Server(3375) file:///home/aman/Desktop/ExpendiShare] Document changed: file:///home/aman/Desktop/ExpendiShare/php2/search.php
[Server(3376) file:///home/aman/Desktop/ExpendiShare] Document changed: file:///home/aman/Desktop/ExpendiShare/php2/search.php
[Server(3375) file:///home/aman/Desktop/ExpendiShare] Document changed: file:///home/aman/Desktop/ExpendiShare/php2/search.php
[Server(3376) file:///home/aman/Desktop/ExpendiShare] Document changed: file:///home/aman/Desktop/ExpendiShare/php2/search.php
[Server(3375) file:///home/aman/Desktop/ExpendiShare] Document changed: file:///home/aman/Desktop/ExpendiShare/php2/search.php
[Server(3376) file:///home/aman/Desktop/ExpendiShare] Document changed: file:///home/aman/Desktop/ExpendiShare/php2/search.php
[Server(3375) file:///home/aman/Desktop/ExpendiShare] Document changed: file:///home/aman/Desktop/ExpendiShare/php2/search.php
[Server(3376) file:///home/aman/Desktop/ExpendiShare] Document changed: file:///home/aman/Desktop/ExpendiShare/php2/search.php
[Server(3375) file:///home/aman/Desktop/ExpendiShare] Document changed: file:///home/aman/Desktop/ExpendiShare/php2/search.php
[Server(3376) file:///home/aman/Desktop/ExpendiShare] Document changed: file:///home/aman/Desktop/ExpendiShare/php2/search.php
[Server(3375) file:///home/aman/Desktop/ExpendiShare] Document changed: file:///home/aman/Desktop/ExpendiShare/php2/search.php
[Server(3376) file:///home/aman/Desktop/ExpendiShare] Document changed: file:///home/aman/Desktop/ExpendiShare/php2/search.php
[Server(3375) file:///home/aman/Desktop/ExpendiShare] Document changed: file:///home/aman/Desktop/ExpendiShare/php2/search.php
[Server(3376) file:///home/aman/Desktop/ExpendiShare] Document changed: file:///home/aman/Desktop/ExpendiShare/php2/search.php
[Server(3375) file:///home/aman/Desktop/ExpendiShare] Document changed: file:///home/aman/Desktop/ExpendiShare/php2/search.php
[Server(3376) file:///home/aman/Desktop/ExpendiShare] Document changed: file:///home/aman/Desktop/ExpendiShare/php2/search.php
[Server(3375) file:///home/aman/Desktop/ExpendiShare] Document changed: file:///home/aman/Desktop/ExpendiShare/php2/search.php
[Server(3376) file:///home/aman/Desktop/ExpendiShare] Document changed: file:///home/aman/Desktop/ExpendiShare/php2/search.php
[Server(3375) file:///home/aman/Desktop/ExpendiShare] Document changed: file:///home/aman/Desktop/ExpendiShare/php2/search.php
[Server(3376) file:///home/aman/Desktop/ExpendiShare] Document changed: file:///home/aman/Desktop/ExpendiShare/html/dashboard.html
[Server(3375) file:///home/aman/Desktop/ExpendiShare] Document changed: file:///home/aman/Desktop/ExpendiShare/html/dashboard.html
[Server(3376) file:///home/aman/Desktop/ExpendiShare] Document changed: file:///home/aman/Desktop/ExpendiShare/html/dashboard.html
[Server(3375) file:///home/aman/Desktop/ExpendiShare] Document changed: file:///home/aman/Desktop/ExpendiShare/html/dashboard.html
[Server(3376) file:///home/aman/Desktop/ExpendiShare] Document changed: file:///home/aman/Desktop/ExpendiShare/html/dashboard.html
[Server(3375) file:///home/aman/Desktop/ExpendiShare] Document changed: file:///home/aman/Desktop/ExpendiShare/html/dashboard.html
[Server(3376) file:///home/aman/Desktop/ExpendiShare] Document changed: file:///home/aman/Desktop/ExpendiShare/html/dashboard.html
[Server(3375) file:///home/aman/Desktop/ExpendiShare] Document changed: file:///home/aman/Desktop/ExpendiShare/html/dashboard.html
[Server(3376) file:///home/aman/Desktop/ExpendiShare] Document changed: file:///home/aman/Desktop/ExpendiShare/html/dashboard.html
[Server(3375) file:///home/aman/Desktop/ExpendiShare] Document changed: file:///home/aman/Desktop/ExpendiShare/html/dashboard.html
[Server(3376) file:///home/aman/Desktop/ExpendiShare] Document changed: file:///home/aman/Desktop/ExpendiShare/html/dashboard.html
[Server(3375) file:///home/aman/Desktop/ExpendiShare] Document changed: file:///home/aman/Desktop/ExpendiShare/html/dashboard.html
[Server(3376) file:///home/aman/Desktop/ExpendiShare] Document changed: file:///home/aman/Desktop/ExpendiShare/html/dashboard.html
[Server(3375) file:///home/aman/Desktop/ExpendiShare] Document changed: file:///home/aman/Desktop/ExpendiShare/html/dashboard.html
[Server(3376) file:///home/aman/Desktop/ExpendiShare] Document changed: file:///home/aman/Desktop/ExpendiShare/html/dashboard.html
[Server(3375) file:///home/aman/Desktop/ExpendiShare] Document changed: file:///home/aman/Desktop/ExpendiShare/html/dashboard.html
[Server(3376) file:///home/aman/Desktop/ExpendiShare] Document changed: file:///home/aman/Desktop/ExpendiShare/html/dashboard.html
[Server(3375) file:///home/aman/Desktop/ExpendiShare] Document changed: file:///home/aman/Desktop/ExpendiShare/html/dashboard.html
Invalid Selector...
Invalid Selector...
[Server(3376) file:///home/aman/Desktop/ExpendiShare] Document changed: file:///home/aman/Desktop/ExpendiShare/html/dashboard.html
[Server(3375) file:///home/aman/Desktop/ExpendiShare] Document changed: file:///home/aman/Desktop/ExpendiShare/html/dashboard.html
[Server(3376) file:///home/aman/Desktop/ExpendiShare] Document changed: file:///home/aman/Desktop/ExpendiShare/html/dashboard.html
[Server(3375) file:///home/aman/Desktop/ExpendiShare] Document changed: file:///home/aman/Desktop/ExpendiShare/html/dashboard.html
[Server(3376) file:///home/aman/Desktop/ExpendiShare] Document changed: file:///home/aman/Desktop/ExpendiShare/html/dashboard.html
[Server(3375) file:///home/aman/Desktop/ExpendiShare] Document changed: file:///home/aman/Desktop/ExpendiShare/html/dashboard.html
[Server(3376) file:///home/aman/Desktop/ExpendiShare] Document changed: file:///home/aman/Desktop/ExpendiShare/html/dashboard.html
[Server(3375) file:///home/aman/Desktop/ExpendiShare] Document changed: file:///home/aman/Desktop/ExpendiShare/html/dashboard.html
[Server(3376) file:///home/aman/Desktop/ExpendiShare] Document changed: file:///home/aman/Desktop/ExpendiShare/html/dashboard.html
[Server(3375) file:///home/aman/Desktop/ExpendiShare] Document changed: file:///home/aman/Desktop/ExpendiShare/html/dashboard.html
[Server(3376) file:///home/aman/Desktop/ExpendiShare] Document changed: file:///home/aman/Desktop/ExpendiShare/html/dashboard.html
[Server(3375) file:///home/aman/Desktop/ExpendiShare] Document changed: file:///home/aman/Desktop/ExpendiShare/html/dashboard.html
[Server(3376) file:///home/aman/Desktop/ExpendiShare] Document changed: file:///home/aman/Desktop/ExpendiShare/html/dashboard.html
[Server(3375) file:///home/aman/Desktop/ExpendiShare] Document changed: file:///home/aman/Desktop/ExpendiShare/html/dashboard.html
[Server(3376) file:///home/aman/Desktop/ExpendiShare] Document changed: file:///home/aman/Desktop/ExpendiShare/html/dashboard.html
[Server(3375) file:///home/aman/Desktop/ExpendiShare] Document changed: file:///home/aman/Desktop/ExpendiShare/html/dashboard.html
[Server(3376) file:///home/aman/Desktop/ExpendiShare] Document changed: file:///home/aman/Desktop/ExpendiShare/html/dashboard.html
[Server(3375) file:///home/aman/Desktop/ExpendiShare] Document changed: file:///home/aman/Desktop/ExpendiShare/html/dashboard.html
[Server(3376) file:///home/aman/Desktop/ExpendiShare] Document changed: file:///home/aman/Desktop/ExpendiShare/html/dashboard.html
[Server(3375) file:///home/aman/Desktop/ExpendiShare] Document changed: file:///home/aman/Desktop/ExpendiShare/html/dashboard.html
[Server(3376) file:///home/aman/Desktop/ExpendiShare] Document changed: file:///home/aman/Desktop/ExpendiShare/html/dashboard.html
[Server(3375) file:///home/aman/Desktop/ExpendiShare] Document changed: file:///home/aman/Desktop/ExpendiShare/html/dashboard.html
[Server(3376) file:///home/aman/Desktop/ExpendiShare] Document changed: file:///home/aman/Desktop/ExpendiShare/html/dashboard.html
[Server(3375) file:///home/aman/Desktop/ExpendiShare] Document changed: file:///home/aman/Desktop/ExpendiShare/html/dashboard.html
[Server(3376) file:///home/aman/Desktop/ExpendiShare] Document changed: file:///home/aman/Desktop/ExpendiShare/html/dashboard.html
[Server(3375) file:///home/aman/Desktop/ExpendiShare] Document changed: file:///home/aman/Desktop/ExpendiShare/html/dashboard.html
[Server(3376) file:///home/aman/Desktop/ExpendiShare] Document changed: file:///home/aman/Desktop/ExpendiShare/html/dashboard.html
[Server(3375) file:///home/aman/Desktop/ExpendiShare] Document changed: file:///home/aman/Desktop/ExpendiShare/html/dashboard.html
[Server(3376) file:///home/aman/Desktop/ExpendiShare] Document changed: file:///home/aman/Desktop/ExpendiShare/html/dashboard.html
[Server(3375) file:///home/aman/Desktop/ExpendiShare] Document changed: file:///home/aman/Desktop/ExpendiShare/html/dashboard.html
[Server(3376) file:///home/aman/Desktop/ExpendiShare] Document changed: file:///home/aman/Desktop/ExpendiShare/html/dashboard.html
[Server(3375) file:///home/aman/Desktop/ExpendiShare] Document changed: file:///home/aman/Desktop/ExpendiShare/html/dashboard.html
[Server(3375) file:///home/aman/Desktop/ExpendiShare] Document changed: file:///home/aman/Desktop/ExpendiShare/html/dashboard.html
[Server(3376) file:///home/aman/Desktop/ExpendiShare] Document changed: file:///home/aman/Desktop/ExpendiShare/html/dashboard.html
[Server(3376) file:///home/aman/Desktop/ExpendiShare] Document changed: file:///home/aman/Desktop/ExpendiShare/html/dashboard.html
[Server(3375) file:///home/aman/Desktop/ExpendiShare] Document changed: file:///home/aman/Desktop/ExpendiShare/html/dashboard.html
[Server(3376) file:///home/aman/Desktop/ExpendiShare] Document changed: file:///home/aman/Desktop/ExpendiShare/html/dashboard.html
[Server(3375) file:///home/aman/Desktop/ExpendiShare] Document changed: file:///home/aman/Desktop/ExpendiShare/html/dashboard.html
[Server(3376) file:///home/aman/Desktop/ExpendiShare] Document opened: file:///home/aman/Desktop/ExpendiShare/php2/email_invite.php
[Server(3375) file:///home/aman/Desktop/ExpendiShare] Document opened: file:///home/aman/Desktop/ExpendiShare/php2/email_invite.php
[Server(3376) file:///home/aman/Desktop/ExpendiShare] Document changed: file:///home/aman/Desktop/ExpendiShare/php2/email_invite.php
[Server(3375) file:///home/aman/Desktop/ExpendiShare] Document changed: file:///home/aman/Desktop/ExpendiShare/php2/email_invite.php
Found CSS selector of type null and value h3
Found CSS selector of type null and value h3
Searching for symbol
Found 25 symbols in file:///home/aman/Desktop/ExpendiShare/css/main.css
Found 9 symbols in file:///home/aman/Desktop/ExpendiShare/css/dash.css
Found 21 symbols in file:///home/aman/Desktop/ExpendiShare/css/login.css
Found 0 symbols in file:///home/aman/Desktop/ExpendiShare/PHP/Database/test.css
Searching for symbol
Found 25 symbols in file:///home/aman/Desktop/ExpendiShare/css/main.css
Found 9 symbols in file:///home/aman/Desktop/ExpendiShare/css/dash.css
Found 21 symbols in file:///home/aman/Desktop/ExpendiShare/css/login.css
Found 0 symbols in file:///home/aman/Desktop/ExpendiShare/PHP/Database/test.css
[Server(3376) file:///home/aman/Desktop/ExpendiShare] Document changed: file:///home/aman/Desktop/ExpendiShare/html/dashboard.html
[Server(3375) file:///home/aman/Desktop/ExpendiShare] Document changed: file:///home/aman/Desktop/ExpendiShare/html/dashboard.html
[Server(3376) file:///home/aman/Desktop/ExpendiShare] Document changed: file:///home/aman/Desktop/ExpendiShare/html/dashboard.html
[Server(3375) file:///home/aman/Desktop/ExpendiShare] Document changed: file:///home/aman/Desktop/ExpendiShare/html/dashboard.html
[Server(3376) file:///home/aman/Desktop/ExpendiShare] Document changed: file:///home/aman/Desktop/ExpendiShare/html/dashboard.html
[Server(3375) file:///home/aman/Desktop/ExpendiShare] Document changed: file:///home/aman/Desktop/ExpendiShare/html/dashboard.html
[Server(3375) file:///home/aman/Desktop/ExpendiShare] Document changed: file:///home/aman/Desktop/ExpendiShare/html/dashboard.html
[Server(3376) file:///home/aman/Desktop/ExpendiShare] Document changed: file:///home/aman/Desktop/ExpendiShare/html/dashboard.html
[Server(3376) file:///home/aman/Desktop/ExpendiShare] Document changed: file:///home/aman/Desktop/ExpendiShare/html/dashboard.html
[Server(3375) file:///home/aman/Desktop/ExpendiShare] Document changed: file:///home/aman/Desktop/ExpendiShare/html/dashboard.html
[Server(3375) file:///home/aman/Desktop/ExpendiShare] Document changed: file:///home/aman/Desktop/ExpendiShare/html/dashboard.html
[Server(3376) file:///home/aman/Desktop/ExpendiShare] Document changed: file:///home/aman/Desktop/ExpendiShare/html/dashboard.html
[Server(3376) file:///home/aman/Desktop/ExpendiShare] Document changed: file:///home/aman/Desktop/ExpendiShare/html/dashboard.html
[Server(3375) file:///home/aman/Desktop/ExpendiShare] Document changed: file:///home/aman/Desktop/ExpendiShare/html/dashboard.html
[Server(3376) file:///home/aman/Desktop/ExpendiShare] Document changed: file:///home/aman/Desktop/ExpendiShare/html/dashboard.html
[Server(3375) file:///home/aman/Desktop/ExpendiShare] Document changed: file:///home/aman/Desktop/ExpendiShare/html/dashboard.html
[Server(3376) file:///home/aman/Desktop/ExpendiShare] Document changed: file:///home/aman/Desktop/ExpendiShare/html/dashboard.html
[Server(3375) file:///home/aman/Desktop/ExpendiShare] Document changed: file:///home/aman/Desktop/ExpendiShare/html/dashboard.html
[Server(3376) file:///home/aman/Desktop/ExpendiShare] Document changed: file:///home/aman/Desktop/ExpendiShare/html/dashboard.html
[Server(3375) file:///home/aman/Desktop/ExpendiShare] Document changed: file:///home/aman/Desktop/ExpendiShare/html/dashboard.html
[Server(3376) file:///home/aman/Desktop/ExpendiShare] Document changed: file:///home/aman/Desktop/ExpendiShare/html/dashboard.html
[Server(3375) file:///home/aman/Desktop/ExpendiShare] Document changed: file:///home/aman/Desktop/ExpendiShare/html/dashboard.html
[Server(3376) file:///home/aman/Desktop/ExpendiShare] Document changed: file:///home/aman/Desktop/ExpendiShare/html/dashboard.html
[Server(3375) file:///home/aman/Desktop/ExpendiShare] Document changed: file:///home/aman/Desktop/ExpendiShare/html/dashboard.html
[Server(3376) file:///home/aman/Desktop/ExpendiShare] Document changed: file:///home/aman/Desktop/ExpendiShare/html/dashboard.html
[Server(3375) file:///home/aman/Desktop/ExpendiShare] Document changed: file:///home/aman/Desktop/ExpendiShare/html/dashboard.html
[Server(3376) file:///home/aman/Desktop/ExpendiShare] Document changed: file:///home/aman/Desktop/ExpendiShare/html/dashboard.html
[Server(3375) file:///home/aman/Desktop/ExpendiShare] Document changed: file:///home/aman/Desktop/ExpendiShare/html/dashboard.html
[Server(3376) file:///home/aman/Desktop/ExpendiShare] Document changed: file:///home/aman/Desktop/ExpendiShare/html/dashboard.html
[Server(3375) file:///home/aman/Desktop/ExpendiShare] Document changed: file:///home/aman/Desktop/ExpendiShare/html/dashboard.html
[Server(3376) file:///home/aman/Desktop/ExpendiShare] Document changed: file:///home/aman/Desktop/ExpendiShare/html/dashboard.html
[Server(3375) file:///home/aman/Desktop/ExpendiShare] Document changed: file:///home/aman/Desktop/ExpendiShare/html/dashboard.html
[Server(3376) file:///home/aman/Desktop/ExpendiShare] Document changed: file:///home/aman/Desktop/ExpendiShare/html/dashboard.html
[Server(3375) file:///home/aman/Desktop/ExpendiShare] Document changed: file:///home/aman/Desktop/ExpendiShare/html/dashboard.html
[Server(3376) file:///home/aman/Desktop/ExpendiShare] Document changed: file:///home/aman/Desktop/ExpendiShare/html/dashboard.html
[Server(3375) file:///home/aman/Desktop/ExpendiShare] Document changed: file:///home/aman/Desktop/ExpendiShare/html/dashboard.html
[Server(3376) file:///home/aman/Desktop/ExpendiShare] Document changed: file:///home/aman/Desktop/ExpendiShare/html/dashboard.html
[Server(3375) file:///home/aman/Desktop/ExpendiShare] Document changed: file:///home/aman/Desktop/ExpendiShare/html/dashboard.html
[Server(3376) file:///home/aman/Desktop/ExpendiShare] Document changed: file:///home/aman/Desktop/ExpendiShare/html/dashboard.html
[Server(3375) file:///home/aman/Desktop/ExpendiShare] Document changed: file:///home/aman/Desktop/ExpendiShare/html/dashboard.html
[Server(3376) file:///home/aman/Desktop/ExpendiShare] Document changed: file:///home/aman/Desktop/ExpendiShare/html/dashboard.html
[Server(3375) file:///home/aman/Desktop/ExpendiShare] Document changed: file:///home/aman/Desktop/ExpendiShare/html/dashboard.html
[Server(3376) file:///home/aman/Desktop/ExpendiShare] Document changed: file:///home/aman/Desktop/ExpendiShare/html/dashboard.html
[Server(3375) file:///home/aman/Desktop/ExpendiShare] Document changed: file:///home/aman/Desktop/ExpendiShare/html/dashboard.html
[Server(3376) file:///home/aman/Desktop/ExpendiShare] Document changed: file:///home/aman/Desktop/ExpendiShare/html/dashboard.html
[Server(3375) file:///home/aman/Desktop/ExpendiShare] Document changed: file:///home/aman/Desktop/ExpendiShare/html/dashboard.html
[Server(3376) file:///home/aman/Desktop/ExpendiShare] Document changed: file:///home/aman/Desktop/ExpendiShare/html/dashboard.html
[Server(3375) file:///home/aman/Desktop/ExpendiShare] Document changed: file:///home/aman/Desktop/ExpendiShare/html/dashboard.html
[Server(3376) file:///home/aman/Desktop/ExpendiShare] Document changed: file:///home/aman/Desktop/ExpendiShare/html/dashboard.html
[Server(3375) file:///home/aman/Desktop/ExpendiShare] Document changed: file:///home/aman/Desktop/ExpendiShare/html/dashboard.html
[Server(3376) file:///home/aman/Desktop/ExpendiShare] Document changed: file:///home/aman/Desktop/ExpendiShare/html/dashboard.html
[Server(3375) file:///home/aman/Desktop/ExpendiShare] Document changed: file:///home/aman/Desktop/ExpendiShare/html/dashboard.html
Invalid Selector...
Invalid Selector...
[Server(3376) file:///home/aman/Desktop/ExpendiShare] Document changed: file:///home/aman/Desktop/ExpendiShare/html/dashboard.html
[Server(3375) file:///home/aman/Desktop/ExpendiShare] Document changed: file:///home/aman/Desktop/ExpendiShare/html/dashboard.html
Found CSS selector of type class and value active
Found CSS selector of type class and value active
Searching for symbol
Searching for symbol
Found 25 symbols in file:///home/aman/Desktop/ExpendiShare/css/main.css
Found 25 symbols in file:///home/aman/Desktop/ExpendiShare/css/main.css
Found 9 symbols in file:///home/aman/Desktop/ExpendiShare/css/dash.css
Found 9 symbols in file:///home/aman/Desktop/ExpendiShare/css/dash.css
Found 21 symbols in file:///home/aman/Desktop/ExpendiShare/css/login.css
Found 21 symbols in file:///home/aman/Desktop/ExpendiShare/css/login.css
Found 0 symbols in file:///home/aman/Desktop/ExpendiShare/PHP/Database/test.css
Found 0 symbols in file:///home/aman/Desktop/ExpendiShare/PHP/Database/test.css
[Server(3376) file:///home/aman/Desktop/ExpendiShare] Document changed: file:///home/aman/Desktop/ExpendiShare/html/dashboard.html
[Server(3375) file:///home/aman/Desktop/ExpendiShare] Document changed: file:///home/aman/Desktop/ExpendiShare/html/dashboard.html
[Server(3376) file:///home/aman/Desktop/ExpendiShare] Document changed: file:///home/aman/Desktop/ExpendiShare/html/dashboard.html
[Server(3375) file:///home/aman/Desktop/ExpendiShare] Document changed: file:///home/aman/Desktop/ExpendiShare/html/dashboard.html
[Server(3376) file:///home/aman/Desktop/ExpendiShare] Document changed: file:///home/aman/Desktop/ExpendiShare/html/dashboard.html
[Server(3375) file:///home/aman/Desktop/ExpendiShare] Document changed: file:///home/aman/Desktop/ExpendiShare/html/dashboard.html
[Server(3376) file:///home/aman/Desktop/ExpendiShare] Document changed: file:///home/aman/Desktop/ExpendiShare/html/dashboard.html
[Server(3375) file:///home/aman/Desktop/ExpendiShare] Document changed: file:///home/aman/Desktop/ExpendiShare/html/dashboard.html
[Server(3376) file:///home/aman/Desktop/ExpendiShare] Document changed: file:///home/aman/Desktop/ExpendiShare/html/dashboard.html
[Server(3375) file:///home/aman/Desktop/ExpendiShare] Document changed: file:///home/aman/Desktop/ExpendiShare/html/dashboard.html
[Server(3376) file:///home/aman/Desktop/ExpendiShare] Document changed: file:///home/aman/Desktop/ExpendiShare/html/dashboard.html
[Server(3375) file:///home/aman/Desktop/ExpendiShare] Document changed: file:///home/aman/Desktop/ExpendiShare/html/dashboard.html
[Server(3376) file:///home/aman/Desktop/ExpendiShare] Document changed: file:///home/aman/Desktop/ExpendiShare/html/dashboard.html
[Server(3375) file:///home/aman/Desktop/ExpendiShare] Document changed: file:///home/aman/Desktop/ExpendiShare/html/dashboard.html
[Server(3376) file:///home/aman/Desktop/ExpendiShare] Document changed: file:///home/aman/Desktop/ExpendiShare/html/dashboard.html
[Server(3375) file:///home/aman/Desktop/ExpendiShare] Document changed: file:///home/aman/Desktop/ExpendiShare/html/dashboard.html
[Server(3376) file:///home/aman/Desktop/ExpendiShare] Document changed: file:///home/aman/Desktop/ExpendiShare/html/dashboard.html
[Server(3375) file:///home/aman/Desktop/ExpendiShare] Document changed: file:///home/aman/Desktop/ExpendiShare/html/dashboard.html
[Server(3376) file:///home/aman/Desktop/ExpendiShare] Document changed: file:///home/aman/Desktop/ExpendiShare/html/dashboard.html
[Server(3375) file:///home/aman/Desktop/ExpendiShare] Document changed: file:///home/aman/Desktop/ExpendiShare/html/dashboard.html
[Server(3376) file:///home/aman/Desktop/ExpendiShare] Document changed: file:///home/aman/Desktop/ExpendiShare/html/dashboard.html
[Server(3375) file:///home/aman/Desktop/ExpendiShare] Document changed: file:///home/aman/Desktop/ExpendiShare/html/dashboard.html
[Server(3376) file:///home/aman/Desktop/ExpendiShare] Document changed: file:///home/aman/Desktop/ExpendiShare/html/dashboard.html
[Server(3375) file:///home/aman/Desktop/ExpendiShare] Document changed: file:///home/aman/Desktop/ExpendiShare/html/dashboard.html
[Server(3376) file:///home/aman/Desktop/ExpendiShare] Document changed: file:///home/aman/Desktop/ExpendiShare/html/dashboard.html
[Server(3375) file:///home/aman/Desktop/ExpendiShare] Document changed: file:///home/aman/Desktop/ExpendiShare/html/dashboard.html
[Server(3376) file:///home/aman/Desktop/ExpendiShare] Document changed: file:///home/aman/Desktop/ExpendiShare/html/dashboard.html
[Server(3375) file:///home/aman/Desktop/ExpendiShare] Document changed: file:///home/aman/Desktop/ExpendiShare/html/dashboard.html
[Server(3376) file:///home/aman/Desktop/ExpendiShare] Document changed: file:///home/aman/Desktop/ExpendiShare/html/dashboard.html
[Server(3375) file:///home/aman/Desktop/ExpendiShare] Document changed: file:///home/aman/Desktop/ExpendiShare/html/dashboard.html
[Server(3376) file:///home/aman/Desktop/ExpendiShare] Document changed: file:///home/aman/Desktop/ExpendiShare/html/dashboard.html
[Server(3375) file:///home/aman/Desktop/ExpendiShare] Document changed: file:///home/aman/Desktop/ExpendiShare/html/dashboard.html
[Server(3376) file:///home/aman/Desktop/ExpendiShare] Document changed: file:///home/aman/Desktop/ExpendiShare/html/dashboard.html
[Server(3375) file:///home/aman/Desktop/ExpendiShare] Document changed: file:///home/aman/Desktop/ExpendiShare/html/dashboard.html
[Server(3376) file:///home/aman/Desktop/ExpendiShare] Document changed: file:///home/aman/Desktop/ExpendiShare/html/dashboard.html
[Server(3375) file:///home/aman/Desktop/ExpendiShare] Document changed: file:///home/aman/Desktop/ExpendiShare/html/dashboard.html
[Server(3376) file:///home/aman/Desktop/ExpendiShare] Document changed: file:///home/aman/Desktop/ExpendiShare/html/dashboard.html
[Server(3375) file:///home/aman/Desktop/ExpendiShare] Document changed: file:///home/aman/Desktop/ExpendiShare/html/dashboard.html
[Server(3376) file:///home/aman/Desktop/ExpendiShare] Document changed: file:///home/aman/Desktop/ExpendiShare/html/dashboard.html
[Server(3375) file:///home/aman/Desktop/ExpendiShare] Document changed: file:///home/aman/Desktop/ExpendiShare/html/dashboard.html
[Server(3376) file:///home/aman/Desktop/ExpendiShare] Document changed: file:///home/aman/Desktop/ExpendiShare/html/dashboard.html
[Server(3375) file:///home/aman/Desktop/ExpendiShare] Document changed: file:///home/aman/Desktop/ExpendiShare/html/dashboard.html
[Server(3376) file:///home/aman/Desktop/ExpendiShare] Document changed: file:///home/aman/Desktop/ExpendiShare/html/dashboard.html
[Server(3375) file:///home/aman/Desktop/ExpendiShare] Document changed: file:///home/aman/Desktop/ExpendiShare/html/dashboard.html
[Server(3376) file:///home/aman/Desktop/ExpendiShare] Document changed: file:///home/aman/Desktop/ExpendiShare/html/dashboard.html
[Server(3375) file:///home/aman/Desktop/ExpendiShare] Document changed: file:///home/aman/Desktop/ExpendiShare/html/dashboard.html
[Server(3376) file:///home/aman/Desktop/ExpendiShare] Document changed: file:///home/aman/Desktop/ExpendiShare/html/dashboard.html
[Server(3375) file:///home/aman/Desktop/ExpendiShare] Document changed: file:///home/aman/Desktop/ExpendiShare/html/dashboard.html
[Server(3376) file:///home/aman/Desktop/ExpendiShare] Document changed: file:///home/aman/Desktop/ExpendiShare/html/dashboard.html
[Server(3375) file:///home/aman/Desktop/ExpendiShare] Document changed: file:///home/aman/Desktop/ExpendiShare/html/dashboard.html
[Server(3376) file:///home/aman/Desktop/ExpendiShare] Document changed: file:///home/aman/Desktop/ExpendiShare/html/dashboard.html
[Server(3375) file:///home/aman/Desktop/ExpendiShare] Document changed: file:///home/aman/Desktop/ExpendiShare/html/dashboard.html
[Server(3376) file:///home/aman/Desktop/ExpendiShare] Document changed: file:///home/aman/Desktop/ExpendiShare/html/dashboard.html
[Server(3375) file:///home/aman/Desktop/ExpendiShare] Document changed: file:///home/aman/Desktop/ExpendiShare/html/dashboard.html
[Server(3376) file:///home/aman/Desktop/ExpendiShare] Document changed: file:///home/aman/Desktop/ExpendiShare/html/dashboard.html
[Server(3375) file:///home/aman/Desktop/ExpendiShare] Document changed: file:///home/aman/Desktop/ExpendiShare/html/dashboard.html
[Server(3376) file:///home/aman/Desktop/ExpendiShare] Document changed: file:///home/aman/Desktop/ExpendiShare/html/dashboard.html
[Server(3375) file:///home/aman/Desktop/ExpendiShare] Document changed: file:///home/aman/Desktop/ExpendiShare/html/dashboard.html
[Server(3376) file:///home/aman/Desktop/ExpendiShare] Document changed: file:///home/aman/Desktop/ExpendiShare/html/dashboard.html
[Server(3375) file:///home/aman/Desktop/ExpendiShare] Document changed: file:///home/aman/Desktop/ExpendiShare/html/dashboard.html
[Server(3376) file:///home/aman/Desktop/ExpendiShare] Document changed: file:///home/aman/Desktop/ExpendiShare/html/dashboard.html
[Server(3375) file:///home/aman/Desktop/ExpendiShare] Document changed: file:///home/aman/Desktop/ExpendiShare/html/dashboard.html
[Server(3376) file:///home/aman/Desktop/ExpendiShare] Document changed: file:///home/aman/Desktop/ExpendiShare/html/dashboard.html
[Server(3375) file:///home/aman/Desktop/ExpendiShare] Document changed: file:///home/aman/Desktop/ExpendiShare/html/dashboard.html
[Server(3376) file:///home/aman/Desktop/ExpendiShare] Document changed: file:///home/aman/Desktop/ExpendiShare/html/dashboard.html
[Server(3375) file:///home/aman/Desktop/ExpendiShare] Document changed: file:///home/aman/Desktop/ExpendiShare/html/dashboard.html
[Server(3376) file:///home/aman/Desktop/ExpendiShare] Document changed: file:///home/aman/Desktop/ExpendiShare/html/dashboard.html
[Server(3375) file:///home/aman/Desktop/ExpendiShare] Document changed: file:///home/aman/Desktop/ExpendiShare/html/dashboard.html
[Server(3376) file:///home/aman/Desktop/ExpendiShare] Document changed: file:///home/aman/Desktop/ExpendiShare/html/dashboard.html
[Server(3375) file:///home/aman/Desktop/ExpendiShare] Document changed: file:///home/aman/Desktop/ExpendiShare/html/dashboard.html
[Server(3376) file:///home/aman/Desktop/ExpendiShare] Document changed: file:///home/aman/Desktop/ExpendiShare/html/dashboard.html
[Server(3375) file:///home/aman/Desktop/ExpendiShare] Document changed: file:///home/aman/Desktop/ExpendiShare/html/dashboard.html
[Server(3376) file:///home/aman/Desktop/ExpendiShare] Document changed: file:///home/aman/Desktop/ExpendiShare/html/dashboard.html
[Server(3375) file:///home/aman/Desktop/ExpendiShare] Document changed: file:///home/aman/Desktop/ExpendiShare/html/dashboard.html
[Server(3375) file:///home/aman/Desktop/ExpendiShare] Document changed: file:///home/aman/Desktop/ExpendiShare/html/dashboard.html
[Server(3376) file:///home/aman/Desktop/ExpendiShare] Document changed: file:///home/aman/Desktop/ExpendiShare/html/dashboard.html
[Server(3375) file:///home/aman/Desktop/ExpendiShare] Document changed: file:///home/aman/Desktop/ExpendiShare/html/dashboard.html
[Server(3376) file:///home/aman/Desktop/ExpendiShare] Document changed: file:///home/aman/Desktop/ExpendiShare/html/dashboard.html
[Server(3376) file:///home/aman/Desktop/ExpendiShare] Document changed: file:///home/aman/Desktop/ExpendiShare/html/dashboard.html
[Server(3375) file:///home/aman/Desktop/ExpendiShare] Document changed: file:///home/aman/Desktop/ExpendiShare/html/dashboard.html
