[2019-09-20 09:17:25.066] [exthost] [info] extension host started
[2019-09-20 09:17:25.110] [exthost] [info] ExtensionService#_doActivateExtension vscode.php-language-features {"startup":false,"activationEvent":"onLanguage:php"}
[2019-09-20 09:17:25.110] [exthost] [info] ExtensionService#loadCommonJSModule file:///usr/share/code/resources/app/extensions/php-language-features/dist/phpMain
[2019-09-20 09:17:25.125] [exthost] [info] ExtensionService#_doActivateExtension ecmel.vscode-html-css {"startup":false,"activationEvent":"onLanguage:php"}
[2019-09-20 09:17:25.125] [exthost] [info] ExtensionService#loadCommonJSModule file:///home/harshit/.vscode/extensions/ecmel.vscode-html-css-0.2.3/dist/extension
[2019-09-20 09:17:25.272] [exthost] [info] ExtensionService#_doActivateExtension felixfbecker.php-intellisense {"startup":false,"activationEvent":"onLanguage:php"}
[2019-09-20 09:17:25.272] [exthost] [info] ExtensionService#loadCommonJSModule file:///home/harshit/.vscode/extensions/felixfbecker.php-intellisense-2.3.12/out/extension
[2019-09-20 09:17:25.348] [exthost] [info] ExtensionService#_doActivateExtension vscode.debug-auto-launch {"startup":true,"activationEvent":"*"}
[2019-09-20 09:17:25.348] [exthost] [info] ExtensionService#loadCommonJSModule file:///usr/share/code/resources/app/extensions/debug-auto-launch/dist/extension
[2019-09-20 09:17:25.351] [exthost] [info] ExtensionService#_doActivateExtension vscode.emmet {"startup":true,"activationEvent":"*"}
[2019-09-20 09:17:25.351] [exthost] [info] ExtensionService#loadCommonJSModule file:///usr/share/code/resources/app/extensions/emmet/dist/extension
[2019-09-20 09:17:25.400] [exthost] [info] ExtensionService#_doActivateExtension vscode.git {"startup":true,"activationEvent":"*"}
[2019-09-20 09:17:25.400] [exthost] [info] ExtensionService#loadCommonJSModule file:///usr/share/code/resources/app/extensions/git/dist/main
[2019-09-20 09:17:25.512] [exthost] [info] ExtensionService#_doActivateExtension vscode.merge-conflict {"startup":true,"activationEvent":"*"}
[2019-09-20 09:17:25.512] [exthost] [info] ExtensionService#loadCommonJSModule file:///usr/share/code/resources/app/extensions/merge-conflict/dist/extension
[2019-09-20 09:17:25.519] [exthost] [info] ExtensionService#_doActivateExtension CoenraadS.bracket-pair-colorizer {"startup":true,"activationEvent":"*"}
[2019-09-20 09:17:25.519] [exthost] [info] ExtensionService#loadCommonJSModule file:///home/harshit/.vscode/extensions/coenraads.bracket-pair-colorizer-1.0.61/out/src/extension
[2019-09-20 09:17:25.542] [exthost] [info] ExtensionService#_doActivateExtension Equinusocio.vsc-material-theme {"startup":true,"activationEvent":"*"}
[2019-09-20 09:17:25.542] [exthost] [info] ExtensionService#loadCommonJSModule file:///home/harshit/.vscode/extensions/equinusocio.vsc-material-theme-30.0.0/out/src/material.theme.config
[2019-09-20 09:17:25.553] [exthost] [info] ExtensionService#_doActivateExtension ms-vscode.cpptools {"startup":true,"activationEvent":"*"}
[2019-09-20 09:17:25.553] [exthost] [info] ExtensionService#loadCommonJSModule file:///home/harshit/.vscode/extensions/ms-vscode.cpptools-0.25.1/dist/main
[2019-09-20 09:17:25.750] [exthost] [info] ExtensionService#_doActivateExtension PKief.material-icon-theme {"startup":true,"activationEvent":"*"}
[2019-09-20 09:17:25.750] [exthost] [info] ExtensionService#loadCommonJSModule file:///home/harshit/.vscode/extensions/pkief.material-icon-theme-3.9.0/dist/extension
[2019-09-20 09:17:25.770] [exthost] [info] ExtensionService#_doActivateExtension ritwickdey.LiveServer {"startup":true,"activationEvent":"*"}
[2019-09-20 09:17:25.771] [exthost] [info] ExtensionService#loadCommonJSModule file:///home/harshit/.vscode/extensions/ritwickdey.liveserver-5.6.1/out/src/extension
[2019-09-20 09:17:26.466] [exthost] [info] eager extensions activated
[2019-09-20 09:18:06.256] [exthost] [info] ExtensionService#_doActivateExtension vscode.typescript-language-features {"startup":false,"activationEvent":"onLanguage:javascript"}
[2019-09-20 09:18:06.256] [exthost] [info] ExtensionService#loadCommonJSModule file:///usr/share/code/resources/app/extensions/typescript-language-features/dist/extension
[2019-09-20 09:18:06.622] [exthost] [info] ExtensionService#_doActivateExtension ms-vscode.vscode-typescript-tslint-plugin {"startup":false,"activationEvent":"onLanguage:javascript"}
[2019-09-20 09:18:06.622] [exthost] [info] ExtensionService#loadCommonJSModule file:///home/harshit/.vscode/extensions/ms-vscode.vscode-typescript-tslint-plugin-1.2.2/out/index.js
[2019-09-20 09:18:06.925] [exthost] [info] ExtensionService#_doActivateExtension VisualStudioExptTeam.vscodeintellicode {"startup":false,"activationEvent":"onLanguage:javascript"}
[2019-09-20 09:18:06.925] [exthost] [info] ExtensionService#loadCommonJSModule file:///home/harshit/.vscode/extensions/visualstudioexptteam.vscodeintellicode-1.1.9/dist/intellicode
[2019-09-20 09:18:42.741] [exthost] [info] ExtensionService#_doActivateExtension vscode.extension-editing {"startup":false,"activationEvent":"onLanguage:typescript"}
[2019-09-20 09:18:42.742] [exthost] [info] ExtensionService#loadCommonJSModule file:///usr/share/code/resources/app/extensions/extension-editing/dist/extension
[2019-09-20 10:44:08.832] [exthost] [info] ExtensionService#_doActivateExtension vscode.css-language-features {"startup":false,"activationEvent":"onLanguage:css"}
[2019-09-20 10:44:08.832] [exthost] [info] ExtensionService#loadCommonJSModule file:///usr/share/code/resources/app/extensions/css-language-features/client/dist/cssMain
[2019-09-20 10:46:19.593] [exthost] [info] ExtensionService#_doActivateExtension vscode.html-language-features {"startup":false,"activationEvent":"onLanguage:html"}
[2019-09-20 10:46:19.593] [exthost] [info] ExtensionService#loadCommonJSModule file:///usr/share/code/resources/app/extensions/html-language-features/client/dist/htmlMain
