[2019-09-08 21:12:56.523] [exthost] [info] extension host started
[2019-09-08 21:12:56.538] [exthost] [info] ExtensionService#_doActivateExtension aaron-bond.better-comments {"startup":false,"activationEvent":"onLanguage:plaintext"}
[2019-09-08 21:12:56.539] [exthost] [info] ExtensionService#loadCommonJSModule file:///home/aman/.vscode/extensions/aaron-bond.better-comments-2.0.5/out/extension
[2019-09-08 21:12:56.631] [exthost] [info] ExtensionService#_doActivateExtension vscode.css-language-features {"startup":false,"activationEvent":"onLanguage:css"}
[2019-09-08 21:12:56.631] [exthost] [info] ExtensionService#loadCommonJSModule file:///usr/share/code/resources/app/extensions/css-language-features/client/dist/cssMain
[2019-09-08 21:12:56.727] [exthost] [info] ExtensionService#_doActivateExtension vscode.emmet {"startup":false,"activationEvent":"onLanguage:css"}
[2019-09-08 21:12:56.727] [exthost] [info] ExtensionService#loadCommonJSModule file:///usr/share/code/resources/app/extensions/emmet/dist/extension
[2019-09-08 21:12:56.903] [exthost] [info] ExtensionService#_doActivateExtension vscode.html-language-features {"startup":false,"activationEvent":"onLanguage:html"}
[2019-09-08 21:12:56.903] [exthost] [info] ExtensionService#loadCommonJSModule file:///usr/share/code/resources/app/extensions/html-language-features/client/dist/htmlMain
[2019-09-08 21:12:57.007] [exthost] [info] ExtensionService#_doActivateExtension vscode.debug-auto-launch {"startup":true,"activationEvent":"*"}
[2019-09-08 21:12:57.007] [exthost] [info] ExtensionService#loadCommonJSModule file:///usr/share/code/resources/app/extensions/debug-auto-launch/dist/extension
[2019-09-08 21:12:57.013] [exthost] [info] ExtensionService#_doActivateExtension vscode.git {"startup":true,"activationEvent":"*"}
[2019-09-08 21:12:57.013] [exthost] [info] ExtensionService#loadCommonJSModule file:///usr/share/code/resources/app/extensions/git/dist/main
[2019-09-08 21:12:57.147] [exthost] [info] ExtensionService#_doActivateExtension vscode.merge-conflict {"startup":true,"activationEvent":"*"}
[2019-09-08 21:12:57.147] [exthost] [info] ExtensionService#loadCommonJSModule file:///usr/share/code/resources/app/extensions/merge-conflict/dist/extension
[2019-09-08 21:12:57.163] [exthost] [info] ExtensionService#_doActivateExtension alefragnani.project-manager {"startup":true,"activationEvent":"*"}
[2019-09-08 21:12:57.163] [exthost] [info] ExtensionService#loadCommonJSModule file:///home/aman/.vscode/extensions/alefragnani.project-manager-10.7.0/dist/extension
[2019-09-08 21:12:57.174] [exthost] [info] ExtensionService#_doActivateExtension christian-kohler.path-intellisense {"startup":true,"activationEvent":"*"}
[2019-09-08 21:12:57.174] [exthost] [info] ExtensionService#loadCommonJSModule file:///home/aman/.vscode/extensions/christian-kohler.path-intellisense-1.4.2/out/src/extension
[2019-09-08 21:12:57.260] [exthost] [info] ExtensionService#_doActivateExtension eamodio.gitlens {"startup":true,"activationEvent":"*"}
[2019-09-08 21:12:57.260] [exthost] [info] ExtensionService#loadCommonJSModule file:///home/aman/.vscode/extensions/eamodio.gitlens-9.9.3/dist/extension
[2019-09-08 21:12:57.445] [exthost] [info] ExtensionService#_doActivateExtension pranaygp.vscode-css-peek {"startup":true,"activationEvent":"*"}
[2019-09-08 21:12:57.445] [exthost] [info] ExtensionService#loadCommonJSModule file:///home/aman/.vscode/extensions/pranaygp.vscode-css-peek-3.0.2/out/client/src/extension
[2019-09-08 21:12:57.671] [exthost] [info] ExtensionService#_doActivateExtension ritwickdey.LiveServer {"startup":true,"activationEvent":"*"}
[2019-09-08 21:12:57.672] [exthost] [info] ExtensionService#loadCommonJSModule file:///home/aman/.vscode/extensions/ritwickdey.liveserver-5.6.1/out/src/extension
[2019-09-08 21:12:58.807] [exthost] [info] ExtensionService#_doActivateExtension Shan.code-settings-sync {"startup":true,"activationEvent":"*"}
[2019-09-08 21:12:58.808] [exthost] [info] ExtensionService#loadCommonJSModule file:///home/aman/.vscode/extensions/shan.code-settings-sync-3.4.2/out/extension.js
[2019-09-08 21:12:59.016] [exthost] [info] ExtensionService#_doActivateExtension softwaredotcom.swdc-vscode {"startup":true,"activationEvent":"*"}
[2019-09-08 21:12:59.016] [exthost] [info] ExtensionService#loadCommonJSModule file:///home/aman/.vscode/extensions/softwaredotcom.swdc-vscode-1.1.26/out/extension
[2019-09-08 21:13:00.393] [exthost] [info] ExtensionService#_doActivateExtension vscode-icons-team.vscode-icons {"startup":true,"activationEvent":"*"}
[2019-09-08 21:13:00.394] [exthost] [info] ExtensionService#loadCommonJSModule file:///home/aman/.vscode/extensions/vscode-icons-team.vscode-icons-9.3.0/dist/src/vscode-icons.bundle.js
[2019-09-08 21:13:00.516] [exthost] [info] eager extensions activated
[2019-09-08 21:13:12.838] [exthost] [info] ExtensionService#_doActivateExtension vscode.configuration-editing {"startup":false,"activationEvent":"onLanguage:jsonc"}
[2019-09-08 21:13:12.838] [exthost] [info] ExtensionService#loadCommonJSModule file:///usr/share/code/resources/app/extensions/configuration-editing/dist/extension
[2019-09-08 21:13:12.928] [exthost] [info] ExtensionService#_doActivateExtension vscode.json-language-features {"startup":false,"activationEvent":"onLanguage:jsonc"}
[2019-09-08 21:13:12.928] [exthost] [info] ExtensionService#loadCommonJSModule file:///usr/share/code/resources/app/extensions/json-language-features/client/dist/jsonMain
[2019-09-08 21:13:13.018] [exthost] [info] ExtensionService#_doActivateExtension vscode.typescript-language-features {"startup":false,"activationEvent":"onLanguage:jsonc"}
[2019-09-08 21:13:13.018] [exthost] [info] ExtensionService#loadCommonJSModule file:///usr/share/code/resources/app/extensions/typescript-language-features/dist/extension
[2019-09-08 21:41:29.828] [exthost] [info] ExtensionService#_doActivateExtension vscode.php-language-features {"startup":false,"activationEvent":"onLanguage:php"}
[2019-09-08 21:41:29.828] [exthost] [info] ExtensionService#loadCommonJSModule file:///usr/share/code/resources/app/extensions/php-language-features/dist/phpMain
