[Server(4648) file:///home/aman/Desktop/ExpendiShare] Started and initialize received
[Server(4647) file:///home/aman/Desktop/ExpendiShare] Started and initialize received
[Server(4647) file:///home/aman/Desktop/ExpendiShare] Setup a stylesheet lookup map
[Server(4648) file:///home/aman/Desktop/ExpendiShare] Setup a stylesheet lookup map
[Server(4647) file:///home/aman/Desktop/ExpendiShare] Document opened: file:///home/aman/Desktop/ExpendiShare/index.html
[Server(4647) file:///home/aman/Desktop/ExpendiShare] Document changed: file:///home/aman/Desktop/ExpendiShare/index.html
[Server(4647) file:///home/aman/Desktop/ExpendiShare] Document opened: file:///home/aman/Desktop/ExpendiShare/php2/connect.php
[Server(4647) file:///home/aman/Desktop/ExpendiShare] Document changed: file:///home/aman/Desktop/ExpendiShare/php2/connect.php
[Server(4648) file:///home/aman/Desktop/ExpendiShare] Document opened: file:///home/aman/Desktop/ExpendiShare/index.html
[Server(4648) file:///home/aman/Desktop/ExpendiShare] Document changed: file:///home/aman/Desktop/ExpendiShare/index.html
[Server(4648) file:///home/aman/Desktop/ExpendiShare] Document opened: file:///home/aman/Desktop/ExpendiShare/php2/connect.php
[Server(4648) file:///home/aman/Desktop/ExpendiShare] Document changed: file:///home/aman/Desktop/ExpendiShare/php2/connect.php
[Server(4647) file:///home/aman/Desktop/ExpendiShare] Document opened: file:///home/aman/Desktop/ExpendiShare/js/dashboard.js
[Server(4648) file:///home/aman/Desktop/ExpendiShare] Document opened: file:///home/aman/Desktop/ExpendiShare/js/dashboard.js
[Server(4647) file:///home/aman/Desktop/ExpendiShare] Document changed: file:///home/aman/Desktop/ExpendiShare/js/dashboard.js
[Server(4648) file:///home/aman/Desktop/ExpendiShare] Document changed: file:///home/aman/Desktop/ExpendiShare/js/dashboard.js
[Server(4648) file:///home/aman/Desktop/ExpendiShare] Document opened: file:///home/aman/Desktop/ExpendiShare/html/dashboard.html
[Server(4647) file:///home/aman/Desktop/ExpendiShare] Document opened: file:///home/aman/Desktop/ExpendiShare/html/dashboard.html
[Server(4648) file:///home/aman/Desktop/ExpendiShare] Document changed: file:///home/aman/Desktop/ExpendiShare/html/dashboard.html
[Server(4647) file:///home/aman/Desktop/ExpendiShare] Document changed: file:///home/aman/Desktop/ExpendiShare/html/dashboard.html
[Server(4647) file:///home/aman/Desktop/ExpendiShare] Document changed: file:///home/aman/Desktop/ExpendiShare/html/dashboard.html
[Server(4648) file:///home/aman/Desktop/ExpendiShare] Document changed: file:///home/aman/Desktop/ExpendiShare/html/dashboard.html
[Server(4647) file:///home/aman/Desktop/ExpendiShare] Document changed: file:///home/aman/Desktop/ExpendiShare/html/dashboard.html
[Server(4648) file:///home/aman/Desktop/ExpendiShare] Document changed: file:///home/aman/Desktop/ExpendiShare/html/dashboard.html
[Server(4647) file:///home/aman/Desktop/ExpendiShare] Document changed: file:///home/aman/Desktop/ExpendiShare/html/dashboard.html
[Server(4648) file:///home/aman/Desktop/ExpendiShare] Document changed: file:///home/aman/Desktop/ExpendiShare/html/dashboard.html
[Server(4648) file:///home/aman/Desktop/ExpendiShare] Document changed: file:///home/aman/Desktop/ExpendiShare/html/dashboard.html
[Server(4647) file:///home/aman/Desktop/ExpendiShare] Document changed: file:///home/aman/Desktop/ExpendiShare/html/dashboard.html
[Server(4647) file:///home/aman/Desktop/ExpendiShare] Document changed: file:///home/aman/Desktop/ExpendiShare/html/dashboard.html
[Server(4648) file:///home/aman/Desktop/ExpendiShare] Document changed: file:///home/aman/Desktop/ExpendiShare/html/dashboard.html
[Server(4647) file:///home/aman/Desktop/ExpendiShare] Document changed: file:///home/aman/Desktop/ExpendiShare/html/dashboard.html
[Server(4648) file:///home/aman/Desktop/ExpendiShare] Document changed: file:///home/aman/Desktop/ExpendiShare/html/dashboard.html
Found CSS selector of type class and value container
Found CSS selector of type class and value container
Searching for symbol
Found 25 symbols in file:///home/aman/Desktop/ExpendiShare/css/main.css
Found 2 symbols in file:///home/aman/Desktop/ExpendiShare/css/dash.css
Found 21 symbols in file:///home/aman/Desktop/ExpendiShare/css/login.css
Found 0 symbols in file:///home/aman/Desktop/ExpendiShare/PHP/Database/test.css
Searching for symbol
Found 25 symbols in file:///home/aman/Desktop/ExpendiShare/css/main.css
Found 2 symbols in file:///home/aman/Desktop/ExpendiShare/css/dash.css
Found 21 symbols in file:///home/aman/Desktop/ExpendiShare/css/login.css
Found 0 symbols in file:///home/aman/Desktop/ExpendiShare/PHP/Database/test.css
[Server(4647) file:///home/aman/Desktop/ExpendiShare] Document changed: file:///home/aman/Desktop/ExpendiShare/html/dashboard.html
[Server(4648) file:///home/aman/Desktop/ExpendiShare] Document changed: file:///home/aman/Desktop/ExpendiShare/html/dashboard.html
[Server(4647) file:///home/aman/Desktop/ExpendiShare] Document changed: file:///home/aman/Desktop/ExpendiShare/html/dashboard.html
[Server(4648) file:///home/aman/Desktop/ExpendiShare] Document changed: file:///home/aman/Desktop/ExpendiShare/html/dashboard.html
[Server(4647) file:///home/aman/Desktop/ExpendiShare] Document changed: file:///home/aman/Desktop/ExpendiShare/html/dashboard.html
[Server(4648) file:///home/aman/Desktop/ExpendiShare] Document changed: file:///home/aman/Desktop/ExpendiShare/html/dashboard.html
[Server(4647) file:///home/aman/Desktop/ExpendiShare] Document changed: file:///home/aman/Desktop/ExpendiShare/html/dashboard.html
[Server(4648) file:///home/aman/Desktop/ExpendiShare] Document changed: file:///home/aman/Desktop/ExpendiShare/html/dashboard.html
[Server(4647) file:///home/aman/Desktop/ExpendiShare] Document changed: file:///home/aman/Desktop/ExpendiShare/html/dashboard.html
[Server(4648) file:///home/aman/Desktop/ExpendiShare] Document changed: file:///home/aman/Desktop/ExpendiShare/html/dashboard.html
[Server(4647) file:///home/aman/Desktop/ExpendiShare] Document changed: file:///home/aman/Desktop/ExpendiShare/html/dashboard.html
[Server(4648) file:///home/aman/Desktop/ExpendiShare] Document changed: file:///home/aman/Desktop/ExpendiShare/html/dashboard.html
[Server(4647) file:///home/aman/Desktop/ExpendiShare] Document changed: file:///home/aman/Desktop/ExpendiShare/html/dashboard.html
[Server(4648) file:///home/aman/Desktop/ExpendiShare] Document changed: file:///home/aman/Desktop/ExpendiShare/html/dashboard.html
[Server(4647) file:///home/aman/Desktop/ExpendiShare] Document changed: file:///home/aman/Desktop/ExpendiShare/html/dashboard.html
[Server(4648) file:///home/aman/Desktop/ExpendiShare] Document changed: file:///home/aman/Desktop/ExpendiShare/html/dashboard.html
[Server(4647) file:///home/aman/Desktop/ExpendiShare] Document changed: file:///home/aman/Desktop/ExpendiShare/html/dashboard.html
[Server(4648) file:///home/aman/Desktop/ExpendiShare] Document changed: file:///home/aman/Desktop/ExpendiShare/html/dashboard.html
[Server(4647) file:///home/aman/Desktop/ExpendiShare] Document changed: file:///home/aman/Desktop/ExpendiShare/html/dashboard.html
[Server(4648) file:///home/aman/Desktop/ExpendiShare] Document changed: file:///home/aman/Desktop/ExpendiShare/html/dashboard.html
[Server(4647) file:///home/aman/Desktop/ExpendiShare] Document changed: file:///home/aman/Desktop/ExpendiShare/html/dashboard.html
[Server(4648) file:///home/aman/Desktop/ExpendiShare] Document changed: file:///home/aman/Desktop/ExpendiShare/html/dashboard.html
[Server(4647) file:///home/aman/Desktop/ExpendiShare] Document changed: file:///home/aman/Desktop/ExpendiShare/html/dashboard.html
[Server(4648) file:///home/aman/Desktop/ExpendiShare] Document changed: file:///home/aman/Desktop/ExpendiShare/html/dashboard.html
[Server(4647) file:///home/aman/Desktop/ExpendiShare] Document changed: file:///home/aman/Desktop/ExpendiShare/html/dashboard.html
[Server(4648) file:///home/aman/Desktop/ExpendiShare] Document changed: file:///home/aman/Desktop/ExpendiShare/html/dashboard.html
[Server(4647) file:///home/aman/Desktop/ExpendiShare] Document changed: file:///home/aman/Desktop/ExpendiShare/html/dashboard.html
[Server(4648) file:///home/aman/Desktop/ExpendiShare] Document changed: file:///home/aman/Desktop/ExpendiShare/html/dashboard.html
[Server(4647) file:///home/aman/Desktop/ExpendiShare] Document changed: file:///home/aman/Desktop/ExpendiShare/html/dashboard.html
[Server(4648) file:///home/aman/Desktop/ExpendiShare] Document changed: file:///home/aman/Desktop/ExpendiShare/html/dashboard.html
[Server(4647) file:///home/aman/Desktop/ExpendiShare] Document changed: file:///home/aman/Desktop/ExpendiShare/html/dashboard.html
[Server(4648) file:///home/aman/Desktop/ExpendiShare] Document changed: file:///home/aman/Desktop/ExpendiShare/html/dashboard.html
[Server(4647) file:///home/aman/Desktop/ExpendiShare] Document changed: file:///home/aman/Desktop/ExpendiShare/html/dashboard.html
[Server(4648) file:///home/aman/Desktop/ExpendiShare] Document changed: file:///home/aman/Desktop/ExpendiShare/html/dashboard.html
[Server(4647) file:///home/aman/Desktop/ExpendiShare] Document changed: file:///home/aman/Desktop/ExpendiShare/html/dashboard.html
[Server(4648) file:///home/aman/Desktop/ExpendiShare] Document changed: file:///home/aman/Desktop/ExpendiShare/html/dashboard.html
[Server(4647) file:///home/aman/Desktop/ExpendiShare] Document changed: file:///home/aman/Desktop/ExpendiShare/html/dashboard.html
[Server(4648) file:///home/aman/Desktop/ExpendiShare] Document changed: file:///home/aman/Desktop/ExpendiShare/html/dashboard.html
[Server(4647) file:///home/aman/Desktop/ExpendiShare] Document changed: file:///home/aman/Desktop/ExpendiShare/html/dashboard.html
[Server(4648) file:///home/aman/Desktop/ExpendiShare] Document changed: file:///home/aman/Desktop/ExpendiShare/html/dashboard.html
[Server(4647) file:///home/aman/Desktop/ExpendiShare] Document changed: file:///home/aman/Desktop/ExpendiShare/html/dashboard.html
[Server(4648) file:///home/aman/Desktop/ExpendiShare] Document changed: file:///home/aman/Desktop/ExpendiShare/html/dashboard.html
[Server(4647) file:///home/aman/Desktop/ExpendiShare] Document changed: file:///home/aman/Desktop/ExpendiShare/html/dashboard.html
[Server(4648) file:///home/aman/Desktop/ExpendiShare] Document changed: file:///home/aman/Desktop/ExpendiShare/html/dashboard.html
[Server(4647) file:///home/aman/Desktop/ExpendiShare] Document changed: file:///home/aman/Desktop/ExpendiShare/html/dashboard.html
[Server(4648) file:///home/aman/Desktop/ExpendiShare] Document changed: file:///home/aman/Desktop/ExpendiShare/html/dashboard.html
[Server(4647) file:///home/aman/Desktop/ExpendiShare] Document changed: file:///home/aman/Desktop/ExpendiShare/html/dashboard.html
[Server(4648) file:///home/aman/Desktop/ExpendiShare] Document changed: file:///home/aman/Desktop/ExpendiShare/html/dashboard.html
[Server(4647) file:///home/aman/Desktop/ExpendiShare] Document changed: file:///home/aman/Desktop/ExpendiShare/html/dashboard.html
[Server(4648) file:///home/aman/Desktop/ExpendiShare] Document changed: file:///home/aman/Desktop/ExpendiShare/html/dashboard.html
[Server(4647) file:///home/aman/Desktop/ExpendiShare] Document changed: file:///home/aman/Desktop/ExpendiShare/html/dashboard.html
[Server(4648) file:///home/aman/Desktop/ExpendiShare] Document changed: file:///home/aman/Desktop/ExpendiShare/html/dashboard.html
[Server(4647) file:///home/aman/Desktop/ExpendiShare] Document changed: file:///home/aman/Desktop/ExpendiShare/html/dashboard.html
[Server(4648) file:///home/aman/Desktop/ExpendiShare] Document changed: file:///home/aman/Desktop/ExpendiShare/html/dashboard.html
[Server(4647) file:///home/aman/Desktop/ExpendiShare] Document changed: file:///home/aman/Desktop/ExpendiShare/html/dashboard.html
[Server(4648) file:///home/aman/Desktop/ExpendiShare] Document changed: file:///home/aman/Desktop/ExpendiShare/html/dashboard.html
[Server(4647) file:///home/aman/Desktop/ExpendiShare] Document changed: file:///home/aman/Desktop/ExpendiShare/html/dashboard.html
[Server(4648) file:///home/aman/Desktop/ExpendiShare] Document changed: file:///home/aman/Desktop/ExpendiShare/html/dashboard.html
[Server(4647) file:///home/aman/Desktop/ExpendiShare] Document changed: file:///home/aman/Desktop/ExpendiShare/html/dashboard.html
[Server(4648) file:///home/aman/Desktop/ExpendiShare] Document changed: file:///home/aman/Desktop/ExpendiShare/html/dashboard.html
[Server(4648) file:///home/aman/Desktop/ExpendiShare] Document changed: file:///home/aman/Desktop/ExpendiShare/html/dashboard.html
[Server(4647) file:///home/aman/Desktop/ExpendiShare] Document changed: file:///home/aman/Desktop/ExpendiShare/html/dashboard.html
[Server(4647) file:///home/aman/Desktop/ExpendiShare] Document changed: file:///home/aman/Desktop/ExpendiShare/html/dashboard.html
[Server(4648) file:///home/aman/Desktop/ExpendiShare] Document changed: file:///home/aman/Desktop/ExpendiShare/html/dashboard.html
[Server(4647) file:///home/aman/Desktop/ExpendiShare] Document changed: file:///home/aman/Desktop/ExpendiShare/html/dashboard.html
[Server(4648) file:///home/aman/Desktop/ExpendiShare] Document changed: file:///home/aman/Desktop/ExpendiShare/html/dashboard.html
[Server(4647) file:///home/aman/Desktop/ExpendiShare] Document changed: file:///home/aman/Desktop/ExpendiShare/html/dashboard.html
[Server(4648) file:///home/aman/Desktop/ExpendiShare] Document changed: file:///home/aman/Desktop/ExpendiShare/html/dashboard.html
[Server(4647) file:///home/aman/Desktop/ExpendiShare] Document changed: file:///home/aman/Desktop/ExpendiShare/html/dashboard.html
[Server(4648) file:///home/aman/Desktop/ExpendiShare] Document changed: file:///home/aman/Desktop/ExpendiShare/html/dashboard.html
[Server(4647) file:///home/aman/Desktop/ExpendiShare] Document changed: file:///home/aman/Desktop/ExpendiShare/html/dashboard.html
[Server(4648) file:///home/aman/Desktop/ExpendiShare] Document changed: file:///home/aman/Desktop/ExpendiShare/html/dashboard.html
[Server(4648) file:///home/aman/Desktop/ExpendiShare] Document changed: file:///home/aman/Desktop/ExpendiShare/html/dashboard.html
[Server(4647) file:///home/aman/Desktop/ExpendiShare] Document changed: file:///home/aman/Desktop/ExpendiShare/html/dashboard.html
[Server(4647) file:///home/aman/Desktop/ExpendiShare] Document changed: file:///home/aman/Desktop/ExpendiShare/html/dashboard.html
[Server(4648) file:///home/aman/Desktop/ExpendiShare] Document changed: file:///home/aman/Desktop/ExpendiShare/html/dashboard.html
[Server(4647) file:///home/aman/Desktop/ExpendiShare] Document changed: file:///home/aman/Desktop/ExpendiShare/html/dashboard.html
[Server(4648) file:///home/aman/Desktop/ExpendiShare] Document changed: file:///home/aman/Desktop/ExpendiShare/html/dashboard.html
[Server(4647) file:///home/aman/Desktop/ExpendiShare] Document changed: file:///home/aman/Desktop/ExpendiShare/html/dashboard.html
[Server(4648) file:///home/aman/Desktop/ExpendiShare] Document changed: file:///home/aman/Desktop/ExpendiShare/html/dashboard.html
[Server(4647) file:///home/aman/Desktop/ExpendiShare] Document changed: file:///home/aman/Desktop/ExpendiShare/html/dashboard.html
[Server(4648) file:///home/aman/Desktop/ExpendiShare] Document changed: file:///home/aman/Desktop/ExpendiShare/html/dashboard.html
[Server(4647) file:///home/aman/Desktop/ExpendiShare] Document changed: file:///home/aman/Desktop/ExpendiShare/html/dashboard.html
[Server(4648) file:///home/aman/Desktop/ExpendiShare] Document changed: file:///home/aman/Desktop/ExpendiShare/html/dashboard.html
[Server(4647) file:///home/aman/Desktop/ExpendiShare] Document changed: file:///home/aman/Desktop/ExpendiShare/html/dashboard.html
[Server(4648) file:///home/aman/Desktop/ExpendiShare] Document changed: file:///home/aman/Desktop/ExpendiShare/html/dashboard.html
[Server(4647) file:///home/aman/Desktop/ExpendiShare] Document changed: file:///home/aman/Desktop/ExpendiShare/html/dashboard.html
[Server(4648) file:///home/aman/Desktop/ExpendiShare] Document changed: file:///home/aman/Desktop/ExpendiShare/html/dashboard.html
[Server(4647) file:///home/aman/Desktop/ExpendiShare] Document changed: file:///home/aman/Desktop/ExpendiShare/html/dashboard.html
[Server(4648) file:///home/aman/Desktop/ExpendiShare] Document changed: file:///home/aman/Desktop/ExpendiShare/html/dashboard.html
[Server(4647) file:///home/aman/Desktop/ExpendiShare] Document changed: file:///home/aman/Desktop/ExpendiShare/html/dashboard.html
[Server(4648) file:///home/aman/Desktop/ExpendiShare] Document changed: file:///home/aman/Desktop/ExpendiShare/html/dashboard.html
[Server(4647) file:///home/aman/Desktop/ExpendiShare] Document changed: file:///home/aman/Desktop/ExpendiShare/html/dashboard.html
[Server(4648) file:///home/aman/Desktop/ExpendiShare] Document changed: file:///home/aman/Desktop/ExpendiShare/html/dashboard.html
[Server(4647) file:///home/aman/Desktop/ExpendiShare] Document changed: file:///home/aman/Desktop/ExpendiShare/html/dashboard.html
[Server(4648) file:///home/aman/Desktop/ExpendiShare] Document changed: file:///home/aman/Desktop/ExpendiShare/html/dashboard.html
[Server(4647) file:///home/aman/Desktop/ExpendiShare] Document changed: file:///home/aman/Desktop/ExpendiShare/html/dashboard.html
[Server(4648) file:///home/aman/Desktop/ExpendiShare] Document changed: file:///home/aman/Desktop/ExpendiShare/html/dashboard.html
[Server(4647) file:///home/aman/Desktop/ExpendiShare] Document changed: file:///home/aman/Desktop/ExpendiShare/html/dashboard.html
[Server(4648) file:///home/aman/Desktop/ExpendiShare] Document changed: file:///home/aman/Desktop/ExpendiShare/html/dashboard.html
[Server(4647) file:///home/aman/Desktop/ExpendiShare] Document changed: file:///home/aman/Desktop/ExpendiShare/html/dashboard.html
[Server(4648) file:///home/aman/Desktop/ExpendiShare] Document changed: file:///home/aman/Desktop/ExpendiShare/html/dashboard.html
[Server(4647) file:///home/aman/Desktop/ExpendiShare] Document changed: file:///home/aman/Desktop/ExpendiShare/html/dashboard.html
[Server(4648) file:///home/aman/Desktop/ExpendiShare] Document changed: file:///home/aman/Desktop/ExpendiShare/html/dashboard.html
[Server(4647) file:///home/aman/Desktop/ExpendiShare] Document changed: file:///home/aman/Desktop/ExpendiShare/html/dashboard.html
[Server(4648) file:///home/aman/Desktop/ExpendiShare] Document changed: file:///home/aman/Desktop/ExpendiShare/html/dashboard.html
[Server(4647) file:///home/aman/Desktop/ExpendiShare] Document changed: file:///home/aman/Desktop/ExpendiShare/html/dashboard.html
[Server(4648) file:///home/aman/Desktop/ExpendiShare] Document changed: file:///home/aman/Desktop/ExpendiShare/html/dashboard.html
[Server(4647) file:///home/aman/Desktop/ExpendiShare] Document changed: file:///home/aman/Desktop/ExpendiShare/html/dashboard.html
[Server(4648) file:///home/aman/Desktop/ExpendiShare] Document changed: file:///home/aman/Desktop/ExpendiShare/html/dashboard.html
[Server(4647) file:///home/aman/Desktop/ExpendiShare] Document changed: file:///home/aman/Desktop/ExpendiShare/html/dashboard.html
[Server(4648) file:///home/aman/Desktop/ExpendiShare] Document changed: file:///home/aman/Desktop/ExpendiShare/html/dashboard.html
[Server(4647) file:///home/aman/Desktop/ExpendiShare] Document changed: file:///home/aman/Desktop/ExpendiShare/html/dashboard.html
[Server(4648) file:///home/aman/Desktop/ExpendiShare] Document changed: file:///home/aman/Desktop/ExpendiShare/html/dashboard.html
[Server(4647) file:///home/aman/Desktop/ExpendiShare] Document changed: file:///home/aman/Desktop/ExpendiShare/html/dashboard.html
[Server(4648) file:///home/aman/Desktop/ExpendiShare] Document changed: file:///home/aman/Desktop/ExpendiShare/html/dashboard.html
[Server(4647) file:///home/aman/Desktop/ExpendiShare] Document changed: file:///home/aman/Desktop/ExpendiShare/html/dashboard.html
[Server(4648) file:///home/aman/Desktop/ExpendiShare] Document changed: file:///home/aman/Desktop/ExpendiShare/html/dashboard.html
[Server(4648) file:///home/aman/Desktop/ExpendiShare] Document changed: file:///home/aman/Desktop/ExpendiShare/html/dashboard.html
[Server(4647) file:///home/aman/Desktop/ExpendiShare] Document changed: file:///home/aman/Desktop/ExpendiShare/html/dashboard.html
[Server(4647) file:///home/aman/Desktop/ExpendiShare] Document changed: file:///home/aman/Desktop/ExpendiShare/html/dashboard.html
[Server(4648) file:///home/aman/Desktop/ExpendiShare] Document changed: file:///home/aman/Desktop/ExpendiShare/html/dashboard.html
[Server(4647) file:///home/aman/Desktop/ExpendiShare] Document changed: file:///home/aman/Desktop/ExpendiShare/html/dashboard.html
[Server(4648) file:///home/aman/Desktop/ExpendiShare] Document changed: file:///home/aman/Desktop/ExpendiShare/html/dashboard.html
[Server(4647) file:///home/aman/Desktop/ExpendiShare] Document changed: file:///home/aman/Desktop/ExpendiShare/html/dashboard.html
[Server(4648) file:///home/aman/Desktop/ExpendiShare] Document changed: file:///home/aman/Desktop/ExpendiShare/html/dashboard.html
[Server(4647) file:///home/aman/Desktop/ExpendiShare] Document changed: file:///home/aman/Desktop/ExpendiShare/html/dashboard.html
[Server(4648) file:///home/aman/Desktop/ExpendiShare] Document changed: file:///home/aman/Desktop/ExpendiShare/html/dashboard.html
[Server(4647) file:///home/aman/Desktop/ExpendiShare] Document changed: file:///home/aman/Desktop/ExpendiShare/html/dashboard.html
[Server(4648) file:///home/aman/Desktop/ExpendiShare] Document changed: file:///home/aman/Desktop/ExpendiShare/html/dashboard.html
[Server(4647) file:///home/aman/Desktop/ExpendiShare] Document changed: file:///home/aman/Desktop/ExpendiShare/html/dashboard.html
[Server(4648) file:///home/aman/Desktop/ExpendiShare] Document changed: file:///home/aman/Desktop/ExpendiShare/html/dashboard.html
[Server(4647) file:///home/aman/Desktop/ExpendiShare] Document changed: file:///home/aman/Desktop/ExpendiShare/html/dashboard.html
[Server(4648) file:///home/aman/Desktop/ExpendiShare] Document changed: file:///home/aman/Desktop/ExpendiShare/html/dashboard.html
[Server(4647) file:///home/aman/Desktop/ExpendiShare] Document changed: file:///home/aman/Desktop/ExpendiShare/html/dashboard.html
[Server(4648) file:///home/aman/Desktop/ExpendiShare] Document changed: file:///home/aman/Desktop/ExpendiShare/html/dashboard.html
[Server(4648) file:///home/aman/Desktop/ExpendiShare] Document changed: file:///home/aman/Desktop/ExpendiShare/html/dashboard.html
[Server(4647) file:///home/aman/Desktop/ExpendiShare] Document changed: file:///home/aman/Desktop/ExpendiShare/html/dashboard.html
[Server(4647) file:///home/aman/Desktop/ExpendiShare] Document changed: file:///home/aman/Desktop/ExpendiShare/html/dashboard.html
[Server(4648) file:///home/aman/Desktop/ExpendiShare] Document changed: file:///home/aman/Desktop/ExpendiShare/html/dashboard.html
[Server(4647) file:///home/aman/Desktop/ExpendiShare] Document changed: file:///home/aman/Desktop/ExpendiShare/html/dashboard.html
[Server(4648) file:///home/aman/Desktop/ExpendiShare] Document changed: file:///home/aman/Desktop/ExpendiShare/html/dashboard.html
[Server(4647) file:///home/aman/Desktop/ExpendiShare] Document changed: file:///home/aman/Desktop/ExpendiShare/html/dashboard.html
[Server(4648) file:///home/aman/Desktop/ExpendiShare] Document changed: file:///home/aman/Desktop/ExpendiShare/html/dashboard.html
[Server(4647) file:///home/aman/Desktop/ExpendiShare] Document changed: file:///home/aman/Desktop/ExpendiShare/html/dashboard.html
[Server(4648) file:///home/aman/Desktop/ExpendiShare] Document changed: file:///home/aman/Desktop/ExpendiShare/html/dashboard.html
[Server(4647) file:///home/aman/Desktop/ExpendiShare] Document changed: file:///home/aman/Desktop/ExpendiShare/html/dashboard.html
[Server(4648) file:///home/aman/Desktop/ExpendiShare] Document changed: file:///home/aman/Desktop/ExpendiShare/html/dashboard.html
[Server(4647) file:///home/aman/Desktop/ExpendiShare] Document changed: file:///home/aman/Desktop/ExpendiShare/html/dashboard.html
[Server(4648) file:///home/aman/Desktop/ExpendiShare] Document changed: file:///home/aman/Desktop/ExpendiShare/html/dashboard.html
[Server(4647) file:///home/aman/Desktop/ExpendiShare] Document changed: file:///home/aman/Desktop/ExpendiShare/html/dashboard.html
[Server(4648) file:///home/aman/Desktop/ExpendiShare] Document changed: file:///home/aman/Desktop/ExpendiShare/html/dashboard.html
[Server(4647) file:///home/aman/Desktop/ExpendiShare] Document changed: file:///home/aman/Desktop/ExpendiShare/html/dashboard.html
[Server(4648) file:///home/aman/Desktop/ExpendiShare] Document changed: file:///home/aman/Desktop/ExpendiShare/html/dashboard.html
[Server(4647) file:///home/aman/Desktop/ExpendiShare] Document changed: file:///home/aman/Desktop/ExpendiShare/html/dashboard.html
[Server(4648) file:///home/aman/Desktop/ExpendiShare] Document changed: file:///home/aman/Desktop/ExpendiShare/html/dashboard.html
[Server(4647) file:///home/aman/Desktop/ExpendiShare] Document changed: file:///home/aman/Desktop/ExpendiShare/html/dashboard.html
[Server(4648) file:///home/aman/Desktop/ExpendiShare] Document changed: file:///home/aman/Desktop/ExpendiShare/html/dashboard.html
[Server(4647) file:///home/aman/Desktop/ExpendiShare] Document changed: file:///home/aman/Desktop/ExpendiShare/html/dashboard.html
[Server(4648) file:///home/aman/Desktop/ExpendiShare] Document changed: file:///home/aman/Desktop/ExpendiShare/html/dashboard.html
[Server(4647) file:///home/aman/Desktop/ExpendiShare] Document changed: file:///home/aman/Desktop/ExpendiShare/html/dashboard.html
[Server(4648) file:///home/aman/Desktop/ExpendiShare] Document changed: file:///home/aman/Desktop/ExpendiShare/html/dashboard.html
[Server(4647) file:///home/aman/Desktop/ExpendiShare] Document changed: file:///home/aman/Desktop/ExpendiShare/html/dashboard.html
[Server(4648) file:///home/aman/Desktop/ExpendiShare] Document changed: file:///home/aman/Desktop/ExpendiShare/html/dashboard.html
[Server(4647) file:///home/aman/Desktop/ExpendiShare] Document changed: file:///home/aman/Desktop/ExpendiShare/html/dashboard.html
[Server(4648) file:///home/aman/Desktop/ExpendiShare] Document changed: file:///home/aman/Desktop/ExpendiShare/html/dashboard.html
[Server(4647) file:///home/aman/Desktop/ExpendiShare] Document changed: file:///home/aman/Desktop/ExpendiShare/html/dashboard.html
[Server(4648) file:///home/aman/Desktop/ExpendiShare] Document changed: file:///home/aman/Desktop/ExpendiShare/html/dashboard.html
[Server(4647) file:///home/aman/Desktop/ExpendiShare] Document changed: file:///home/aman/Desktop/ExpendiShare/html/dashboard.html
[Server(4648) file:///home/aman/Desktop/ExpendiShare] Document changed: file:///home/aman/Desktop/ExpendiShare/html/dashboard.html
[Server(4647) file:///home/aman/Desktop/ExpendiShare] Document changed: file:///home/aman/Desktop/ExpendiShare/html/dashboard.html
[Server(4648) file:///home/aman/Desktop/ExpendiShare] Document changed: file:///home/aman/Desktop/ExpendiShare/html/dashboard.html
[Server(4647) file:///home/aman/Desktop/ExpendiShare] Document changed: file:///home/aman/Desktop/ExpendiShare/html/dashboard.html
[Server(4648) file:///home/aman/Desktop/ExpendiShare] Document changed: file:///home/aman/Desktop/ExpendiShare/html/dashboard.html
[Server(4647) file:///home/aman/Desktop/ExpendiShare] Document changed: file:///home/aman/Desktop/ExpendiShare/html/dashboard.html
[Server(4648) file:///home/aman/Desktop/ExpendiShare] Document changed: file:///home/aman/Desktop/ExpendiShare/html/dashboard.html
[Server(4647) file:///home/aman/Desktop/ExpendiShare] Document changed: file:///home/aman/Desktop/ExpendiShare/html/dashboard.html
[Server(4648) file:///home/aman/Desktop/ExpendiShare] Document changed: file:///home/aman/Desktop/ExpendiShare/html/dashboard.html
[Server(4647) file:///home/aman/Desktop/ExpendiShare] Document changed: file:///home/aman/Desktop/ExpendiShare/html/dashboard.html
[Server(4648) file:///home/aman/Desktop/ExpendiShare] Document changed: file:///home/aman/Desktop/ExpendiShare/html/dashboard.html
[Server(4647) file:///home/aman/Desktop/ExpendiShare] Document changed: file:///home/aman/Desktop/ExpendiShare/html/dashboard.html
[Server(4648) file:///home/aman/Desktop/ExpendiShare] Document changed: file:///home/aman/Desktop/ExpendiShare/html/dashboard.html
[Server(4647) file:///home/aman/Desktop/ExpendiShare] Document changed: file:///home/aman/Desktop/ExpendiShare/html/dashboard.html
[Server(4648) file:///home/aman/Desktop/ExpendiShare] Document changed: file:///home/aman/Desktop/ExpendiShare/html/dashboard.html
[Server(4647) file:///home/aman/Desktop/ExpendiShare] Document changed: file:///home/aman/Desktop/ExpendiShare/html/dashboard.html
[Server(4648) file:///home/aman/Desktop/ExpendiShare] Document changed: file:///home/aman/Desktop/ExpendiShare/html/dashboard.html
[Server(4647) file:///home/aman/Desktop/ExpendiShare] Document changed: file:///home/aman/Desktop/ExpendiShare/html/dashboard.html
[Server(4648) file:///home/aman/Desktop/ExpendiShare] Document changed: file:///home/aman/Desktop/ExpendiShare/html/dashboard.html
[Server(4647) file:///home/aman/Desktop/ExpendiShare] Document changed: file:///home/aman/Desktop/ExpendiShare/html/dashboard.html
[Server(4648) file:///home/aman/Desktop/ExpendiShare] Document changed: file:///home/aman/Desktop/ExpendiShare/html/dashboard.html
[Server(4647) file:///home/aman/Desktop/ExpendiShare] Document changed: file:///home/aman/Desktop/ExpendiShare/html/dashboard.html
[Server(4648) file:///home/aman/Desktop/ExpendiShare] Document changed: file:///home/aman/Desktop/ExpendiShare/html/dashboard.html
[Server(4647) file:///home/aman/Desktop/ExpendiShare] Document changed: file:///home/aman/Desktop/ExpendiShare/html/dashboard.html
[Server(4648) file:///home/aman/Desktop/ExpendiShare] Document changed: file:///home/aman/Desktop/ExpendiShare/html/dashboard.html
[Server(4647) file:///home/aman/Desktop/ExpendiShare] Document changed: file:///home/aman/Desktop/ExpendiShare/html/dashboard.html
[Server(4648) file:///home/aman/Desktop/ExpendiShare] Document changed: file:///home/aman/Desktop/ExpendiShare/html/dashboard.html
[Server(4647) file:///home/aman/Desktop/ExpendiShare] Document changed: file:///home/aman/Desktop/ExpendiShare/html/dashboard.html
[Server(4648) file:///home/aman/Desktop/ExpendiShare] Document changed: file:///home/aman/Desktop/ExpendiShare/html/dashboard.html
[Server(4647) file:///home/aman/Desktop/ExpendiShare] Document changed: file:///home/aman/Desktop/ExpendiShare/html/dashboard.html
[Server(4648) file:///home/aman/Desktop/ExpendiShare] Document changed: file:///home/aman/Desktop/ExpendiShare/html/dashboard.html
[Server(4647) file:///home/aman/Desktop/ExpendiShare] Document changed: file:///home/aman/Desktop/ExpendiShare/html/dashboard.html
[Server(4648) file:///home/aman/Desktop/ExpendiShare] Document changed: file:///home/aman/Desktop/ExpendiShare/html/dashboard.html
[Server(4647) file:///home/aman/Desktop/ExpendiShare] Document changed: file:///home/aman/Desktop/ExpendiShare/html/dashboard.html
[Server(4648) file:///home/aman/Desktop/ExpendiShare] Document changed: file:///home/aman/Desktop/ExpendiShare/html/dashboard.html
[Server(4647) file:///home/aman/Desktop/ExpendiShare] Document changed: file:///home/aman/Desktop/ExpendiShare/html/dashboard.html
[Server(4648) file:///home/aman/Desktop/ExpendiShare] Document changed: file:///home/aman/Desktop/ExpendiShare/html/dashboard.html
[Server(4647) file:///home/aman/Desktop/ExpendiShare] Document changed: file:///home/aman/Desktop/ExpendiShare/html/dashboard.html
[Server(4648) file:///home/aman/Desktop/ExpendiShare] Document changed: file:///home/aman/Desktop/ExpendiShare/html/dashboard.html
[Server(4647) file:///home/aman/Desktop/ExpendiShare] Document changed: file:///home/aman/Desktop/ExpendiShare/html/dashboard.html
[Server(4648) file:///home/aman/Desktop/ExpendiShare] Document changed: file:///home/aman/Desktop/ExpendiShare/html/dashboard.html
[Server(4647) file:///home/aman/Desktop/ExpendiShare] Document changed: file:///home/aman/Desktop/ExpendiShare/html/dashboard.html
[Server(4648) file:///home/aman/Desktop/ExpendiShare] Document changed: file:///home/aman/Desktop/ExpendiShare/html/dashboard.html
[Server(4647) file:///home/aman/Desktop/ExpendiShare] Document changed: file:///home/aman/Desktop/ExpendiShare/html/dashboard.html
[Server(4648) file:///home/aman/Desktop/ExpendiShare] Document changed: file:///home/aman/Desktop/ExpendiShare/html/dashboard.html
[Server(4647) file:///home/aman/Desktop/ExpendiShare] Document changed: file:///home/aman/Desktop/ExpendiShare/html/dashboard.html
[Server(4648) file:///home/aman/Desktop/ExpendiShare] Document changed: file:///home/aman/Desktop/ExpendiShare/html/dashboard.html
[Server(4647) file:///home/aman/Desktop/ExpendiShare] Document changed: file:///home/aman/Desktop/ExpendiShare/html/dashboard.html
[Server(4648) file:///home/aman/Desktop/ExpendiShare] Document changed: file:///home/aman/Desktop/ExpendiShare/html/dashboard.html
[Server(4648) file:///home/aman/Desktop/ExpendiShare] Document changed: file:///home/aman/Desktop/ExpendiShare/html/dashboard.html
[Server(4647) file:///home/aman/Desktop/ExpendiShare] Document changed: file:///home/aman/Desktop/ExpendiShare/html/dashboard.html
[Server(4647) file:///home/aman/Desktop/ExpendiShare] Document changed: file:///home/aman/Desktop/ExpendiShare/html/dashboard.html
[Server(4648) file:///home/aman/Desktop/ExpendiShare] Document changed: file:///home/aman/Desktop/ExpendiShare/html/dashboard.html
[Server(4647) file:///home/aman/Desktop/ExpendiShare] Document changed: file:///home/aman/Desktop/ExpendiShare/html/dashboard.html
[Server(4648) file:///home/aman/Desktop/ExpendiShare] Document changed: file:///home/aman/Desktop/ExpendiShare/html/dashboard.html
[Server(4647) file:///home/aman/Desktop/ExpendiShare] Document changed: file:///home/aman/Desktop/ExpendiShare/html/dashboard.html
[Server(4648) file:///home/aman/Desktop/ExpendiShare] Document changed: file:///home/aman/Desktop/ExpendiShare/html/dashboard.html
[Server(4647) file:///home/aman/Desktop/ExpendiShare] Document changed: file:///home/aman/Desktop/ExpendiShare/html/dashboard.html
[Server(4648) file:///home/aman/Desktop/ExpendiShare] Document changed: file:///home/aman/Desktop/ExpendiShare/html/dashboard.html
[Server(4647) file:///home/aman/Desktop/ExpendiShare] Document changed: file:///home/aman/Desktop/ExpendiShare/html/dashboard.html
[Server(4648) file:///home/aman/Desktop/ExpendiShare] Document changed: file:///home/aman/Desktop/ExpendiShare/html/dashboard.html
[Server(4647) file:///home/aman/Desktop/ExpendiShare] Document changed: file:///home/aman/Desktop/ExpendiShare/html/dashboard.html
[Server(4648) file:///home/aman/Desktop/ExpendiShare] Document changed: file:///home/aman/Desktop/ExpendiShare/html/dashboard.html
[Server(4647) file:///home/aman/Desktop/ExpendiShare] Document changed: file:///home/aman/Desktop/ExpendiShare/html/dashboard.html
[Server(4648) file:///home/aman/Desktop/ExpendiShare] Document changed: file:///home/aman/Desktop/ExpendiShare/html/dashboard.html
[Server(4647) file:///home/aman/Desktop/ExpendiShare] Document changed: file:///home/aman/Desktop/ExpendiShare/html/dashboard.html
[Server(4648) file:///home/aman/Desktop/ExpendiShare] Document changed: file:///home/aman/Desktop/ExpendiShare/html/dashboard.html
[Server(4647) file:///home/aman/Desktop/ExpendiShare] Document changed: file:///home/aman/Desktop/ExpendiShare/html/dashboard.html
[Server(4648) file:///home/aman/Desktop/ExpendiShare] Document changed: file:///home/aman/Desktop/ExpendiShare/html/dashboard.html
[Server(4647) file:///home/aman/Desktop/ExpendiShare] Document changed: file:///home/aman/Desktop/ExpendiShare/html/dashboard.html
[Server(4648) file:///home/aman/Desktop/ExpendiShare] Document changed: file:///home/aman/Desktop/ExpendiShare/html/dashboard.html
[Server(4647) file:///home/aman/Desktop/ExpendiShare] Document changed: file:///home/aman/Desktop/ExpendiShare/html/dashboard.html
[Server(4648) file:///home/aman/Desktop/ExpendiShare] Document changed: file:///home/aman/Desktop/ExpendiShare/html/dashboard.html
[Server(4647) file:///home/aman/Desktop/ExpendiShare] Document changed: file:///home/aman/Desktop/ExpendiShare/html/dashboard.html
[Server(4648) file:///home/aman/Desktop/ExpendiShare] Document changed: file:///home/aman/Desktop/ExpendiShare/html/dashboard.html
[Server(4647) file:///home/aman/Desktop/ExpendiShare] Document changed: file:///home/aman/Desktop/ExpendiShare/html/dashboard.html
[Server(4648) file:///home/aman/Desktop/ExpendiShare] Document changed: file:///home/aman/Desktop/ExpendiShare/html/dashboard.html
[Server(4647) file:///home/aman/Desktop/ExpendiShare] Document changed: file:///home/aman/Desktop/ExpendiShare/html/dashboard.html
[Server(4648) file:///home/aman/Desktop/ExpendiShare] Document changed: file:///home/aman/Desktop/ExpendiShare/html/dashboard.html
[Server(4647) file:///home/aman/Desktop/ExpendiShare] Document changed: file:///home/aman/Desktop/ExpendiShare/html/dashboard.html
[Server(4648) file:///home/aman/Desktop/ExpendiShare] Document changed: file:///home/aman/Desktop/ExpendiShare/html/dashboard.html
[Server(4647) file:///home/aman/Desktop/ExpendiShare] Document changed: file:///home/aman/Desktop/ExpendiShare/html/dashboard.html
[Server(4648) file:///home/aman/Desktop/ExpendiShare] Document changed: file:///home/aman/Desktop/ExpendiShare/html/dashboard.html
[Server(4647) file:///home/aman/Desktop/ExpendiShare] Document changed: file:///home/aman/Desktop/ExpendiShare/html/dashboard.html
[Server(4648) file:///home/aman/Desktop/ExpendiShare] Document changed: file:///home/aman/Desktop/ExpendiShare/html/dashboard.html
[Server(4647) file:///home/aman/Desktop/ExpendiShare] Document changed: file:///home/aman/Desktop/ExpendiShare/html/dashboard.html
[Server(4648) file:///home/aman/Desktop/ExpendiShare] Document changed: file:///home/aman/Desktop/ExpendiShare/html/dashboard.html
[Server(4647) file:///home/aman/Desktop/ExpendiShare] Document changed: file:///home/aman/Desktop/ExpendiShare/html/dashboard.html
[Server(4648) file:///home/aman/Desktop/ExpendiShare] Document changed: file:///home/aman/Desktop/ExpendiShare/html/dashboard.html
[Server(4647) file:///home/aman/Desktop/ExpendiShare] Document changed: file:///home/aman/Desktop/ExpendiShare/html/dashboard.html
[Server(4648) file:///home/aman/Desktop/ExpendiShare] Document changed: file:///home/aman/Desktop/ExpendiShare/html/dashboard.html
[Server(4647) file:///home/aman/Desktop/ExpendiShare] Document changed: file:///home/aman/Desktop/ExpendiShare/html/dashboard.html
[Server(4648) file:///home/aman/Desktop/ExpendiShare] Document changed: file:///home/aman/Desktop/ExpendiShare/html/dashboard.html
[Server(4647) file:///home/aman/Desktop/ExpendiShare] Document changed: file:///home/aman/Desktop/ExpendiShare/html/dashboard.html
[Server(4648) file:///home/aman/Desktop/ExpendiShare] Document changed: file:///home/aman/Desktop/ExpendiShare/html/dashboard.html
[Server(4647) file:///home/aman/Desktop/ExpendiShare] Document changed: file:///home/aman/Desktop/ExpendiShare/html/dashboard.html
[Server(4648) file:///home/aman/Desktop/ExpendiShare] Document changed: file:///home/aman/Desktop/ExpendiShare/html/dashboard.html
[Server(4647) file:///home/aman/Desktop/ExpendiShare] Document changed: file:///home/aman/Desktop/ExpendiShare/html/dashboard.html
[Server(4648) file:///home/aman/Desktop/ExpendiShare] Document changed: file:///home/aman/Desktop/ExpendiShare/html/dashboard.html
[Server(4647) file:///home/aman/Desktop/ExpendiShare] Document changed: file:///home/aman/Desktop/ExpendiShare/html/dashboard.html
[Server(4648) file:///home/aman/Desktop/ExpendiShare] Document changed: file:///home/aman/Desktop/ExpendiShare/html/dashboard.html
[Server(4647) file:///home/aman/Desktop/ExpendiShare] Document changed: file:///home/aman/Desktop/ExpendiShare/html/dashboard.html
[Server(4648) file:///home/aman/Desktop/ExpendiShare] Document changed: file:///home/aman/Desktop/ExpendiShare/html/dashboard.html
[Server(4647) file:///home/aman/Desktop/ExpendiShare] Document changed: file:///home/aman/Desktop/ExpendiShare/html/dashboard.html
[Server(4648) file:///home/aman/Desktop/ExpendiShare] Document changed: file:///home/aman/Desktop/ExpendiShare/html/dashboard.html
[Server(4647) file:///home/aman/Desktop/ExpendiShare] Document changed: file:///home/aman/Desktop/ExpendiShare/html/dashboard.html
[Server(4648) file:///home/aman/Desktop/ExpendiShare] Document changed: file:///home/aman/Desktop/ExpendiShare/html/dashboard.html
Invalid Selector...
Invalid Selector...
[Server(4647) file:///home/aman/Desktop/ExpendiShare] Document changed: file:///home/aman/Desktop/ExpendiShare/html/dashboard.html
[Server(4648) file:///home/aman/Desktop/ExpendiShare] Document changed: file:///home/aman/Desktop/ExpendiShare/html/dashboard.html
[Server(4647) file:///home/aman/Desktop/ExpendiShare] Document changed: file:///home/aman/Desktop/ExpendiShare/html/dashboard.html
[Server(4648) file:///home/aman/Desktop/ExpendiShare] Document changed: file:///home/aman/Desktop/ExpendiShare/html/dashboard.html
[Server(4647) file:///home/aman/Desktop/ExpendiShare] Document changed: file:///home/aman/Desktop/ExpendiShare/html/dashboard.html
[Server(4648) file:///home/aman/Desktop/ExpendiShare] Document changed: file:///home/aman/Desktop/ExpendiShare/html/dashboard.html
[Server(4647) file:///home/aman/Desktop/ExpendiShare] Document changed: file:///home/aman/Desktop/ExpendiShare/html/dashboard.html
[Server(4648) file:///home/aman/Desktop/ExpendiShare] Document changed: file:///home/aman/Desktop/ExpendiShare/html/dashboard.html
[Server(4647) file:///home/aman/Desktop/ExpendiShare] Document changed: file:///home/aman/Desktop/ExpendiShare/html/dashboard.html
[Server(4648) file:///home/aman/Desktop/ExpendiShare] Document changed: file:///home/aman/Desktop/ExpendiShare/html/dashboard.html
[Server(4647) file:///home/aman/Desktop/ExpendiShare] Document changed: file:///home/aman/Desktop/ExpendiShare/html/dashboard.html
[Server(4648) file:///home/aman/Desktop/ExpendiShare] Document changed: file:///home/aman/Desktop/ExpendiShare/html/dashboard.html
[Server(4647) file:///home/aman/Desktop/ExpendiShare] Document changed: file:///home/aman/Desktop/ExpendiShare/html/dashboard.html
[Server(4648) file:///home/aman/Desktop/ExpendiShare] Document changed: file:///home/aman/Desktop/ExpendiShare/html/dashboard.html
[Server(4647) file:///home/aman/Desktop/ExpendiShare] Document changed: file:///home/aman/Desktop/ExpendiShare/html/dashboard.html
[Server(4648) file:///home/aman/Desktop/ExpendiShare] Document changed: file:///home/aman/Desktop/ExpendiShare/html/dashboard.html
Found CSS selector of type null and value input
Found CSS selector of type null and value input
Searching for symbol
Found 25 symbols in file:///home/aman/Desktop/ExpendiShare/css/main.css
Found 2 symbols in file:///home/aman/Desktop/ExpendiShare/css/dash.css
Found 21 symbols in file:///home/aman/Desktop/ExpendiShare/css/login.css
Found 0 symbols in file:///home/aman/Desktop/ExpendiShare/PHP/Database/test.css
Searching for symbol
Found 25 symbols in file:///home/aman/Desktop/ExpendiShare/css/main.css
Found 2 symbols in file:///home/aman/Desktop/ExpendiShare/css/dash.css
Found 21 symbols in file:///home/aman/Desktop/ExpendiShare/css/login.css
Found 0 symbols in file:///home/aman/Desktop/ExpendiShare/PHP/Database/test.css
Found CSS selector of type null and value input
Found CSS selector of type null and value input
Searching for symbol
Found 25 symbols in file:///home/aman/Desktop/ExpendiShare/css/main.css
Searching for symbol
Found 2 symbols in file:///home/aman/Desktop/ExpendiShare/css/dash.css
Found 25 symbols in file:///home/aman/Desktop/ExpendiShare/css/main.css
Found 21 symbols in file:///home/aman/Desktop/ExpendiShare/css/login.css
Found 2 symbols in file:///home/aman/Desktop/ExpendiShare/css/dash.css
Found 0 symbols in file:///home/aman/Desktop/ExpendiShare/PHP/Database/test.css
Found 21 symbols in file:///home/aman/Desktop/ExpendiShare/css/login.css
Found 0 symbols in file:///home/aman/Desktop/ExpendiShare/PHP/Database/test.css
Invalid Selector...
Invalid Selector...
[Server(4647) file:///home/aman/Desktop/ExpendiShare] Document changed: file:///home/aman/Desktop/ExpendiShare/html/dashboard.html
[Server(4648) file:///home/aman/Desktop/ExpendiShare] Document changed: file:///home/aman/Desktop/ExpendiShare/html/dashboard.html
[Server(4647) file:///home/aman/Desktop/ExpendiShare] Document changed: file:///home/aman/Desktop/ExpendiShare/html/dashboard.html
[Server(4648) file:///home/aman/Desktop/ExpendiShare] Document changed: file:///home/aman/Desktop/ExpendiShare/html/dashboard.html
[Server(4647) file:///home/aman/Desktop/ExpendiShare] Document changed: file:///home/aman/Desktop/ExpendiShare/html/dashboard.html
[Server(4648) file:///home/aman/Desktop/ExpendiShare] Document changed: file:///home/aman/Desktop/ExpendiShare/html/dashboard.html
[Server(4647) file:///home/aman/Desktop/ExpendiShare] Document changed: file:///home/aman/Desktop/ExpendiShare/html/dashboard.html
[Server(4648) file:///home/aman/Desktop/ExpendiShare] Document changed: file:///home/aman/Desktop/ExpendiShare/html/dashboard.html
[Server(4647) file:///home/aman/Desktop/ExpendiShare] Document changed: file:///home/aman/Desktop/ExpendiShare/html/dashboard.html
[Server(4648) file:///home/aman/Desktop/ExpendiShare] Document changed: file:///home/aman/Desktop/ExpendiShare/html/dashboard.html
[Server(4647) file:///home/aman/Desktop/ExpendiShare] Document changed: file:///home/aman/Desktop/ExpendiShare/html/dashboard.html
[Server(4648) file:///home/aman/Desktop/ExpendiShare] Document changed: file:///home/aman/Desktop/ExpendiShare/html/dashboard.html
[Server(4647) file:///home/aman/Desktop/ExpendiShare] Document changed: file:///home/aman/Desktop/ExpendiShare/html/dashboard.html
[Server(4648) file:///home/aman/Desktop/ExpendiShare] Document changed: file:///home/aman/Desktop/ExpendiShare/html/dashboard.html
[Server(4647) file:///home/aman/Desktop/ExpendiShare] Document changed: file:///home/aman/Desktop/ExpendiShare/html/dashboard.html
[Server(4648) file:///home/aman/Desktop/ExpendiShare] Document changed: file:///home/aman/Desktop/ExpendiShare/html/dashboard.html
[Server(4647) file:///home/aman/Desktop/ExpendiShare] Document changed: file:///home/aman/Desktop/ExpendiShare/html/dashboard.html
[Server(4648) file:///home/aman/Desktop/ExpendiShare] Document changed: file:///home/aman/Desktop/ExpendiShare/html/dashboard.html
[Server(4647) file:///home/aman/Desktop/ExpendiShare] Document changed: file:///home/aman/Desktop/ExpendiShare/html/dashboard.html
[Server(4648) file:///home/aman/Desktop/ExpendiShare] Document changed: file:///home/aman/Desktop/ExpendiShare/html/dashboard.html
[Server(4647) file:///home/aman/Desktop/ExpendiShare] Document changed: file:///home/aman/Desktop/ExpendiShare/html/dashboard.html
[Server(4648) file:///home/aman/Desktop/ExpendiShare] Document changed: file:///home/aman/Desktop/ExpendiShare/html/dashboard.html
[Server(4647) file:///home/aman/Desktop/ExpendiShare] Document changed: file:///home/aman/Desktop/ExpendiShare/html/dashboard.html
[Server(4648) file:///home/aman/Desktop/ExpendiShare] Document changed: file:///home/aman/Desktop/ExpendiShare/html/dashboard.html
[Server(4647) file:///home/aman/Desktop/ExpendiShare] Document changed: file:///home/aman/Desktop/ExpendiShare/html/dashboard.html
[Server(4648) file:///home/aman/Desktop/ExpendiShare] Document changed: file:///home/aman/Desktop/ExpendiShare/html/dashboard.html
[Server(4647) file:///home/aman/Desktop/ExpendiShare] Document changed: file:///home/aman/Desktop/ExpendiShare/html/dashboard.html
[Server(4648) file:///home/aman/Desktop/ExpendiShare] Document changed: file:///home/aman/Desktop/ExpendiShare/html/dashboard.html
[Server(4647) file:///home/aman/Desktop/ExpendiShare] Document changed: file:///home/aman/Desktop/ExpendiShare/html/dashboard.html
[Server(4648) file:///home/aman/Desktop/ExpendiShare] Document changed: file:///home/aman/Desktop/ExpendiShare/html/dashboard.html
[Server(4647) file:///home/aman/Desktop/ExpendiShare] Document changed: file:///home/aman/Desktop/ExpendiShare/html/dashboard.html
[Server(4648) file:///home/aman/Desktop/ExpendiShare] Document changed: file:///home/aman/Desktop/ExpendiShare/html/dashboard.html
Invalid Selector...
Invalid Selector...
Invalid Selector...
Invalid Selector...
Invalid Selector...
Invalid Selector...
[Server(4647) file:///home/aman/Desktop/ExpendiShare] Document changed: file:///home/aman/Desktop/ExpendiShare/html/dashboard.html
[Server(4648) file:///home/aman/Desktop/ExpendiShare] Document changed: file:///home/aman/Desktop/ExpendiShare/html/dashboard.html
[Server(4647) file:///home/aman/Desktop/ExpendiShare] Document changed: file:///home/aman/Desktop/ExpendiShare/html/dashboard.html
[Server(4648) file:///home/aman/Desktop/ExpendiShare] Document changed: file:///home/aman/Desktop/ExpendiShare/html/dashboard.html
[Server(4647) file:///home/aman/Desktop/ExpendiShare] Document changed: file:///home/aman/Desktop/ExpendiShare/html/dashboard.html
[Server(4648) file:///home/aman/Desktop/ExpendiShare] Document changed: file:///home/aman/Desktop/ExpendiShare/html/dashboard.html
[Server(4647) file:///home/aman/Desktop/ExpendiShare] Document changed: file:///home/aman/Desktop/ExpendiShare/html/dashboard.html
[Server(4648) file:///home/aman/Desktop/ExpendiShare] Document changed: file:///home/aman/Desktop/ExpendiShare/html/dashboard.html
[Server(4647) file:///home/aman/Desktop/ExpendiShare] Document changed: file:///home/aman/Desktop/ExpendiShare/html/dashboard.html
[Server(4648) file:///home/aman/Desktop/ExpendiShare] Document changed: file:///home/aman/Desktop/ExpendiShare/html/dashboard.html
[Server(4647) file:///home/aman/Desktop/ExpendiShare] Document changed: file:///home/aman/Desktop/ExpendiShare/html/dashboard.html
[Server(4648) file:///home/aman/Desktop/ExpendiShare] Document changed: file:///home/aman/Desktop/ExpendiShare/html/dashboard.html
[Server(4647) file:///home/aman/Desktop/ExpendiShare] Document changed: file:///home/aman/Desktop/ExpendiShare/html/dashboard.html
[Server(4648) file:///home/aman/Desktop/ExpendiShare] Document changed: file:///home/aman/Desktop/ExpendiShare/html/dashboard.html
[Server(4647) file:///home/aman/Desktop/ExpendiShare] Document changed: file:///home/aman/Desktop/ExpendiShare/html/dashboard.html
[Server(4648) file:///home/aman/Desktop/ExpendiShare] Document changed: file:///home/aman/Desktop/ExpendiShare/html/dashboard.html
[Server(4647) file:///home/aman/Desktop/ExpendiShare] Document changed: file:///home/aman/Desktop/ExpendiShare/html/dashboard.html
[Server(4648) file:///home/aman/Desktop/ExpendiShare] Document changed: file:///home/aman/Desktop/ExpendiShare/html/dashboard.html
[Server(4647) file:///home/aman/Desktop/ExpendiShare] Document changed: file:///home/aman/Desktop/ExpendiShare/html/dashboard.html
[Server(4648) file:///home/aman/Desktop/ExpendiShare] Document changed: file:///home/aman/Desktop/ExpendiShare/html/dashboard.html
[Server(4647) file:///home/aman/Desktop/ExpendiShare] Document changed: file:///home/aman/Desktop/ExpendiShare/html/dashboard.html
[Server(4648) file:///home/aman/Desktop/ExpendiShare] Document changed: file:///home/aman/Desktop/ExpendiShare/html/dashboard.html
[Server(4647) file:///home/aman/Desktop/ExpendiShare] Document changed: file:///home/aman/Desktop/ExpendiShare/html/dashboard.html
[Server(4648) file:///home/aman/Desktop/ExpendiShare] Document changed: file:///home/aman/Desktop/ExpendiShare/html/dashboard.html
[Server(4647) file:///home/aman/Desktop/ExpendiShare] Document changed: file:///home/aman/Desktop/ExpendiShare/html/dashboard.html
[Server(4648) file:///home/aman/Desktop/ExpendiShare] Document changed: file:///home/aman/Desktop/ExpendiShare/html/dashboard.html
[Server(4647) file:///home/aman/Desktop/ExpendiShare] Document changed: file:///home/aman/Desktop/ExpendiShare/html/dashboard.html
[Server(4648) file:///home/aman/Desktop/ExpendiShare] Document changed: file:///home/aman/Desktop/ExpendiShare/html/dashboard.html
Found CSS selector of type null and value input
Found CSS selector of type null and value input
Searching for symbol
Found 25 symbols in file:///home/aman/Desktop/ExpendiShare/css/main.css
Found 2 symbols in file:///home/aman/Desktop/ExpendiShare/css/dash.css
Found 21 symbols in file:///home/aman/Desktop/ExpendiShare/css/login.css
Found 0 symbols in file:///home/aman/Desktop/ExpendiShare/PHP/Database/test.css
Searching for symbol
Found 25 symbols in file:///home/aman/Desktop/ExpendiShare/css/main.css
Found 2 symbols in file:///home/aman/Desktop/ExpendiShare/css/dash.css
Found 21 symbols in file:///home/aman/Desktop/ExpendiShare/css/login.css
Found 0 symbols in file:///home/aman/Desktop/ExpendiShare/PHP/Database/test.css
Invalid Selector...
Invalid Selector...
[Server(4647) file:///home/aman/Desktop/ExpendiShare] Document changed: file:///home/aman/Desktop/ExpendiShare/html/dashboard.html
[Server(4648) file:///home/aman/Desktop/ExpendiShare] Document changed: file:///home/aman/Desktop/ExpendiShare/html/dashboard.html
Found CSS selector of type null and value input
Found CSS selector of type null and value input
Searching for symbol
Found 25 symbols in file:///home/aman/Desktop/ExpendiShare/css/main.css
Found 2 symbols in file:///home/aman/Desktop/ExpendiShare/css/dash.css
Found 21 symbols in file:///home/aman/Desktop/ExpendiShare/css/login.css
Found 0 symbols in file:///home/aman/Desktop/ExpendiShare/PHP/Database/test.css
Searching for symbol
Found 25 symbols in file:///home/aman/Desktop/ExpendiShare/css/main.css
Found 2 symbols in file:///home/aman/Desktop/ExpendiShare/css/dash.css
Found 21 symbols in file:///home/aman/Desktop/ExpendiShare/css/login.css
Found 0 symbols in file:///home/aman/Desktop/ExpendiShare/PHP/Database/test.css
[Server(4647) file:///home/aman/Desktop/ExpendiShare] Document changed: file:///home/aman/Desktop/ExpendiShare/html/dashboard.html
[Server(4648) file:///home/aman/Desktop/ExpendiShare] Document changed: file:///home/aman/Desktop/ExpendiShare/html/dashboard.html
[Server(4647) file:///home/aman/Desktop/ExpendiShare] Document changed: file:///home/aman/Desktop/ExpendiShare/html/dashboard.html
[Server(4648) file:///home/aman/Desktop/ExpendiShare] Document changed: file:///home/aman/Desktop/ExpendiShare/html/dashboard.html
[Server(4647) file:///home/aman/Desktop/ExpendiShare] Document changed: file:///home/aman/Desktop/ExpendiShare/html/dashboard.html
[Server(4648) file:///home/aman/Desktop/ExpendiShare] Document changed: file:///home/aman/Desktop/ExpendiShare/html/dashboard.html
Invalid Selector...
Invalid Selector...
Invalid Selector...
Invalid Selector...
[Server(4647) file:///home/aman/Desktop/ExpendiShare] Document changed: file:///home/aman/Desktop/ExpendiShare/html/dashboard.html
[Server(4648) file:///home/aman/Desktop/ExpendiShare] Document changed: file:///home/aman/Desktop/ExpendiShare/html/dashboard.html
[Server(4647) file:///home/aman/Desktop/ExpendiShare] Document changed: file:///home/aman/Desktop/ExpendiShare/html/dashboard.html
[Server(4648) file:///home/aman/Desktop/ExpendiShare] Document changed: file:///home/aman/Desktop/ExpendiShare/html/dashboard.html
[Server(4647) file:///home/aman/Desktop/ExpendiShare] Document changed: file:///home/aman/Desktop/ExpendiShare/html/dashboard.html
[Server(4648) file:///home/aman/Desktop/ExpendiShare] Document changed: file:///home/aman/Desktop/ExpendiShare/html/dashboard.html
[Server(4647) file:///home/aman/Desktop/ExpendiShare] Document changed: file:///home/aman/Desktop/ExpendiShare/html/dashboard.html
[Server(4648) file:///home/aman/Desktop/ExpendiShare] Document changed: file:///home/aman/Desktop/ExpendiShare/html/dashboard.html
[Server(4647) file:///home/aman/Desktop/ExpendiShare] Document changed: file:///home/aman/Desktop/ExpendiShare/html/dashboard.html
[Server(4648) file:///home/aman/Desktop/ExpendiShare] Document changed: file:///home/aman/Desktop/ExpendiShare/html/dashboard.html
[Server(4647) file:///home/aman/Desktop/ExpendiShare] Document changed: file:///home/aman/Desktop/ExpendiShare/html/dashboard.html
[Server(4648) file:///home/aman/Desktop/ExpendiShare] Document changed: file:///home/aman/Desktop/ExpendiShare/html/dashboard.html
[Server(4647) file:///home/aman/Desktop/ExpendiShare] Document changed: file:///home/aman/Desktop/ExpendiShare/html/dashboard.html
[Server(4648) file:///home/aman/Desktop/ExpendiShare] Document changed: file:///home/aman/Desktop/ExpendiShare/html/dashboard.html
[Server(4647) file:///home/aman/Desktop/ExpendiShare] Document changed: file:///home/aman/Desktop/ExpendiShare/html/dashboard.html
[Server(4648) file:///home/aman/Desktop/ExpendiShare] Document changed: file:///home/aman/Desktop/ExpendiShare/html/dashboard.html
[Server(4647) file:///home/aman/Desktop/ExpendiShare] Document changed: file:///home/aman/Desktop/ExpendiShare/html/dashboard.html
[Server(4648) file:///home/aman/Desktop/ExpendiShare] Document changed: file:///home/aman/Desktop/ExpendiShare/html/dashboard.html
[Server(4647) file:///home/aman/Desktop/ExpendiShare] Document changed: file:///home/aman/Desktop/ExpendiShare/html/dashboard.html
[Server(4648) file:///home/aman/Desktop/ExpendiShare] Document changed: file:///home/aman/Desktop/ExpendiShare/html/dashboard.html
[Server(4647) file:///home/aman/Desktop/ExpendiShare] Document changed: file:///home/aman/Desktop/ExpendiShare/html/dashboard.html
[Server(4648) file:///home/aman/Desktop/ExpendiShare] Document changed: file:///home/aman/Desktop/ExpendiShare/html/dashboard.html
[Server(4647) file:///home/aman/Desktop/ExpendiShare] Document opened: file:///home/aman/Desktop/ExpendiShare/html/login.html
[Server(4648) file:///home/aman/Desktop/ExpendiShare] Document opened: file:///home/aman/Desktop/ExpendiShare/html/login.html
[Server(4647) file:///home/aman/Desktop/ExpendiShare] Document changed: file:///home/aman/Desktop/ExpendiShare/html/login.html
[Server(4648) file:///home/aman/Desktop/ExpendiShare] Document changed: file:///home/aman/Desktop/ExpendiShare/html/login.html
[Server(4647) file:///home/aman/Desktop/ExpendiShare] Document changed: file:///home/aman/Desktop/ExpendiShare/html/dashboard.html
[Server(4648) file:///home/aman/Desktop/ExpendiShare] Document changed: file:///home/aman/Desktop/ExpendiShare/html/dashboard.html
[Server(4647) file:///home/aman/Desktop/ExpendiShare] Document changed: file:///home/aman/Desktop/ExpendiShare/html/dashboard.html
[Server(4648) file:///home/aman/Desktop/ExpendiShare] Document changed: file:///home/aman/Desktop/ExpendiShare/html/dashboard.html
[Server(4647) file:///home/aman/Desktop/ExpendiShare] Document changed: file:///home/aman/Desktop/ExpendiShare/html/dashboard.html
[Server(4648) file:///home/aman/Desktop/ExpendiShare] Document changed: file:///home/aman/Desktop/ExpendiShare/html/dashboard.html
[Server(4647) file:///home/aman/Desktop/ExpendiShare] Document changed: file:///home/aman/Desktop/ExpendiShare/html/dashboard.html
[Server(4648) file:///home/aman/Desktop/ExpendiShare] Document changed: file:///home/aman/Desktop/ExpendiShare/html/dashboard.html
[Server(4647) file:///home/aman/Desktop/ExpendiShare] Document changed: file:///home/aman/Desktop/ExpendiShare/html/dashboard.html
[Server(4648) file:///home/aman/Desktop/ExpendiShare] Document changed: file:///home/aman/Desktop/ExpendiShare/html/dashboard.html
[Server(4647) file:///home/aman/Desktop/ExpendiShare] Document changed: file:///home/aman/Desktop/ExpendiShare/html/dashboard.html
[Server(4648) file:///home/aman/Desktop/ExpendiShare] Document changed: file:///home/aman/Desktop/ExpendiShare/html/dashboard.html
Invalid Selector...
Invalid Selector...
[Server(4647) file:///home/aman/Desktop/ExpendiShare] Document changed: file:///home/aman/Desktop/ExpendiShare/html/dashboard.html
[Server(4648) file:///home/aman/Desktop/ExpendiShare] Document changed: file:///home/aman/Desktop/ExpendiShare/html/dashboard.html
[Server(4647) file:///home/aman/Desktop/ExpendiShare] Document changed: file:///home/aman/Desktop/ExpendiShare/html/dashboard.html
[Server(4648) file:///home/aman/Desktop/ExpendiShare] Document changed: file:///home/aman/Desktop/ExpendiShare/html/dashboard.html
[Server(4647) file:///home/aman/Desktop/ExpendiShare] Document changed: file:///home/aman/Desktop/ExpendiShare/html/dashboard.html
[Server(4648) file:///home/aman/Desktop/ExpendiShare] Document changed: file:///home/aman/Desktop/ExpendiShare/html/dashboard.html
[Server(4647) file:///home/aman/Desktop/ExpendiShare] Document changed: file:///home/aman/Desktop/ExpendiShare/html/dashboard.html
[Server(4648) file:///home/aman/Desktop/ExpendiShare] Document changed: file:///home/aman/Desktop/ExpendiShare/html/dashboard.html
[Server(4647) file:///home/aman/Desktop/ExpendiShare] Document changed: file:///home/aman/Desktop/ExpendiShare/html/dashboard.html
[Server(4648) file:///home/aman/Desktop/ExpendiShare] Document changed: file:///home/aman/Desktop/ExpendiShare/html/dashboard.html
[Server(4647) file:///home/aman/Desktop/ExpendiShare] Document changed: file:///home/aman/Desktop/ExpendiShare/html/dashboard.html
[Server(4648) file:///home/aman/Desktop/ExpendiShare] Document changed: file:///home/aman/Desktop/ExpendiShare/html/dashboard.html
[Server(4647) file:///home/aman/Desktop/ExpendiShare] Document changed: file:///home/aman/Desktop/ExpendiShare/html/dashboard.html
[Server(4648) file:///home/aman/Desktop/ExpendiShare] Document changed: file:///home/aman/Desktop/ExpendiShare/html/dashboard.html
[Server(4647) file:///home/aman/Desktop/ExpendiShare] Document changed: file:///home/aman/Desktop/ExpendiShare/html/dashboard.html
[Server(4648) file:///home/aman/Desktop/ExpendiShare] Document changed: file:///home/aman/Desktop/ExpendiShare/html/dashboard.html
[Server(4647) file:///home/aman/Desktop/ExpendiShare] Document changed: file:///home/aman/Desktop/ExpendiShare/html/dashboard.html
[Server(4648) file:///home/aman/Desktop/ExpendiShare] Document changed: file:///home/aman/Desktop/ExpendiShare/html/dashboard.html
[Server(4647) file:///home/aman/Desktop/ExpendiShare] Document changed: file:///home/aman/Desktop/ExpendiShare/html/dashboard.html
[Server(4648) file:///home/aman/Desktop/ExpendiShare] Document changed: file:///home/aman/Desktop/ExpendiShare/html/dashboard.html
[Server(4647) file:///home/aman/Desktop/ExpendiShare] Document changed: file:///home/aman/Desktop/ExpendiShare/html/dashboard.html
[Server(4648) file:///home/aman/Desktop/ExpendiShare] Document changed: file:///home/aman/Desktop/ExpendiShare/html/dashboard.html
[Server(4647) file:///home/aman/Desktop/ExpendiShare] Document changed: file:///home/aman/Desktop/ExpendiShare/html/dashboard.html
[Server(4648) file:///home/aman/Desktop/ExpendiShare] Document changed: file:///home/aman/Desktop/ExpendiShare/html/dashboard.html
[Server(4647) file:///home/aman/Desktop/ExpendiShare] Document changed: file:///home/aman/Desktop/ExpendiShare/html/dashboard.html
[Server(4648) file:///home/aman/Desktop/ExpendiShare] Document changed: file:///home/aman/Desktop/ExpendiShare/html/dashboard.html
[Server(4647) file:///home/aman/Desktop/ExpendiShare] Document changed: file:///home/aman/Desktop/ExpendiShare/html/dashboard.html
[Server(4648) file:///home/aman/Desktop/ExpendiShare] Document changed: file:///home/aman/Desktop/ExpendiShare/html/dashboard.html
[Server(4647) file:///home/aman/Desktop/ExpendiShare] Document changed: file:///home/aman/Desktop/ExpendiShare/html/dashboard.html
[Server(4648) file:///home/aman/Desktop/ExpendiShare] Document changed: file:///home/aman/Desktop/ExpendiShare/html/dashboard.html
[Server(4647) file:///home/aman/Desktop/ExpendiShare] Document changed: file:///home/aman/Desktop/ExpendiShare/html/dashboard.html
[Server(4648) file:///home/aman/Desktop/ExpendiShare] Document changed: file:///home/aman/Desktop/ExpendiShare/html/dashboard.html
[Server(4647) file:///home/aman/Desktop/ExpendiShare] Document changed: file:///home/aman/Desktop/ExpendiShare/html/dashboard.html
[Server(4648) file:///home/aman/Desktop/ExpendiShare] Document changed: file:///home/aman/Desktop/ExpendiShare/html/dashboard.html
[Server(4647) file:///home/aman/Desktop/ExpendiShare] Document changed: file:///home/aman/Desktop/ExpendiShare/html/dashboard.html
[Server(4648) file:///home/aman/Desktop/ExpendiShare] Document changed: file:///home/aman/Desktop/ExpendiShare/html/dashboard.html
[Server(4647) file:///home/aman/Desktop/ExpendiShare] Document changed: file:///home/aman/Desktop/ExpendiShare/html/dashboard.html
[Server(4648) file:///home/aman/Desktop/ExpendiShare] Document changed: file:///home/aman/Desktop/ExpendiShare/html/dashboard.html
[Server(4647) file:///home/aman/Desktop/ExpendiShare] Document changed: file:///home/aman/Desktop/ExpendiShare/html/dashboard.html
[Server(4648) file:///home/aman/Desktop/ExpendiShare] Document changed: file:///home/aman/Desktop/ExpendiShare/html/dashboard.html
[Server(4647) file:///home/aman/Desktop/ExpendiShare] Document changed: file:///home/aman/Desktop/ExpendiShare/html/dashboard.html
[Server(4648) file:///home/aman/Desktop/ExpendiShare] Document changed: file:///home/aman/Desktop/ExpendiShare/html/dashboard.html
[Server(4647) file:///home/aman/Desktop/ExpendiShare] Document changed: file:///home/aman/Desktop/ExpendiShare/html/dashboard.html
[Server(4648) file:///home/aman/Desktop/ExpendiShare] Document changed: file:///home/aman/Desktop/ExpendiShare/html/dashboard.html
Invalid Selector...
Invalid Selector...
[Server(4648) file:///home/aman/Desktop/ExpendiShare] Document changed: file:///home/aman/Desktop/ExpendiShare/html/dashboard.html
[Server(4647) file:///home/aman/Desktop/ExpendiShare] Document changed: file:///home/aman/Desktop/ExpendiShare/html/dashboard.html
[Server(4648) file:///home/aman/Desktop/ExpendiShare] Document changed: file:///home/aman/Desktop/ExpendiShare/html/dashboard.html
[Server(4647) file:///home/aman/Desktop/ExpendiShare] Document changed: file:///home/aman/Desktop/ExpendiShare/html/dashboard.html
Invalid Selector...
Invalid Selector...
[Server(4647) file:///home/aman/Desktop/ExpendiShare] Document changed: file:///home/aman/Desktop/ExpendiShare/html/dashboard.html
[Server(4648) file:///home/aman/Desktop/ExpendiShare] Document changed: file:///home/aman/Desktop/ExpendiShare/html/dashboard.html
[Server(4647) file:///home/aman/Desktop/ExpendiShare] Document changed: file:///home/aman/Desktop/ExpendiShare/html/dashboard.html
[Server(4648) file:///home/aman/Desktop/ExpendiShare] Document changed: file:///home/aman/Desktop/ExpendiShare/html/dashboard.html
Invalid Selector...
Invalid Selector...
Invalid Selector...
Invalid Selector...
[Server(4647) file:///home/aman/Desktop/ExpendiShare] Document changed: file:///home/aman/Desktop/ExpendiShare/html/dashboard.html
[Server(4648) file:///home/aman/Desktop/ExpendiShare] Document changed: file:///home/aman/Desktop/ExpendiShare/html/dashboard.html
[Server(4647) file:///home/aman/Desktop/ExpendiShare] Document changed: file:///home/aman/Desktop/ExpendiShare/html/dashboard.html
[Server(4648) file:///home/aman/Desktop/ExpendiShare] Document changed: file:///home/aman/Desktop/ExpendiShare/html/dashboard.html
[Server(4647) file:///home/aman/Desktop/ExpendiShare] Document changed: file:///home/aman/Desktop/ExpendiShare/html/dashboard.html
[Server(4648) file:///home/aman/Desktop/ExpendiShare] Document changed: file:///home/aman/Desktop/ExpendiShare/html/dashboard.html
[Server(4647) file:///home/aman/Desktop/ExpendiShare] Document changed: file:///home/aman/Desktop/ExpendiShare/html/dashboard.html
[Server(4648) file:///home/aman/Desktop/ExpendiShare] Document changed: file:///home/aman/Desktop/ExpendiShare/html/dashboard.html
[Server(4647) file:///home/aman/Desktop/ExpendiShare] Document changed: file:///home/aman/Desktop/ExpendiShare/html/dashboard.html
[Server(4648) file:///home/aman/Desktop/ExpendiShare] Document changed: file:///home/aman/Desktop/ExpendiShare/html/dashboard.html
[Server(4647) file:///home/aman/Desktop/ExpendiShare] Document changed: file:///home/aman/Desktop/ExpendiShare/html/dashboard.html
[Server(4648) file:///home/aman/Desktop/ExpendiShare] Document changed: file:///home/aman/Desktop/ExpendiShare/html/dashboard.html
[Server(4647) file:///home/aman/Desktop/ExpendiShare] Document changed: file:///home/aman/Desktop/ExpendiShare/html/dashboard.html
[Server(4648) file:///home/aman/Desktop/ExpendiShare] Document changed: file:///home/aman/Desktop/ExpendiShare/html/dashboard.html
[Server(4647) file:///home/aman/Desktop/ExpendiShare] Document changed: file:///home/aman/Desktop/ExpendiShare/html/dashboard.html
[Server(4648) file:///home/aman/Desktop/ExpendiShare] Document changed: file:///home/aman/Desktop/ExpendiShare/html/dashboard.html
[Server(4647) file:///home/aman/Desktop/ExpendiShare] Document changed: file:///home/aman/Desktop/ExpendiShare/html/dashboard.html
[Server(4648) file:///home/aman/Desktop/ExpendiShare] Document changed: file:///home/aman/Desktop/ExpendiShare/html/dashboard.html
[Server(4647) file:///home/aman/Desktop/ExpendiShare] Document changed: file:///home/aman/Desktop/ExpendiShare/html/dashboard.html
[Server(4648) file:///home/aman/Desktop/ExpendiShare] Document changed: file:///home/aman/Desktop/ExpendiShare/html/dashboard.html
[Server(4647) file:///home/aman/Desktop/ExpendiShare] Document changed: file:///home/aman/Desktop/ExpendiShare/html/dashboard.html
[Server(4648) file:///home/aman/Desktop/ExpendiShare] Document changed: file:///home/aman/Desktop/ExpendiShare/html/dashboard.html
[Server(4647) file:///home/aman/Desktop/ExpendiShare] Document changed: file:///home/aman/Desktop/ExpendiShare/html/dashboard.html
[Server(4648) file:///home/aman/Desktop/ExpendiShare] Document changed: file:///home/aman/Desktop/ExpendiShare/html/dashboard.html
[Server(4647) file:///home/aman/Desktop/ExpendiShare] Document changed: file:///home/aman/Desktop/ExpendiShare/html/dashboard.html
[Server(4648) file:///home/aman/Desktop/ExpendiShare] Document changed: file:///home/aman/Desktop/ExpendiShare/html/dashboard.html
[Server(4647) file:///home/aman/Desktop/ExpendiShare] Document changed: file:///home/aman/Desktop/ExpendiShare/html/dashboard.html
[Server(4648) file:///home/aman/Desktop/ExpendiShare] Document changed: file:///home/aman/Desktop/ExpendiShare/html/dashboard.html
[Server(4647) file:///home/aman/Desktop/ExpendiShare] Document changed: file:///home/aman/Desktop/ExpendiShare/html/dashboard.html
[Server(4648) file:///home/aman/Desktop/ExpendiShare] Document changed: file:///home/aman/Desktop/ExpendiShare/html/dashboard.html
[Server(4647) file:///home/aman/Desktop/ExpendiShare] Document changed: file:///home/aman/Desktop/ExpendiShare/html/dashboard.html
[Server(4648) file:///home/aman/Desktop/ExpendiShare] Document changed: file:///home/aman/Desktop/ExpendiShare/html/dashboard.html
[Server(4647) file:///home/aman/Desktop/ExpendiShare] Document changed: file:///home/aman/Desktop/ExpendiShare/html/dashboard.html
[Server(4648) file:///home/aman/Desktop/ExpendiShare] Document changed: file:///home/aman/Desktop/ExpendiShare/html/dashboard.html
[Server(4647) file:///home/aman/Desktop/ExpendiShare] Document changed: file:///home/aman/Desktop/ExpendiShare/html/dashboard.html
[Server(4648) file:///home/aman/Desktop/ExpendiShare] Document changed: file:///home/aman/Desktop/ExpendiShare/html/dashboard.html
[Server(4647) file:///home/aman/Desktop/ExpendiShare] Document changed: file:///home/aman/Desktop/ExpendiShare/html/dashboard.html
[Server(4648) file:///home/aman/Desktop/ExpendiShare] Document changed: file:///home/aman/Desktop/ExpendiShare/html/dashboard.html
[Server(4647) file:///home/aman/Desktop/ExpendiShare] Document changed: file:///home/aman/Desktop/ExpendiShare/html/dashboard.html
[Server(4648) file:///home/aman/Desktop/ExpendiShare] Document changed: file:///home/aman/Desktop/ExpendiShare/html/dashboard.html
[Server(4647) file:///home/aman/Desktop/ExpendiShare] Document changed: file:///home/aman/Desktop/ExpendiShare/html/dashboard.html
[Server(4648) file:///home/aman/Desktop/ExpendiShare] Document changed: file:///home/aman/Desktop/ExpendiShare/html/dashboard.html
[Server(4647) file:///home/aman/Desktop/ExpendiShare] Document changed: file:///home/aman/Desktop/ExpendiShare/html/dashboard.html
[Server(4648) file:///home/aman/Desktop/ExpendiShare] Document changed: file:///home/aman/Desktop/ExpendiShare/html/dashboard.html
[Server(4647) file:///home/aman/Desktop/ExpendiShare] Document changed: file:///home/aman/Desktop/ExpendiShare/html/dashboard.html
[Server(4648) file:///home/aman/Desktop/ExpendiShare] Document changed: file:///home/aman/Desktop/ExpendiShare/html/dashboard.html
[Server(4647) file:///home/aman/Desktop/ExpendiShare] Document changed: file:///home/aman/Desktop/ExpendiShare/html/dashboard.html
[Server(4648) file:///home/aman/Desktop/ExpendiShare] Document changed: file:///home/aman/Desktop/ExpendiShare/html/dashboard.html
[Server(4647) file:///home/aman/Desktop/ExpendiShare] Document changed: file:///home/aman/Desktop/ExpendiShare/html/dashboard.html
[Server(4648) file:///home/aman/Desktop/ExpendiShare] Document changed: file:///home/aman/Desktop/ExpendiShare/html/dashboard.html
[Server(4647) file:///home/aman/Desktop/ExpendiShare] Document changed: file:///home/aman/Desktop/ExpendiShare/html/dashboard.html
[Server(4648) file:///home/aman/Desktop/ExpendiShare] Document changed: file:///home/aman/Desktop/ExpendiShare/html/dashboard.html
[Server(4647) file:///home/aman/Desktop/ExpendiShare] Document changed: file:///home/aman/Desktop/ExpendiShare/html/dashboard.html
[Server(4648) file:///home/aman/Desktop/ExpendiShare] Document changed: file:///home/aman/Desktop/ExpendiShare/html/dashboard.html
[Server(4647) file:///home/aman/Desktop/ExpendiShare] Document changed: file:///home/aman/Desktop/ExpendiShare/html/dashboard.html
[Server(4648) file:///home/aman/Desktop/ExpendiShare] Document changed: file:///home/aman/Desktop/ExpendiShare/html/dashboard.html
[Server(4647) file:///home/aman/Desktop/ExpendiShare] Document changed: file:///home/aman/Desktop/ExpendiShare/html/dashboard.html
[Server(4648) file:///home/aman/Desktop/ExpendiShare] Document changed: file:///home/aman/Desktop/ExpendiShare/html/dashboard.html
[Server(4647) file:///home/aman/Desktop/ExpendiShare] Document changed: file:///home/aman/Desktop/ExpendiShare/html/dashboard.html
[Server(4648) file:///home/aman/Desktop/ExpendiShare] Document changed: file:///home/aman/Desktop/ExpendiShare/html/dashboard.html
[Server(4647) file:///home/aman/Desktop/ExpendiShare] Document changed: file:///home/aman/Desktop/ExpendiShare/html/dashboard.html
[Server(4648) file:///home/aman/Desktop/ExpendiShare] Document changed: file:///home/aman/Desktop/ExpendiShare/html/dashboard.html
[Server(4647) file:///home/aman/Desktop/ExpendiShare] Document changed: file:///home/aman/Desktop/ExpendiShare/html/dashboard.html
[Server(4648) file:///home/aman/Desktop/ExpendiShare] Document changed: file:///home/aman/Desktop/ExpendiShare/html/dashboard.html
[Server(4647) file:///home/aman/Desktop/ExpendiShare] Document changed: file:///home/aman/Desktop/ExpendiShare/html/dashboard.html
[Server(4648) file:///home/aman/Desktop/ExpendiShare] Document changed: file:///home/aman/Desktop/ExpendiShare/html/dashboard.html
[Server(4647) file:///home/aman/Desktop/ExpendiShare] Document changed: file:///home/aman/Desktop/ExpendiShare/html/dashboard.html
[Server(4648) file:///home/aman/Desktop/ExpendiShare] Document changed: file:///home/aman/Desktop/ExpendiShare/html/dashboard.html
[Server(4647) file:///home/aman/Desktop/ExpendiShare] Document changed: file:///home/aman/Desktop/ExpendiShare/html/dashboard.html
[Server(4648) file:///home/aman/Desktop/ExpendiShare] Document changed: file:///home/aman/Desktop/ExpendiShare/html/dashboard.html
[Server(4647) file:///home/aman/Desktop/ExpendiShare] Document changed: file:///home/aman/Desktop/ExpendiShare/html/dashboard.html
[Server(4648) file:///home/aman/Desktop/ExpendiShare] Document changed: file:///home/aman/Desktop/ExpendiShare/html/dashboard.html
[Server(4647) file:///home/aman/Desktop/ExpendiShare] Document changed: file:///home/aman/Desktop/ExpendiShare/html/dashboard.html
[Server(4648) file:///home/aman/Desktop/ExpendiShare] Document changed: file:///home/aman/Desktop/ExpendiShare/html/dashboard.html
[Server(4647) file:///home/aman/Desktop/ExpendiShare] Document changed: file:///home/aman/Desktop/ExpendiShare/html/dashboard.html
[Server(4648) file:///home/aman/Desktop/ExpendiShare] Document changed: file:///home/aman/Desktop/ExpendiShare/html/dashboard.html
[Server(4647) file:///home/aman/Desktop/ExpendiShare] Document changed: file:///home/aman/Desktop/ExpendiShare/html/dashboard.html
[Server(4648) file:///home/aman/Desktop/ExpendiShare] Document changed: file:///home/aman/Desktop/ExpendiShare/html/dashboard.html
[Server(4647) file:///home/aman/Desktop/ExpendiShare] Document changed: file:///home/aman/Desktop/ExpendiShare/html/dashboard.html
[Server(4648) file:///home/aman/Desktop/ExpendiShare] Document changed: file:///home/aman/Desktop/ExpendiShare/html/dashboard.html
[Server(4647) file:///home/aman/Desktop/ExpendiShare] Document changed: file:///home/aman/Desktop/ExpendiShare/html/dashboard.html
[Server(4648) file:///home/aman/Desktop/ExpendiShare] Document changed: file:///home/aman/Desktop/ExpendiShare/html/dashboard.html
[Server(4647) file:///home/aman/Desktop/ExpendiShare] Document changed: file:///home/aman/Desktop/ExpendiShare/html/dashboard.html
[Server(4648) file:///home/aman/Desktop/ExpendiShare] Document changed: file:///home/aman/Desktop/ExpendiShare/html/dashboard.html
[Server(4647) file:///home/aman/Desktop/ExpendiShare] Document changed: file:///home/aman/Desktop/ExpendiShare/html/dashboard.html
[Server(4648) file:///home/aman/Desktop/ExpendiShare] Document changed: file:///home/aman/Desktop/ExpendiShare/html/dashboard.html
[Server(4647) file:///home/aman/Desktop/ExpendiShare] Document changed: file:///home/aman/Desktop/ExpendiShare/html/dashboard.html
[Server(4648) file:///home/aman/Desktop/ExpendiShare] Document changed: file:///home/aman/Desktop/ExpendiShare/html/dashboard.html
[Server(4647) file:///home/aman/Desktop/ExpendiShare] Document changed: file:///home/aman/Desktop/ExpendiShare/html/dashboard.html
[Server(4648) file:///home/aman/Desktop/ExpendiShare] Document changed: file:///home/aman/Desktop/ExpendiShare/html/dashboard.html
[Server(4647) file:///home/aman/Desktop/ExpendiShare] Document changed: file:///home/aman/Desktop/ExpendiShare/html/dashboard.html
[Server(4648) file:///home/aman/Desktop/ExpendiShare] Document changed: file:///home/aman/Desktop/ExpendiShare/html/dashboard.html
[Server(4647) file:///home/aman/Desktop/ExpendiShare] Document changed: file:///home/aman/Desktop/ExpendiShare/html/dashboard.html
[Server(4648) file:///home/aman/Desktop/ExpendiShare] Document changed: file:///home/aman/Desktop/ExpendiShare/html/dashboard.html
[Server(4647) file:///home/aman/Desktop/ExpendiShare] Document changed: file:///home/aman/Desktop/ExpendiShare/html/dashboard.html
[Server(4648) file:///home/aman/Desktop/ExpendiShare] Document changed: file:///home/aman/Desktop/ExpendiShare/html/dashboard.html
[Server(4647) file:///home/aman/Desktop/ExpendiShare] Document changed: file:///home/aman/Desktop/ExpendiShare/html/dashboard.html
[Server(4648) file:///home/aman/Desktop/ExpendiShare] Document changed: file:///home/aman/Desktop/ExpendiShare/html/dashboard.html
[Server(4647) file:///home/aman/Desktop/ExpendiShare] Document changed: file:///home/aman/Desktop/ExpendiShare/html/dashboard.html
[Server(4648) file:///home/aman/Desktop/ExpendiShare] Document changed: file:///home/aman/Desktop/ExpendiShare/html/dashboard.html
[Server(4647) file:///home/aman/Desktop/ExpendiShare] Document changed: file:///home/aman/Desktop/ExpendiShare/html/dashboard.html
[Server(4648) file:///home/aman/Desktop/ExpendiShare] Document changed: file:///home/aman/Desktop/ExpendiShare/html/dashboard.html
[Server(4647) file:///home/aman/Desktop/ExpendiShare] Document changed: file:///home/aman/Desktop/ExpendiShare/html/dashboard.html
[Server(4648) file:///home/aman/Desktop/ExpendiShare] Document changed: file:///home/aman/Desktop/ExpendiShare/html/dashboard.html
[Server(4647) file:///home/aman/Desktop/ExpendiShare] Document changed: file:///home/aman/Desktop/ExpendiShare/html/dashboard.html
[Server(4648) file:///home/aman/Desktop/ExpendiShare] Document changed: file:///home/aman/Desktop/ExpendiShare/html/dashboard.html
[Server(4647) file:///home/aman/Desktop/ExpendiShare] Document changed: file:///home/aman/Desktop/ExpendiShare/html/dashboard.html
[Server(4648) file:///home/aman/Desktop/ExpendiShare] Document changed: file:///home/aman/Desktop/ExpendiShare/html/dashboard.html
[Server(4647) file:///home/aman/Desktop/ExpendiShare] Document changed: file:///home/aman/Desktop/ExpendiShare/html/dashboard.html
[Server(4648) file:///home/aman/Desktop/ExpendiShare] Document changed: file:///home/aman/Desktop/ExpendiShare/html/dashboard.html
[Server(4647) file:///home/aman/Desktop/ExpendiShare] Document changed: file:///home/aman/Desktop/ExpendiShare/html/dashboard.html
[Server(4648) file:///home/aman/Desktop/ExpendiShare] Document changed: file:///home/aman/Desktop/ExpendiShare/html/dashboard.html
[Server(4647) file:///home/aman/Desktop/ExpendiShare] Document changed: file:///home/aman/Desktop/ExpendiShare/html/dashboard.html
[Server(4648) file:///home/aman/Desktop/ExpendiShare] Document changed: file:///home/aman/Desktop/ExpendiShare/html/dashboard.html
[Server(4647) file:///home/aman/Desktop/ExpendiShare] Document changed: file:///home/aman/Desktop/ExpendiShare/html/dashboard.html
[Server(4648) file:///home/aman/Desktop/ExpendiShare] Document changed: file:///home/aman/Desktop/ExpendiShare/html/dashboard.html
[Server(4647) file:///home/aman/Desktop/ExpendiShare] Document changed: file:///home/aman/Desktop/ExpendiShare/html/dashboard.html
[Server(4648) file:///home/aman/Desktop/ExpendiShare] Document changed: file:///home/aman/Desktop/ExpendiShare/html/dashboard.html
[Server(4647) file:///home/aman/Desktop/ExpendiShare] Document changed: file:///home/aman/Desktop/ExpendiShare/html/dashboard.html
[Server(4648) file:///home/aman/Desktop/ExpendiShare] Document changed: file:///home/aman/Desktop/ExpendiShare/html/dashboard.html
[Server(4647) file:///home/aman/Desktop/ExpendiShare] Document changed: file:///home/aman/Desktop/ExpendiShare/html/dashboard.html
[Server(4648) file:///home/aman/Desktop/ExpendiShare] Document changed: file:///home/aman/Desktop/ExpendiShare/html/dashboard.html
[Server(4647) file:///home/aman/Desktop/ExpendiShare] Document changed: file:///home/aman/Desktop/ExpendiShare/html/dashboard.html
[Server(4648) file:///home/aman/Desktop/ExpendiShare] Document changed: file:///home/aman/Desktop/ExpendiShare/html/dashboard.html
[Server(4647) file:///home/aman/Desktop/ExpendiShare] Document changed: file:///home/aman/Desktop/ExpendiShare/html/dashboard.html
[Server(4648) file:///home/aman/Desktop/ExpendiShare] Document changed: file:///home/aman/Desktop/ExpendiShare/html/dashboard.html
[Server(4647) file:///home/aman/Desktop/ExpendiShare] Document changed: file:///home/aman/Desktop/ExpendiShare/html/dashboard.html
[Server(4648) file:///home/aman/Desktop/ExpendiShare] Document changed: file:///home/aman/Desktop/ExpendiShare/html/dashboard.html
[Server(4647) file:///home/aman/Desktop/ExpendiShare] Document changed: file:///home/aman/Desktop/ExpendiShare/html/dashboard.html
[Server(4648) file:///home/aman/Desktop/ExpendiShare] Document changed: file:///home/aman/Desktop/ExpendiShare/html/dashboard.html
[Server(4648) file:///home/aman/Desktop/ExpendiShare] Document changed: file:///home/aman/Desktop/ExpendiShare/html/dashboard.html
[Server(4647) file:///home/aman/Desktop/ExpendiShare] Document changed: file:///home/aman/Desktop/ExpendiShare/html/dashboard.html
[Server(4647) file:///home/aman/Desktop/ExpendiShare] Document changed: file:///home/aman/Desktop/ExpendiShare/html/dashboard.html
[Server(4648) file:///home/aman/Desktop/ExpendiShare] Document changed: file:///home/aman/Desktop/ExpendiShare/html/dashboard.html
[Server(4647) file:///home/aman/Desktop/ExpendiShare] Document changed: file:///home/aman/Desktop/ExpendiShare/html/dashboard.html
[Server(4648) file:///home/aman/Desktop/ExpendiShare] Document changed: file:///home/aman/Desktop/ExpendiShare/html/dashboard.html
[Server(4647) file:///home/aman/Desktop/ExpendiShare] Document changed: file:///home/aman/Desktop/ExpendiShare/html/dashboard.html
[Server(4648) file:///home/aman/Desktop/ExpendiShare] Document changed: file:///home/aman/Desktop/ExpendiShare/html/dashboard.html
[Server(4647) file:///home/aman/Desktop/ExpendiShare] Document changed: file:///home/aman/Desktop/ExpendiShare/html/dashboard.html
[Server(4648) file:///home/aman/Desktop/ExpendiShare] Document changed: file:///home/aman/Desktop/ExpendiShare/html/dashboard.html
Invalid Selector...
Invalid Selector...
Found CSS selector of type null and value img
Found CSS selector of type null and value img
Searching for symbol
Found 25 symbols in file:///home/aman/Desktop/ExpendiShare/css/main.css
Searching for symbol
Found 2 symbols in file:///home/aman/Desktop/ExpendiShare/css/dash.css
Found 25 symbols in file:///home/aman/Desktop/ExpendiShare/css/main.css
Found 21 symbols in file:///home/aman/Desktop/ExpendiShare/css/login.css
Found 2 symbols in file:///home/aman/Desktop/ExpendiShare/css/dash.css
Found 0 symbols in file:///home/aman/Desktop/ExpendiShare/PHP/Database/test.css
Found 21 symbols in file:///home/aman/Desktop/ExpendiShare/css/login.css
Found 0 symbols in file:///home/aman/Desktop/ExpendiShare/PHP/Database/test.css
[Server(4647) file:///home/aman/Desktop/ExpendiShare] Document changed: file:///home/aman/Desktop/ExpendiShare/html/dashboard.html
[Server(4648) file:///home/aman/Desktop/ExpendiShare] Document changed: file:///home/aman/Desktop/ExpendiShare/html/dashboard.html
[Server(4647) file:///home/aman/Desktop/ExpendiShare] Document changed: file:///home/aman/Desktop/ExpendiShare/html/dashboard.html
[Server(4648) file:///home/aman/Desktop/ExpendiShare] Document changed: file:///home/aman/Desktop/ExpendiShare/html/dashboard.html
[Server(4647) file:///home/aman/Desktop/ExpendiShare] Document changed: file:///home/aman/Desktop/ExpendiShare/html/dashboard.html
[Server(4648) file:///home/aman/Desktop/ExpendiShare] Document changed: file:///home/aman/Desktop/ExpendiShare/html/dashboard.html
Invalid Selector...
Invalid Selector...
[Server(4647) file:///home/aman/Desktop/ExpendiShare] Document changed: file:///home/aman/Desktop/ExpendiShare/html/dashboard.html
[Server(4648) file:///home/aman/Desktop/ExpendiShare] Document changed: file:///home/aman/Desktop/ExpendiShare/html/dashboard.html
