[2019-09-19 08:51:17.984] [exthost] [info] extension host started
[2019-09-19 08:51:17.998] [exthost] [info] ExtensionService#_doActivateExtension vscode.php-language-features {"startup":false,"activationEvent":"onLanguage:php"}
[2019-09-19 08:51:17.998] [exthost] [info] ExtensionService#loadCommonJSModule file:///usr/share/code/resources/app/extensions/php-language-features/dist/phpMain
[2019-09-19 08:51:18.073] [exthost] [info] ExtensionService#_doActivateExtension ecmel.vscode-html-css {"startup":false,"activationEvent":"onLanguage:php"}
[2019-09-19 08:51:18.073] [exthost] [info] ExtensionService#loadCommonJSModule file:///home/harshit/.vscode/extensions/ecmel.vscode-html-css-0.2.3/dist/extension
[2019-09-19 08:51:18.265] [exthost] [info] ExtensionService#_doActivateExtension felixfbecker.php-intellisense {"startup":false,"activationEvent":"onLanguage:php"}
[2019-09-19 08:51:18.265] [exthost] [info] ExtensionService#loadCommonJSModule file:///home/harshit/.vscode/extensions/felixfbecker.php-intellisense-2.3.10/out/extension
[2019-09-19 08:51:18.745] [exthost] [info] ExtensionService#_doActivateExtension vscode.debug-auto-launch {"startup":true,"activationEvent":"*"}
[2019-09-19 08:51:18.745] [exthost] [info] ExtensionService#loadCommonJSModule file:///usr/share/code/resources/app/extensions/debug-auto-launch/dist/extension
[2019-09-19 08:51:18.750] [exthost] [info] ExtensionService#_doActivateExtension vscode.emmet {"startup":true,"activationEvent":"*"}
[2019-09-19 08:51:18.750] [exthost] [info] ExtensionService#loadCommonJSModule file:///usr/share/code/resources/app/extensions/emmet/dist/extension
[2019-09-19 08:51:18.816] [exthost] [info] ExtensionService#_doActivateExtension vscode.git {"startup":true,"activationEvent":"*"}
[2019-09-19 08:51:18.816] [exthost] [info] ExtensionService#loadCommonJSModule file:///usr/share/code/resources/app/extensions/git/dist/main
[2019-09-19 08:51:18.943] [exthost] [info] ExtensionService#_doActivateExtension vscode.merge-conflict {"startup":true,"activationEvent":"*"}
[2019-09-19 08:51:18.943] [exthost] [info] ExtensionService#loadCommonJSModule file:///usr/share/code/resources/app/extensions/merge-conflict/dist/extension
[2019-09-19 08:51:18.951] [exthost] [info] ExtensionService#_doActivateExtension CoenraadS.bracket-pair-colorizer {"startup":true,"activationEvent":"*"}
[2019-09-19 08:51:18.951] [exthost] [info] ExtensionService#loadCommonJSModule file:///home/harshit/.vscode/extensions/coenraads.bracket-pair-colorizer-1.0.61/out/src/extension
[2019-09-19 08:51:19.088] [exthost] [info] ExtensionService#_doActivateExtension Equinusocio.vsc-material-theme {"startup":true,"activationEvent":"*"}
[2019-09-19 08:51:19.088] [exthost] [info] ExtensionService#loadCommonJSModule file:///home/harshit/.vscode/extensions/equinusocio.vsc-material-theme-30.0.0/out/src/material.theme.config
[2019-09-19 08:51:19.157] [exthost] [info] ExtensionService#_doActivateExtension ms-vscode.cpptools {"startup":true,"activationEvent":"*"}
[2019-09-19 08:51:19.157] [exthost] [info] ExtensionService#loadCommonJSModule file:///home/harshit/.vscode/extensions/ms-vscode.cpptools-0.25.1/dist/main
[2019-09-19 08:51:19.373] [exthost] [info] ExtensionService#_doActivateExtension PKief.material-icon-theme {"startup":true,"activationEvent":"*"}
[2019-09-19 08:51:19.373] [exthost] [info] ExtensionService#loadCommonJSModule file:///home/harshit/.vscode/extensions/pkief.material-icon-theme-3.9.0/dist/extension
[2019-09-19 08:51:20.748] [exthost] [info] eager extensions activated
[2019-09-19 08:51:26.489] [exthost] [info] ExtensionService#_doActivateExtension vscode.css-language-features {"startup":false,"activationEvent":"onLanguage:css"}
[2019-09-19 08:51:26.489] [exthost] [info] ExtensionService#loadCommonJSModule file:///usr/share/code/resources/app/extensions/css-language-features/client/dist/cssMain
