[Server(5385) file:///home/aman/Desktop/ExpendiShare] Started and initialize received
[Server(5394) file:///home/aman/Desktop/ExpendiShare] Started and initialize received
[Server(5385) file:///home/aman/Desktop/ExpendiShare] Setup a stylesheet lookup map
[Server(5394) file:///home/aman/Desktop/ExpendiShare] Setup a stylesheet lookup map
[Server(5385) file:///home/aman/Desktop/ExpendiShare] Document opened: file:///home/aman/Desktop/ExpendiShare/html/dashboard.html
[Server(5385) file:///home/aman/Desktop/ExpendiShare] Document changed: file:///home/aman/Desktop/ExpendiShare/html/dashboard.html
[Server(5394) file:///home/aman/Desktop/ExpendiShare] Document opened: file:///home/aman/Desktop/ExpendiShare/html/dashboard.html
[Server(5394) file:///home/aman/Desktop/ExpendiShare] Document changed: file:///home/aman/Desktop/ExpendiShare/html/dashboard.html
[Server(5385) file:///home/aman/Desktop/ExpendiShare] Document opened: file:///home/aman/Desktop/ExpendiShare/php2/search.php
[Server(5394) file:///home/aman/Desktop/ExpendiShare] Document opened: file:///home/aman/Desktop/ExpendiShare/php2/search.php
[Server(5385) file:///home/aman/Desktop/ExpendiShare] Document changed: file:///home/aman/Desktop/ExpendiShare/php2/search.php
[Server(5394) file:///home/aman/Desktop/ExpendiShare] Document changed: file:///home/aman/Desktop/ExpendiShare/php2/search.php
[Server(5385) file:///home/aman/Desktop/ExpendiShare] Document changed: file:///home/aman/Desktop/ExpendiShare/php2/search.php
[Server(5394) file:///home/aman/Desktop/ExpendiShare] Document changed: file:///home/aman/Desktop/ExpendiShare/php2/search.php
[Server(5385) file:///home/aman/Desktop/ExpendiShare] Document changed: file:///home/aman/Desktop/ExpendiShare/php2/search.php
[Server(5394) file:///home/aman/Desktop/ExpendiShare] Document changed: file:///home/aman/Desktop/ExpendiShare/php2/search.php
[Server(5385) file:///home/aman/Desktop/ExpendiShare] Document changed: file:///home/aman/Desktop/ExpendiShare/php2/search.php
[Server(5394) file:///home/aman/Desktop/ExpendiShare] Document changed: file:///home/aman/Desktop/ExpendiShare/php2/search.php
[Server(5385) file:///home/aman/Desktop/ExpendiShare] Document changed: file:///home/aman/Desktop/ExpendiShare/php2/search.php
[Server(5394) file:///home/aman/Desktop/ExpendiShare] Document changed: file:///home/aman/Desktop/ExpendiShare/php2/search.php
[Server(5385) file:///home/aman/Desktop/ExpendiShare] Document changed: file:///home/aman/Desktop/ExpendiShare/php2/search.php
[Server(5394) file:///home/aman/Desktop/ExpendiShare] Document changed: file:///home/aman/Desktop/ExpendiShare/php2/search.php
[Server(5385) file:///home/aman/Desktop/ExpendiShare] Document changed: file:///home/aman/Desktop/ExpendiShare/php2/search.php
[Server(5394) file:///home/aman/Desktop/ExpendiShare] Document changed: file:///home/aman/Desktop/ExpendiShare/php2/search.php
[Server(5385) file:///home/aman/Desktop/ExpendiShare] Document changed: file:///home/aman/Desktop/ExpendiShare/php2/search.php
[Server(5394) file:///home/aman/Desktop/ExpendiShare] Document changed: file:///home/aman/Desktop/ExpendiShare/php2/search.php
[Server(5385) file:///home/aman/Desktop/ExpendiShare] Document changed: file:///home/aman/Desktop/ExpendiShare/php2/search.php
[Server(5394) file:///home/aman/Desktop/ExpendiShare] Document changed: file:///home/aman/Desktop/ExpendiShare/php2/search.php
[Server(5385) file:///home/aman/Desktop/ExpendiShare] Document changed: file:///home/aman/Desktop/ExpendiShare/php2/search.php
[Server(5394) file:///home/aman/Desktop/ExpendiShare] Document changed: file:///home/aman/Desktop/ExpendiShare/php2/search.php
[Server(5385) file:///home/aman/Desktop/ExpendiShare] Document opened: file:///home/aman/Desktop/ExpendiShare/php2/dashboard.php
[Server(5394) file:///home/aman/Desktop/ExpendiShare] Document opened: file:///home/aman/Desktop/ExpendiShare/php2/dashboard.php
[Server(5385) file:///home/aman/Desktop/ExpendiShare] Document changed: file:///home/aman/Desktop/ExpendiShare/php2/dashboard.php
[Server(5394) file:///home/aman/Desktop/ExpendiShare] Document changed: file:///home/aman/Desktop/ExpendiShare/php2/dashboard.php
