[Server(3323) file:///home/aman/Desktop/ExpendiShare] Started and initialize received
[Server(3323) file:///home/aman/Desktop/ExpendiShare] Setup a stylesheet lookup map
[Server(3323) file:///home/aman/Desktop/ExpendiShare] Document opened: file:///home/aman/Desktop/ExpendiShare/index.html
[Server(3323) file:///home/aman/Desktop/ExpendiShare] Document changed: file:///home/aman/Desktop/ExpendiShare/index.html
[Server(3323) file:///home/aman/Desktop/ExpendiShare] Document opened: file:///home/aman/Desktop/ExpendiShare/html/dashboard.html
[Server(3323) file:///home/aman/Desktop/ExpendiShare] Document changed: file:///home/aman/Desktop/ExpendiShare/html/dashboard.html
[Server(3323) file:///home/aman/Desktop/ExpendiShare] Document changed: file:///home/aman/Desktop/ExpendiShare/html/dashboard.html
[Server(3323) file:///home/aman/Desktop/ExpendiShare] Document changed: file:///home/aman/Desktop/ExpendiShare/html/dashboard.html
[Server(3323) file:///home/aman/Desktop/ExpendiShare] Document opened: file:///home/aman/Desktop/ExpendiShare/html/login.html
[Server(3323) file:///home/aman/Desktop/ExpendiShare] Document changed: file:///home/aman/Desktop/ExpendiShare/html/login.html
[Server(3323) file:///home/aman/Desktop/ExpendiShare] Document changed: file:///home/aman/Desktop/ExpendiShare/html/login.html
[Server(3323) file:///home/aman/Desktop/ExpendiShare] Document changed: file:///home/aman/Desktop/ExpendiShare/html/login.html
[Server(3323) file:///home/aman/Desktop/ExpendiShare] Document changed: file:///home/aman/Desktop/ExpendiShare/html/login.html
[Server(3323) file:///home/aman/Desktop/ExpendiShare] Document changed: file:///home/aman/Desktop/ExpendiShare/html/login.html
[Server(3323) file:///home/aman/Desktop/ExpendiShare] Document changed: file:///home/aman/Desktop/ExpendiShare/html/login.html
[Server(3323) file:///home/aman/Desktop/ExpendiShare] Document changed: file:///home/aman/Desktop/ExpendiShare/html/login.html
[Server(3323) file:///home/aman/Desktop/ExpendiShare] Document changed: file:///home/aman/Desktop/ExpendiShare/html/login.html
[Server(3323) file:///home/aman/Desktop/ExpendiShare] Document changed: file:///home/aman/Desktop/ExpendiShare/html/login.html
[Server(3323) file:///home/aman/Desktop/ExpendiShare] Document changed: file:///home/aman/Desktop/ExpendiShare/html/login.html
[Server(3323) file:///home/aman/Desktop/ExpendiShare] Document changed: file:///home/aman/Desktop/ExpendiShare/html/login.html
[Server(3323) file:///home/aman/Desktop/ExpendiShare] Document changed: file:///home/aman/Desktop/ExpendiShare/html/login.html
[Server(3323) file:///home/aman/Desktop/ExpendiShare] Document changed: file:///home/aman/Desktop/ExpendiShare/html/login.html
[Server(3323) file:///home/aman/Desktop/ExpendiShare] Document changed: file:///home/aman/Desktop/ExpendiShare/html/login.html
[Server(3323) file:///home/aman/Desktop/ExpendiShare] Document changed: file:///home/aman/Desktop/ExpendiShare/html/login.html
[Server(3323) file:///home/aman/Desktop/ExpendiShare] Document changed: file:///home/aman/Desktop/ExpendiShare/html/login.html
[Server(3323) file:///home/aman/Desktop/ExpendiShare] Document changed: file:///home/aman/Desktop/ExpendiShare/html/login.html
[Server(3323) file:///home/aman/Desktop/ExpendiShare] Document changed: file:///home/aman/Desktop/ExpendiShare/html/login.html
[Server(3323) file:///home/aman/Desktop/ExpendiShare] Document changed: file:///home/aman/Desktop/ExpendiShare/html/login.html
[Server(3323) file:///home/aman/Desktop/ExpendiShare] Document changed: file:///home/aman/Desktop/ExpendiShare/html/login.html
[Server(3323) file:///home/aman/Desktop/ExpendiShare] Document changed: file:///home/aman/Desktop/ExpendiShare/html/login.html
[Server(3323) file:///home/aman/Desktop/ExpendiShare] Document changed: file:///home/aman/Desktop/ExpendiShare/html/login.html
[Server(3323) file:///home/aman/Desktop/ExpendiShare] Document changed: file:///home/aman/Desktop/ExpendiShare/html/login.html
[Server(3323) file:///home/aman/Desktop/ExpendiShare] Document changed: file:///home/aman/Desktop/ExpendiShare/html/login.html
[Server(3323) file:///home/aman/Desktop/ExpendiShare] Document changed: file:///home/aman/Desktop/ExpendiShare/html/login.html
[Server(3323) file:///home/aman/Desktop/ExpendiShare] Document changed: file:///home/aman/Desktop/ExpendiShare/html/login.html
[Server(3323) file:///home/aman/Desktop/ExpendiShare] Document changed: file:///home/aman/Desktop/ExpendiShare/html/login.html
[Server(3323) file:///home/aman/Desktop/ExpendiShare] Document changed: file:///home/aman/Desktop/ExpendiShare/html/login.html
[Server(3323) file:///home/aman/Desktop/ExpendiShare] Document changed: file:///home/aman/Desktop/ExpendiShare/html/login.html
[Server(3323) file:///home/aman/Desktop/ExpendiShare] Document changed: file:///home/aman/Desktop/ExpendiShare/html/login.html
[Server(3323) file:///home/aman/Desktop/ExpendiShare] Document changed: file:///home/aman/Desktop/ExpendiShare/html/dashboard.html
[Server(3323) file:///home/aman/Desktop/ExpendiShare] Document changed: file:///home/aman/Desktop/ExpendiShare/html/dashboard.html
[Server(3323) file:///home/aman/Desktop/ExpendiShare] Document changed: file:///home/aman/Desktop/ExpendiShare/html/dashboard.html
[Server(3323) file:///home/aman/Desktop/ExpendiShare] Document changed: file:///home/aman/Desktop/ExpendiShare/html/dashboard.html
[Server(3323) file:///home/aman/Desktop/ExpendiShare] Document changed: file:///home/aman/Desktop/ExpendiShare/html/dashboard.html
[Server(3323) file:///home/aman/Desktop/ExpendiShare] Document changed: file:///home/aman/Desktop/ExpendiShare/html/dashboard.html
[Server(3323) file:///home/aman/Desktop/ExpendiShare] Document changed: file:///home/aman/Desktop/ExpendiShare/html/dashboard.html
[Server(3323) file:///home/aman/Desktop/ExpendiShare] Document changed: file:///home/aman/Desktop/ExpendiShare/html/dashboard.html
[Server(3323) file:///home/aman/Desktop/ExpendiShare] Document opened: file:///home/aman/Desktop/ExpendiShare/js/nav-mobile.js
[Server(3323) file:///home/aman/Desktop/ExpendiShare] Document changed: file:///home/aman/Desktop/ExpendiShare/js/nav-mobile.js
[Server(3323) file:///home/aman/Desktop/ExpendiShare] Document changed: file:///home/aman/Desktop/ExpendiShare/js/nav-mobile.js
[Server(3323) file:///home/aman/Desktop/ExpendiShare] Document changed: file:///home/aman/Desktop/ExpendiShare/index.html
[Server(3323) file:///home/aman/Desktop/ExpendiShare] Document changed: file:///home/aman/Desktop/ExpendiShare/index.html
[Server(3323) file:///home/aman/Desktop/ExpendiShare] Document changed: file:///home/aman/Desktop/ExpendiShare/index.html
[Server(3323) file:///home/aman/Desktop/ExpendiShare] Document changed: file:///home/aman/Desktop/ExpendiShare/index.html
[Server(3323) file:///home/aman/Desktop/ExpendiShare] Document changed: file:///home/aman/Desktop/ExpendiShare/index.html
[Server(3323) file:///home/aman/Desktop/ExpendiShare] Document changed: file:///home/aman/Desktop/ExpendiShare/index.html
[Server(3323) file:///home/aman/Desktop/ExpendiShare] Document changed: file:///home/aman/Desktop/ExpendiShare/index.html
[Server(3323) file:///home/aman/Desktop/ExpendiShare] Document changed: file:///home/aman/Desktop/ExpendiShare/index.html
[Server(3323) file:///home/aman/Desktop/ExpendiShare] Document changed: file:///home/aman/Desktop/ExpendiShare/index.html
[Server(3323) file:///home/aman/Desktop/ExpendiShare] Document changed: file:///home/aman/Desktop/ExpendiShare/index.html
[Server(3323) file:///home/aman/Desktop/ExpendiShare] Document changed: file:///home/aman/Desktop/ExpendiShare/index.html
[Server(3323) file:///home/aman/Desktop/ExpendiShare] Document changed: file:///home/aman/Desktop/ExpendiShare/index.html
[Server(3323) file:///home/aman/Desktop/ExpendiShare] Document changed: file:///home/aman/Desktop/ExpendiShare/index.html
[Server(3323) file:///home/aman/Desktop/ExpendiShare] Document changed: file:///home/aman/Desktop/ExpendiShare/index.html
[Server(3323) file:///home/aman/Desktop/ExpendiShare] Document changed: file:///home/aman/Desktop/ExpendiShare/index.html
[Server(3323) file:///home/aman/Desktop/ExpendiShare] Document changed: file:///home/aman/Desktop/ExpendiShare/index.html
[Server(3323) file:///home/aman/Desktop/ExpendiShare] Document changed: file:///home/aman/Desktop/ExpendiShare/index.html
[Server(3323) file:///home/aman/Desktop/ExpendiShare] Document changed: file:///home/aman/Desktop/ExpendiShare/index.html
[Server(3323) file:///home/aman/Desktop/ExpendiShare] Document changed: file:///home/aman/Desktop/ExpendiShare/index.html
[Server(3323) file:///home/aman/Desktop/ExpendiShare] Document changed: file:///home/aman/Desktop/ExpendiShare/index.html
[Server(3323) file:///home/aman/Desktop/ExpendiShare] Document changed: file:///home/aman/Desktop/ExpendiShare/index.html
[Server(3323) file:///home/aman/Desktop/ExpendiShare] Document changed: file:///home/aman/Desktop/ExpendiShare/index.html
[Server(3323) file:///home/aman/Desktop/ExpendiShare] Document changed: file:///home/aman/Desktop/ExpendiShare/index.html
[Server(3323) file:///home/aman/Desktop/ExpendiShare] Document changed: file:///home/aman/Desktop/ExpendiShare/index.html
[Server(3323) file:///home/aman/Desktop/ExpendiShare] Document changed: file:///home/aman/Desktop/ExpendiShare/index.html
[Server(3323) file:///home/aman/Desktop/ExpendiShare] Document changed: file:///home/aman/Desktop/ExpendiShare/index.html
[Server(3323) file:///home/aman/Desktop/ExpendiShare] Document changed: file:///home/aman/Desktop/ExpendiShare/index.html
[Server(3323) file:///home/aman/Desktop/ExpendiShare] Document changed: file:///home/aman/Desktop/ExpendiShare/index.html
[Server(3323) file:///home/aman/Desktop/ExpendiShare] Document changed: file:///home/aman/Desktop/ExpendiShare/index.html
[Server(3323) file:///home/aman/Desktop/ExpendiShare] Document changed: file:///home/aman/Desktop/ExpendiShare/index.html
[Server(3323) file:///home/aman/Desktop/ExpendiShare] Document changed: file:///home/aman/Desktop/ExpendiShare/index.html
[Server(3323) file:///home/aman/Desktop/ExpendiShare] Document changed: file:///home/aman/Desktop/ExpendiShare/index.html
[Server(3323) file:///home/aman/Desktop/ExpendiShare] Document changed: file:///home/aman/Desktop/ExpendiShare/index.html
[Server(3323) file:///home/aman/Desktop/ExpendiShare] Document changed: file:///home/aman/Desktop/ExpendiShare/index.html
[Server(3323) file:///home/aman/Desktop/ExpendiShare] Document changed: file:///home/aman/Desktop/ExpendiShare/index.html
[Server(3323) file:///home/aman/Desktop/ExpendiShare] Document changed: file:///home/aman/Desktop/ExpendiShare/index.html
[Server(3323) file:///home/aman/Desktop/ExpendiShare] Document changed: file:///home/aman/Desktop/ExpendiShare/index.html
[Server(3323) file:///home/aman/Desktop/ExpendiShare] Document changed: file:///home/aman/Desktop/ExpendiShare/index.html
[Server(3323) file:///home/aman/Desktop/ExpendiShare] Document changed: file:///home/aman/Desktop/ExpendiShare/index.html
[Server(3323) file:///home/aman/Desktop/ExpendiShare] Document changed: file:///home/aman/Desktop/ExpendiShare/js/nav-mobile.js
[Server(3323) file:///home/aman/Desktop/ExpendiShare] Document changed: file:///home/aman/Desktop/ExpendiShare/js/nav-mobile.js
[Server(3323) file:///home/aman/Desktop/ExpendiShare] Document changed: file:///home/aman/Desktop/ExpendiShare/index.html
