[2019-09-08 18:17:56.208] [exthost] [info] extension host started
[2019-09-08 18:17:56.230] [exthost] [info] ExtensionService#_doActivateExtension aaron-bond.better-comments {"startup":false,"activationEvent":"onLanguage:plaintext"}
[2019-09-08 18:17:56.230] [exthost] [info] ExtensionService#loadCommonJSModule file:///home/aman/.vscode/extensions/aaron-bond.better-comments-2.0.5/out/extension
[2019-09-08 18:17:56.367] [exthost] [info] ExtensionService#_doActivateExtension vscode.debug-auto-launch {"startup":true,"activationEvent":"*"}
[2019-09-08 18:17:56.367] [exthost] [info] ExtensionService#loadCommonJSModule file:///usr/share/code/resources/app/extensions/debug-auto-launch/dist/extension
[2019-09-08 18:17:56.609] [exthost] [info] ExtensionService#_doActivateExtension vscode.emmet {"startup":true,"activationEvent":"*"}
[2019-09-08 18:17:56.609] [exthost] [info] ExtensionService#loadCommonJSModule file:///usr/share/code/resources/app/extensions/emmet/dist/extension
[2019-09-08 18:17:56.814] [exthost] [info] ExtensionService#_doActivateExtension vscode.git {"startup":true,"activationEvent":"*"}
[2019-09-08 18:17:56.814] [exthost] [info] ExtensionService#loadCommonJSModule file:///usr/share/code/resources/app/extensions/git/dist/main
[2019-09-08 18:17:57.001] [exthost] [info] ExtensionService#_doActivateExtension vscode.merge-conflict {"startup":true,"activationEvent":"*"}
[2019-09-08 18:17:57.001] [exthost] [info] ExtensionService#loadCommonJSModule file:///usr/share/code/resources/app/extensions/merge-conflict/dist/extension
[2019-09-08 18:17:57.014] [exthost] [info] ExtensionService#_doActivateExtension alefragnani.project-manager {"startup":true,"activationEvent":"*"}
[2019-09-08 18:17:57.014] [exthost] [info] ExtensionService#loadCommonJSModule file:///home/aman/.vscode/extensions/alefragnani.project-manager-10.7.0/dist/extension
[2019-09-08 18:17:57.030] [exthost] [info] ExtensionService#_doActivateExtension christian-kohler.path-intellisense {"startup":true,"activationEvent":"*"}
[2019-09-08 18:17:57.030] [exthost] [info] ExtensionService#loadCommonJSModule file:///home/aman/.vscode/extensions/christian-kohler.path-intellisense-1.4.2/out/src/extension
[2019-09-08 18:17:57.133] [exthost] [info] ExtensionService#_doActivateExtension eamodio.gitlens {"startup":true,"activationEvent":"*"}
[2019-09-08 18:17:57.134] [exthost] [info] ExtensionService#loadCommonJSModule file:///home/aman/.vscode/extensions/eamodio.gitlens-9.9.3/dist/extension
[2019-09-08 18:17:57.385] [exthost] [info] ExtensionService#_doActivateExtension pranaygp.vscode-css-peek {"startup":true,"activationEvent":"*"}
[2019-09-08 18:17:57.385] [exthost] [info] ExtensionService#loadCommonJSModule file:///home/aman/.vscode/extensions/pranaygp.vscode-css-peek-3.0.2/out/client/src/extension
[2019-09-08 18:17:57.581] [exthost] [info] ExtensionService#_doActivateExtension ritwickdey.LiveServer {"startup":true,"activationEvent":"*"}
[2019-09-08 18:17:57.581] [exthost] [info] ExtensionService#loadCommonJSModule file:///home/aman/.vscode/extensions/ritwickdey.liveserver-5.6.1/out/src/extension
[2019-09-08 18:17:58.629] [exthost] [info] ExtensionService#_doActivateExtension Shan.code-settings-sync {"startup":true,"activationEvent":"*"}
[2019-09-08 18:17:58.629] [exthost] [info] ExtensionService#loadCommonJSModule file:///home/aman/.vscode/extensions/shan.code-settings-sync-3.4.2/out/extension.js
[2019-09-08 18:17:58.983] [exthost] [info] ExtensionService#_doActivateExtension softwaredotcom.swdc-vscode {"startup":true,"activationEvent":"*"}
[2019-09-08 18:17:58.983] [exthost] [info] ExtensionService#loadCommonJSModule file:///home/aman/.vscode/extensions/softwaredotcom.swdc-vscode-1.1.26/out/extension
[2019-09-08 18:17:59.545] [exthost] [info] ExtensionService#_doActivateExtension vscode-icons-team.vscode-icons {"startup":true,"activationEvent":"*"}
[2019-09-08 18:17:59.545] [exthost] [info] ExtensionService#loadCommonJSModule file:///home/aman/.vscode/extensions/vscode-icons-team.vscode-icons-9.3.0/dist/src/vscode-icons.bundle.js
[2019-09-08 18:17:59.723] [exthost] [info] eager extensions activated
[2019-09-08 18:18:00.386] [exthost] [info] ExtensionService#_doActivateExtension vscode.html-language-features {"startup":false,"activationEvent":"onLanguage:html"}
[2019-09-08 18:18:00.387] [exthost] [info] ExtensionService#loadCommonJSModule file:///usr/share/code/resources/app/extensions/html-language-features/client/dist/htmlMain
[2019-09-08 18:18:28.227] [exthost] [info] extension host started
[2019-09-08 18:18:28.242] [exthost] [info] ExtensionService#_doActivateExtension aaron-bond.better-comments {"startup":false,"activationEvent":"onLanguage:plaintext"}
[2019-09-08 18:18:28.243] [exthost] [info] ExtensionService#loadCommonJSModule file:///home/aman/.vscode/extensions/aaron-bond.better-comments-2.0.5/out/extension
[2019-09-08 18:18:28.247] [exthost] [info] ExtensionService#_doActivateExtension vscode.debug-auto-launch {"startup":true,"activationEvent":"*"}
[2019-09-08 18:18:28.247] [exthost] [info] ExtensionService#loadCommonJSModule file:///usr/share/code/resources/app/extensions/debug-auto-launch/dist/extension
[2019-09-08 18:18:28.251] [exthost] [info] ExtensionService#_doActivateExtension vscode.emmet {"startup":true,"activationEvent":"*"}
[2019-09-08 18:18:28.251] [exthost] [info] ExtensionService#loadCommonJSModule file:///usr/share/code/resources/app/extensions/emmet/dist/extension
[2019-09-08 18:18:28.318] [exthost] [info] ExtensionService#_doActivateExtension vscode.git {"startup":true,"activationEvent":"*"}
[2019-09-08 18:18:28.318] [exthost] [info] ExtensionService#loadCommonJSModule file:///usr/share/code/resources/app/extensions/git/dist/main
[2019-09-08 18:18:28.449] [exthost] [info] ExtensionService#_doActivateExtension vscode.merge-conflict {"startup":true,"activationEvent":"*"}
[2019-09-08 18:18:28.449] [exthost] [info] ExtensionService#loadCommonJSModule file:///usr/share/code/resources/app/extensions/merge-conflict/dist/extension
[2019-09-08 18:18:28.457] [exthost] [info] ExtensionService#_doActivateExtension alefragnani.project-manager {"startup":true,"activationEvent":"*"}
[2019-09-08 18:18:28.457] [exthost] [info] ExtensionService#loadCommonJSModule file:///home/aman/.vscode/extensions/alefragnani.project-manager-10.7.0/dist/extension
[2019-09-08 18:18:28.472] [exthost] [info] ExtensionService#_doActivateExtension christian-kohler.path-intellisense {"startup":true,"activationEvent":"*"}
[2019-09-08 18:18:28.472] [exthost] [info] ExtensionService#loadCommonJSModule file:///home/aman/.vscode/extensions/christian-kohler.path-intellisense-1.4.2/out/src/extension
[2019-09-08 18:18:28.485] [exthost] [info] ExtensionService#_doActivateExtension eamodio.gitlens {"startup":true,"activationEvent":"*"}
[2019-09-08 18:18:28.485] [exthost] [info] ExtensionService#loadCommonJSModule file:///home/aman/.vscode/extensions/eamodio.gitlens-9.9.3/dist/extension
[2019-09-08 18:18:28.697] [exthost] [info] ExtensionService#_doActivateExtension pranaygp.vscode-css-peek {"startup":true,"activationEvent":"*"}
[2019-09-08 18:18:28.697] [exthost] [info] ExtensionService#loadCommonJSModule file:///home/aman/.vscode/extensions/pranaygp.vscode-css-peek-3.0.2/out/client/src/extension
[2019-09-08 18:18:28.755] [exthost] [info] ExtensionService#_doActivateExtension ritwickdey.LiveServer {"startup":true,"activationEvent":"*"}
[2019-09-08 18:18:28.755] [exthost] [info] ExtensionService#loadCommonJSModule file:///home/aman/.vscode/extensions/ritwickdey.liveserver-5.6.1/out/src/extension
[2019-09-08 18:18:29.141] [exthost] [info] ExtensionService#_doActivateExtension Shan.code-settings-sync {"startup":true,"activationEvent":"*"}
[2019-09-08 18:18:29.141] [exthost] [info] ExtensionService#loadCommonJSModule file:///home/aman/.vscode/extensions/shan.code-settings-sync-3.4.2/out/extension.js
[2019-09-08 18:18:29.423] [exthost] [info] ExtensionService#_doActivateExtension softwaredotcom.swdc-vscode {"startup":true,"activationEvent":"*"}
[2019-09-08 18:18:29.423] [exthost] [info] ExtensionService#loadCommonJSModule file:///home/aman/.vscode/extensions/softwaredotcom.swdc-vscode-1.1.26/out/extension
[2019-09-08 18:18:29.634] [exthost] [info] ExtensionService#_doActivateExtension vscode-icons-team.vscode-icons {"startup":true,"activationEvent":"*"}
[2019-09-08 18:18:29.634] [exthost] [info] ExtensionService#loadCommonJSModule file:///home/aman/.vscode/extensions/vscode-icons-team.vscode-icons-9.3.0/dist/src/vscode-icons.bundle.js
[2019-09-08 18:18:29.807] [exthost] [info] eager extensions activated
[2019-09-08 18:18:32.388] [exthost] [info] ExtensionService#_doActivateExtension vscode.css-language-features {"startup":false,"activationEvent":"onLanguage:css"}
[2019-09-08 18:18:32.388] [exthost] [info] ExtensionService#loadCommonJSModule file:///usr/share/code/resources/app/extensions/css-language-features/client/dist/cssMain
[2019-09-08 18:19:27.289] [exthost] [info] ExtensionService#_doActivateExtension vscode.configuration-editing {"startup":false,"activationEvent":"onLanguage:jsonc"}
[2019-09-08 18:19:27.289] [exthost] [info] ExtensionService#loadCommonJSModule file:///usr/share/code/resources/app/extensions/configuration-editing/dist/extension
[2019-09-08 18:19:27.406] [exthost] [info] ExtensionService#_doActivateExtension vscode.json-language-features {"startup":false,"activationEvent":"onLanguage:jsonc"}
[2019-09-08 18:19:27.406] [exthost] [info] ExtensionService#loadCommonJSModule file:///usr/share/code/resources/app/extensions/json-language-features/client/dist/jsonMain
[2019-09-08 18:19:27.530] [exthost] [info] ExtensionService#_doActivateExtension vscode.typescript-language-features {"startup":false,"activationEvent":"onLanguage:jsonc"}
[2019-09-08 18:19:27.530] [exthost] [info] ExtensionService#loadCommonJSModule file:///usr/share/code/resources/app/extensions/typescript-language-features/dist/extension
[2019-09-08 18:19:28.630] [exthost] [info] ExtensionService#_doActivateExtension vscode.html-language-features {"startup":false,"activationEvent":"onLanguage:html"}
[2019-09-08 18:19:28.630] [exthost] [info] ExtensionService#loadCommonJSModule file:///usr/share/code/resources/app/extensions/html-language-features/client/dist/htmlMain
