[Server(3482) file:///home/aman/Desktop/ExpendiShare] Started and initialize received
[Server(3483) file:///home/aman/Desktop/ExpendiShare] Started and initialize received
[Server(3483) file:///home/aman/Desktop/ExpendiShare] Setup a stylesheet lookup map
[Server(3482) file:///home/aman/Desktop/ExpendiShare] Setup a stylesheet lookup map
[Server(3483) file:///home/aman/Desktop/ExpendiShare] Document opened: file:///home/aman/Desktop/ExpendiShare/index.html
[Server(3483) file:///home/aman/Desktop/ExpendiShare] Document changed: file:///home/aman/Desktop/ExpendiShare/index.html
[Server(3482) file:///home/aman/Desktop/ExpendiShare] Document opened: file:///home/aman/Desktop/ExpendiShare/index.html
[Server(3482) file:///home/aman/Desktop/ExpendiShare] Document changed: file:///home/aman/Desktop/ExpendiShare/index.html
[Server(3483) file:///home/aman/Desktop/ExpendiShare] Document opened: file:///home/aman/Desktop/ExpendiShare/html/dashboard.html
[Server(3482) file:///home/aman/Desktop/ExpendiShare] Document opened: file:///home/aman/Desktop/ExpendiShare/html/dashboard.html
[Server(3483) file:///home/aman/Desktop/ExpendiShare] Document changed: file:///home/aman/Desktop/ExpendiShare/html/dashboard.html
[Server(3482) file:///home/aman/Desktop/ExpendiShare] Document changed: file:///home/aman/Desktop/ExpendiShare/html/dashboard.html
[Server(3483) file:///home/aman/Desktop/ExpendiShare] Document changed: file:///home/aman/Desktop/ExpendiShare/html/dashboard.html
[Server(3482) file:///home/aman/Desktop/ExpendiShare] Document changed: file:///home/aman/Desktop/ExpendiShare/html/dashboard.html
[Server(3483) file:///home/aman/Desktop/ExpendiShare] Document changed: file:///home/aman/Desktop/ExpendiShare/html/dashboard.html
[Server(3482) file:///home/aman/Desktop/ExpendiShare] Document changed: file:///home/aman/Desktop/ExpendiShare/html/dashboard.html
[Server(3483) file:///home/aman/Desktop/ExpendiShare] Document changed: file:///home/aman/Desktop/ExpendiShare/html/dashboard.html
[Server(3482) file:///home/aman/Desktop/ExpendiShare] Document changed: file:///home/aman/Desktop/ExpendiShare/html/dashboard.html
[Server(3483) file:///home/aman/Desktop/ExpendiShare] Document changed: file:///home/aman/Desktop/ExpendiShare/html/dashboard.html
[Server(3482) file:///home/aman/Desktop/ExpendiShare] Document changed: file:///home/aman/Desktop/ExpendiShare/html/dashboard.html
[Server(3483) file:///home/aman/Desktop/ExpendiShare] Document changed: file:///home/aman/Desktop/ExpendiShare/html/dashboard.html
[Server(3482) file:///home/aman/Desktop/ExpendiShare] Document changed: file:///home/aman/Desktop/ExpendiShare/html/dashboard.html
[Server(3483) file:///home/aman/Desktop/ExpendiShare] Document changed: file:///home/aman/Desktop/ExpendiShare/html/dashboard.html
[Server(3482) file:///home/aman/Desktop/ExpendiShare] Document changed: file:///home/aman/Desktop/ExpendiShare/html/dashboard.html
[Server(3483) file:///home/aman/Desktop/ExpendiShare] Document changed: file:///home/aman/Desktop/ExpendiShare/html/dashboard.html
[Server(3482) file:///home/aman/Desktop/ExpendiShare] Document changed: file:///home/aman/Desktop/ExpendiShare/html/dashboard.html
[Server(3483) file:///home/aman/Desktop/ExpendiShare] Document changed: file:///home/aman/Desktop/ExpendiShare/html/dashboard.html
[Server(3482) file:///home/aman/Desktop/ExpendiShare] Document changed: file:///home/aman/Desktop/ExpendiShare/html/dashboard.html
Found CSS selector of type class and value main-content
Found CSS selector of type class and value main-content
Searching for symbol
Found 23 symbols in file:///home/aman/Desktop/ExpendiShare/css/main.css
Found 2 symbols in file:///home/aman/Desktop/ExpendiShare/css/dash.css
Searching for symbol
Found 19 symbols in file:///home/aman/Desktop/ExpendiShare/css/login.css
Found 23 symbols in file:///home/aman/Desktop/ExpendiShare/css/main.css
Found 0 symbols in file:///home/aman/Desktop/ExpendiShare/PHP/Database/test.css
Found 2 symbols in file:///home/aman/Desktop/ExpendiShare/css/dash.css
Found 19 symbols in file:///home/aman/Desktop/ExpendiShare/css/login.css
Found 0 symbols in file:///home/aman/Desktop/ExpendiShare/PHP/Database/test.css
[Server(3483) file:///home/aman/Desktop/ExpendiShare] Document changed: file:///home/aman/Desktop/ExpendiShare/html/dashboard.html
[Server(3482) file:///home/aman/Desktop/ExpendiShare] Document changed: file:///home/aman/Desktop/ExpendiShare/html/dashboard.html
[Server(3483) file:///home/aman/Desktop/ExpendiShare] Document opened: file:///home/aman/Desktop/ExpendiShare/html/login.html
[Server(3482) file:///home/aman/Desktop/ExpendiShare] Document opened: file:///home/aman/Desktop/ExpendiShare/html/login.html
[Server(3483) file:///home/aman/Desktop/ExpendiShare] Document changed: file:///home/aman/Desktop/ExpendiShare/html/login.html
[Server(3482) file:///home/aman/Desktop/ExpendiShare] Document changed: file:///home/aman/Desktop/ExpendiShare/html/login.html
[Server(3483) file:///home/aman/Desktop/ExpendiShare] Document changed: file:///home/aman/Desktop/ExpendiShare/html/login.html
[Server(3482) file:///home/aman/Desktop/ExpendiShare] Document changed: file:///home/aman/Desktop/ExpendiShare/html/login.html
[Server(3483) file:///home/aman/Desktop/ExpendiShare] Document changed: file:///home/aman/Desktop/ExpendiShare/html/login.html
[Server(3482) file:///home/aman/Desktop/ExpendiShare] Document changed: file:///home/aman/Desktop/ExpendiShare/html/login.html
[Server(3483) file:///home/aman/Desktop/ExpendiShare] Document changed: file:///home/aman/Desktop/ExpendiShare/html/login.html
[Server(3482) file:///home/aman/Desktop/ExpendiShare] Document changed: file:///home/aman/Desktop/ExpendiShare/html/login.html
[Server(3483) file:///home/aman/Desktop/ExpendiShare] Document changed: file:///home/aman/Desktop/ExpendiShare/html/login.html
[Server(3482) file:///home/aman/Desktop/ExpendiShare] Document changed: file:///home/aman/Desktop/ExpendiShare/html/login.html
[Server(3483) file:///home/aman/Desktop/ExpendiShare] Document changed: file:///home/aman/Desktop/ExpendiShare/html/login.html
[Server(3482) file:///home/aman/Desktop/ExpendiShare] Document changed: file:///home/aman/Desktop/ExpendiShare/html/login.html
[Server(3483) file:///home/aman/Desktop/ExpendiShare] Document changed: file:///home/aman/Desktop/ExpendiShare/html/login.html
[Server(3482) file:///home/aman/Desktop/ExpendiShare] Document changed: file:///home/aman/Desktop/ExpendiShare/html/login.html
[Server(3483) file:///home/aman/Desktop/ExpendiShare] Document opened: file:///home/aman/Desktop/ExpendiShare/html/signup_success.html
[Server(3482) file:///home/aman/Desktop/ExpendiShare] Document opened: file:///home/aman/Desktop/ExpendiShare/html/signup_success.html
[Server(3483) file:///home/aman/Desktop/ExpendiShare] Document changed: file:///home/aman/Desktop/ExpendiShare/html/signup_success.html
[Server(3482) file:///home/aman/Desktop/ExpendiShare] Document changed: file:///home/aman/Desktop/ExpendiShare/html/signup_success.html
[Server(3483) file:///home/aman/Desktop/ExpendiShare] Document changed: file:///home/aman/Desktop/ExpendiShare/html/signup_success.html
[Server(3482) file:///home/aman/Desktop/ExpendiShare] Document changed: file:///home/aman/Desktop/ExpendiShare/html/signup_success.html
[Server(3483) file:///home/aman/Desktop/ExpendiShare] Document changed: file:///home/aman/Desktop/ExpendiShare/html/signup_success.html
[Server(3482) file:///home/aman/Desktop/ExpendiShare] Document changed: file:///home/aman/Desktop/ExpendiShare/html/signup_success.html
[Server(3482) file:///home/aman/Desktop/ExpendiShare] Document changed: file:///home/aman/Desktop/ExpendiShare/html/signup_success.html
[Server(3483) file:///home/aman/Desktop/ExpendiShare] Document changed: file:///home/aman/Desktop/ExpendiShare/html/signup_success.html
Found CSS selector of type null and value button
Found CSS selector of type null and value button
Searching for symbol
Found 23 symbols in file:///home/aman/Desktop/ExpendiShare/css/main.css
Found 2 symbols in file:///home/aman/Desktop/ExpendiShare/css/dash.css
Searching for symbol
Found 19 symbols in file:///home/aman/Desktop/ExpendiShare/css/login.css
Found 23 symbols in file:///home/aman/Desktop/ExpendiShare/css/main.css
Found 0 symbols in file:///home/aman/Desktop/ExpendiShare/PHP/Database/test.css
Found 2 symbols in file:///home/aman/Desktop/ExpendiShare/css/dash.css
Found 19 symbols in file:///home/aman/Desktop/ExpendiShare/css/login.css
Found 0 symbols in file:///home/aman/Desktop/ExpendiShare/PHP/Database/test.css
[Server(3483) file:///home/aman/Desktop/ExpendiShare] Document changed: file:///home/aman/Desktop/ExpendiShare/html/login.html
[Server(3482) file:///home/aman/Desktop/ExpendiShare] Document changed: file:///home/aman/Desktop/ExpendiShare/html/login.html
[Server(3483) file:///home/aman/Desktop/ExpendiShare] Document changed: file:///home/aman/Desktop/ExpendiShare/html/login.html
[Server(3482) file:///home/aman/Desktop/ExpendiShare] Document changed: file:///home/aman/Desktop/ExpendiShare/html/login.html
[Server(3483) file:///home/aman/Desktop/ExpendiShare] Document opened: file:///home/aman/Desktop/ExpendiShare/html/login.html
[Server(3482) file:///home/aman/Desktop/ExpendiShare] Document opened: file:///home/aman/Desktop/ExpendiShare/html/login.html
[Server(3483) file:///home/aman/Desktop/ExpendiShare] Document changed: file:///home/aman/Desktop/ExpendiShare/html/login.html
[Server(3482) file:///home/aman/Desktop/ExpendiShare] Document changed: file:///home/aman/Desktop/ExpendiShare/html/login.html
[Server(3483) file:///home/aman/Desktop/ExpendiShare] Document opened: file:///home/aman/Desktop/ExpendiShare/html/dashboard.html
[Server(3482) file:///home/aman/Desktop/ExpendiShare] Document opened: file:///home/aman/Desktop/ExpendiShare/html/dashboard.html
[Server(3483) file:///home/aman/Desktop/ExpendiShare] Document changed: file:///home/aman/Desktop/ExpendiShare/html/dashboard.html
[Server(3482) file:///home/aman/Desktop/ExpendiShare] Document changed: file:///home/aman/Desktop/ExpendiShare/html/dashboard.html
[Server(3483) file:///home/aman/Desktop/ExpendiShare] Document opened: file:///home/aman/Desktop/ExpendiShare/html/signup_success.html
[Server(3482) file:///home/aman/Desktop/ExpendiShare] Document opened: file:///home/aman/Desktop/ExpendiShare/html/signup_success.html
[Server(3483) file:///home/aman/Desktop/ExpendiShare] Document changed: file:///home/aman/Desktop/ExpendiShare/html/signup_success.html
[Server(3482) file:///home/aman/Desktop/ExpendiShare] Document changed: file:///home/aman/Desktop/ExpendiShare/html/signup_success.html
[Server(3483) file:///home/aman/Desktop/ExpendiShare] Document opened: file:///home/aman/Desktop/ExpendiShare/html/login.html
[Server(3482) file:///home/aman/Desktop/ExpendiShare] Document opened: file:///home/aman/Desktop/ExpendiShare/html/login.html
[Server(3483) file:///home/aman/Desktop/ExpendiShare] Document changed: file:///home/aman/Desktop/ExpendiShare/html/login.html
[Server(3482) file:///home/aman/Desktop/ExpendiShare] Document changed: file:///home/aman/Desktop/ExpendiShare/html/login.html
[Server(3483) file:///home/aman/Desktop/ExpendiShare] Document opened: file:///home/aman/Desktop/ExpendiShare/html/signup_success.html
[Server(3482) file:///home/aman/Desktop/ExpendiShare] Document opened: file:///home/aman/Desktop/ExpendiShare/html/signup_success.html
[Server(3483) file:///home/aman/Desktop/ExpendiShare] Document changed: file:///home/aman/Desktop/ExpendiShare/html/signup_success.html
[Server(3482) file:///home/aman/Desktop/ExpendiShare] Document changed: file:///home/aman/Desktop/ExpendiShare/html/signup_success.html
[Server(3483) file:///home/aman/Desktop/ExpendiShare] Document opened: file:///home/aman/Desktop/ExpendiShare/php2/connect.php
[Server(3482) file:///home/aman/Desktop/ExpendiShare] Document opened: file:///home/aman/Desktop/ExpendiShare/php2/connect.php
[Server(3483) file:///home/aman/Desktop/ExpendiShare] Document changed: file:///home/aman/Desktop/ExpendiShare/php2/connect.php
[Server(3482) file:///home/aman/Desktop/ExpendiShare] Document changed: file:///home/aman/Desktop/ExpendiShare/php2/connect.php
[Server(3483) file:///home/aman/Desktop/ExpendiShare] Document changed: file:///home/aman/Desktop/ExpendiShare/php2/connect.php
[Server(3482) file:///home/aman/Desktop/ExpendiShare] Document changed: file:///home/aman/Desktop/ExpendiShare/php2/connect.php
[Server(3483) file:///home/aman/Desktop/ExpendiShare] Document changed: file:///home/aman/Desktop/ExpendiShare/php2/connect.php
[Server(3482) file:///home/aman/Desktop/ExpendiShare] Document changed: file:///home/aman/Desktop/ExpendiShare/php2/connect.php
[Server(3483) file:///home/aman/Desktop/ExpendiShare] Document changed: file:///home/aman/Desktop/ExpendiShare/php2/connect.php
[Server(3482) file:///home/aman/Desktop/ExpendiShare] Document changed: file:///home/aman/Desktop/ExpendiShare/php2/connect.php
