[2019-09-07 18:11:10.379] [exthost] [info] extension host started
[2019-09-07 18:11:10.413] [exthost] [info] ExtensionService#_doActivateExtension aaron-bond.better-comments {"startup":false,"activationEvent":"onLanguage:plaintext"}
[2019-09-07 18:11:10.413] [exthost] [info] ExtensionService#loadCommonJSModule file:///home/aman/.vscode/extensions/aaron-bond.better-comments-2.0.5/out/extension
[2019-09-07 18:11:10.417] [exthost] [info] ExtensionService#_doActivateExtension vscode.debug-auto-launch {"startup":true,"activationEvent":"*"}
[2019-09-07 18:11:10.417] [exthost] [info] ExtensionService#loadCommonJSModule file:///usr/share/code/resources/app/extensions/debug-auto-launch/dist/extension
[2019-09-07 18:11:10.421] [exthost] [info] ExtensionService#_doActivateExtension vscode.emmet {"startup":true,"activationEvent":"*"}
[2019-09-07 18:11:10.422] [exthost] [info] ExtensionService#loadCommonJSModule file:///usr/share/code/resources/app/extensions/emmet/dist/extension
[2019-09-07 18:11:10.488] [exthost] [info] ExtensionService#_doActivateExtension vscode.git {"startup":true,"activationEvent":"*"}
[2019-09-07 18:11:10.488] [exthost] [info] ExtensionService#loadCommonJSModule file:///usr/share/code/resources/app/extensions/git/dist/main
[2019-09-07 18:11:10.618] [exthost] [info] ExtensionService#_doActivateExtension vscode.merge-conflict {"startup":true,"activationEvent":"*"}
[2019-09-07 18:11:10.618] [exthost] [info] ExtensionService#loadCommonJSModule file:///usr/share/code/resources/app/extensions/merge-conflict/dist/extension
[2019-09-07 18:11:10.626] [exthost] [info] ExtensionService#_doActivateExtension alefragnani.project-manager {"startup":true,"activationEvent":"*"}
[2019-09-07 18:11:10.626] [exthost] [info] ExtensionService#loadCommonJSModule file:///home/aman/.vscode/extensions/alefragnani.project-manager-10.7.0/dist/extension
[2019-09-07 18:11:10.638] [exthost] [info] ExtensionService#_doActivateExtension christian-kohler.path-intellisense {"startup":true,"activationEvent":"*"}
[2019-09-07 18:11:10.638] [exthost] [info] ExtensionService#loadCommonJSModule file:///home/aman/.vscode/extensions/christian-kohler.path-intellisense-1.4.2/out/src/extension
[2019-09-07 18:11:10.651] [exthost] [info] ExtensionService#_doActivateExtension eamodio.gitlens {"startup":true,"activationEvent":"*"}
[2019-09-07 18:11:10.651] [exthost] [info] ExtensionService#loadCommonJSModule file:///home/aman/.vscode/extensions/eamodio.gitlens-9.9.3/dist/extension
[2019-09-07 18:11:10.867] [exthost] [info] ExtensionService#_doActivateExtension pranaygp.vscode-css-peek {"startup":true,"activationEvent":"*"}
[2019-09-07 18:11:10.867] [exthost] [info] ExtensionService#loadCommonJSModule file:///home/aman/.vscode/extensions/pranaygp.vscode-css-peek-3.0.2/out/client/src/extension
[2019-09-07 18:11:10.926] [exthost] [info] ExtensionService#_doActivateExtension ritwickdey.LiveServer {"startup":true,"activationEvent":"*"}
[2019-09-07 18:11:10.926] [exthost] [info] ExtensionService#loadCommonJSModule file:///home/aman/.vscode/extensions/ritwickdey.liveserver-5.6.1/out/src/extension
[2019-09-07 18:11:11.619] [exthost] [info] ExtensionService#_doActivateExtension Shan.code-settings-sync {"startup":true,"activationEvent":"*"}
[2019-09-07 18:11:11.620] [exthost] [info] ExtensionService#loadCommonJSModule file:///home/aman/.vscode/extensions/shan.code-settings-sync-3.4.2/out/extension.js
[2019-09-07 18:11:12.084] [exthost] [info] ExtensionService#_doActivateExtension softwaredotcom.swdc-vscode {"startup":true,"activationEvent":"*"}
[2019-09-07 18:11:12.084] [exthost] [info] ExtensionService#loadCommonJSModule file:///home/aman/.vscode/extensions/softwaredotcom.swdc-vscode-1.1.26/out/extension
[2019-09-07 18:11:12.453] [exthost] [info] ExtensionService#_doActivateExtension vscode-icons-team.vscode-icons {"startup":true,"activationEvent":"*"}
[2019-09-07 18:11:12.453] [exthost] [info] ExtensionService#loadCommonJSModule file:///home/aman/.vscode/extensions/vscode-icons-team.vscode-icons-9.3.0/dist/src/vscode-icons.bundle.js
[2019-09-07 18:11:12.759] [exthost] [info] eager extensions activated
[2019-09-07 18:11:13.542] [exthost] [info] ExtensionService#_doActivateExtension vscode.html-language-features {"startup":false,"activationEvent":"onLanguage:html"}
[2019-09-07 18:11:13.542] [exthost] [info] ExtensionService#loadCommonJSModule file:///usr/share/code/resources/app/extensions/html-language-features/client/dist/htmlMain
[2019-09-07 18:11:47.003] [exthost] [info] ExtensionService#_doActivateExtension vscode.configuration-editing {"startup":false,"activationEvent":"onLanguage:jsonc"}
[2019-09-07 18:11:47.004] [exthost] [info] ExtensionService#loadCommonJSModule file:///usr/share/code/resources/app/extensions/configuration-editing/dist/extension
[2019-09-07 18:11:47.078] [exthost] [info] ExtensionService#_doActivateExtension vscode.json-language-features {"startup":false,"activationEvent":"onLanguage:jsonc"}
[2019-09-07 18:11:47.078] [exthost] [info] ExtensionService#loadCommonJSModule file:///usr/share/code/resources/app/extensions/json-language-features/client/dist/jsonMain
[2019-09-07 18:11:47.224] [exthost] [info] ExtensionService#_doActivateExtension vscode.typescript-language-features {"startup":false,"activationEvent":"onLanguage:jsonc"}
[2019-09-07 18:11:47.224] [exthost] [info] ExtensionService#loadCommonJSModule file:///usr/share/code/resources/app/extensions/typescript-language-features/dist/extension
[2019-09-07 18:12:08.696] [exthost] [info] extension host started
[2019-09-07 18:12:08.723] [exthost] [info] ExtensionService#_doActivateExtension aaron-bond.better-comments {"startup":false,"activationEvent":"onLanguage:plaintext"}
[2019-09-07 18:12:08.723] [exthost] [info] ExtensionService#loadCommonJSModule file:///home/aman/.vscode/extensions/aaron-bond.better-comments-2.0.5/out/extension
[2019-09-07 18:12:08.729] [exthost] [info] ExtensionService#_doActivateExtension vscode.debug-auto-launch {"startup":true,"activationEvent":"*"}
[2019-09-07 18:12:08.730] [exthost] [info] ExtensionService#loadCommonJSModule file:///usr/share/code/resources/app/extensions/debug-auto-launch/dist/extension
[2019-09-07 18:12:08.736] [exthost] [info] ExtensionService#_doActivateExtension vscode.emmet {"startup":true,"activationEvent":"*"}
[2019-09-07 18:12:08.736] [exthost] [info] ExtensionService#loadCommonJSModule file:///usr/share/code/resources/app/extensions/emmet/dist/extension
[2019-09-07 18:12:08.807] [exthost] [info] ExtensionService#_doActivateExtension vscode.git {"startup":true,"activationEvent":"*"}
[2019-09-07 18:12:08.807] [exthost] [info] ExtensionService#loadCommonJSModule file:///usr/share/code/resources/app/extensions/git/dist/main
[2019-09-07 18:12:08.948] [exthost] [info] ExtensionService#_doActivateExtension vscode.merge-conflict {"startup":true,"activationEvent":"*"}
[2019-09-07 18:12:08.948] [exthost] [info] ExtensionService#loadCommonJSModule file:///usr/share/code/resources/app/extensions/merge-conflict/dist/extension
[2019-09-07 18:12:08.956] [exthost] [info] ExtensionService#_doActivateExtension alefragnani.project-manager {"startup":true,"activationEvent":"*"}
[2019-09-07 18:12:08.956] [exthost] [info] ExtensionService#loadCommonJSModule file:///home/aman/.vscode/extensions/alefragnani.project-manager-10.7.0/dist/extension
[2019-09-07 18:12:08.975] [exthost] [info] ExtensionService#_doActivateExtension christian-kohler.path-intellisense {"startup":true,"activationEvent":"*"}
[2019-09-07 18:12:08.975] [exthost] [info] ExtensionService#loadCommonJSModule file:///home/aman/.vscode/extensions/christian-kohler.path-intellisense-1.4.2/out/src/extension
[2019-09-07 18:12:08.991] [exthost] [info] ExtensionService#_doActivateExtension eamodio.gitlens {"startup":true,"activationEvent":"*"}
[2019-09-07 18:12:08.991] [exthost] [info] ExtensionService#loadCommonJSModule file:///home/aman/.vscode/extensions/eamodio.gitlens-9.9.3/dist/extension
[2019-09-07 18:12:09.205] [exthost] [info] ExtensionService#_doActivateExtension pranaygp.vscode-css-peek {"startup":true,"activationEvent":"*"}
[2019-09-07 18:12:09.205] [exthost] [info] ExtensionService#loadCommonJSModule file:///home/aman/.vscode/extensions/pranaygp.vscode-css-peek-3.0.2/out/client/src/extension
[2019-09-07 18:12:09.269] [exthost] [info] ExtensionService#_doActivateExtension ritwickdey.LiveServer {"startup":true,"activationEvent":"*"}
[2019-09-07 18:12:09.269] [exthost] [info] ExtensionService#loadCommonJSModule file:///home/aman/.vscode/extensions/ritwickdey.liveserver-5.6.1/out/src/extension
[2019-09-07 18:12:09.634] [exthost] [info] ExtensionService#_doActivateExtension Shan.code-settings-sync {"startup":true,"activationEvent":"*"}
[2019-09-07 18:12:09.634] [exthost] [info] ExtensionService#loadCommonJSModule file:///home/aman/.vscode/extensions/shan.code-settings-sync-3.4.2/out/extension.js
[2019-09-07 18:12:09.921] [exthost] [info] ExtensionService#_doActivateExtension softwaredotcom.swdc-vscode {"startup":true,"activationEvent":"*"}
[2019-09-07 18:12:09.921] [exthost] [info] ExtensionService#loadCommonJSModule file:///home/aman/.vscode/extensions/softwaredotcom.swdc-vscode-1.1.26/out/extension
[2019-09-07 18:12:10.152] [exthost] [info] ExtensionService#_doActivateExtension vscode-icons-team.vscode-icons {"startup":true,"activationEvent":"*"}
[2019-09-07 18:12:10.153] [exthost] [info] ExtensionService#loadCommonJSModule file:///home/aman/.vscode/extensions/vscode-icons-team.vscode-icons-9.3.0/dist/src/vscode-icons.bundle.js
[2019-09-07 18:12:10.309] [exthost] [info] eager extensions activated
[2019-09-07 18:12:22.143] [exthost] [info] ExtensionService#_doActivateExtension vscode.css-language-features {"startup":false,"activationEvent":"onLanguage:css"}
[2019-09-07 18:12:22.143] [exthost] [info] ExtensionService#loadCommonJSModule file:///usr/share/code/resources/app/extensions/css-language-features/client/dist/cssMain
[2019-09-07 18:12:34.178] [exthost] [info] ExtensionService#_doActivateExtension vscode.html-language-features {"startup":false,"activationEvent":"onLanguage:html"}
[2019-09-07 18:12:34.178] [exthost] [info] ExtensionService#loadCommonJSModule file:///usr/share/code/resources/app/extensions/html-language-features/client/dist/htmlMain
