[Server(5457) file:///opt/lampp/htdocs/ExpendiShare] Started and initialize received
[Server(5457) file:///opt/lampp/htdocs/ExpendiShare] Setup a stylesheet lookup map
[Server(5457) file:///opt/lampp/htdocs/ExpendiShare] Document opened: file:///opt/lampp/htdocs/ExpendiShare/html/dashboard.html
[Server(5457) file:///opt/lampp/htdocs/ExpendiShare] Document changed: file:///opt/lampp/htdocs/ExpendiShare/html/dashboard.html
[Server(5457) file:///opt/lampp/htdocs/ExpendiShare] Document changed: file:///opt/lampp/htdocs/ExpendiShare/html/dashboard.html
[Server(5457) file:///opt/lampp/htdocs/ExpendiShare] Document changed: file:///opt/lampp/htdocs/ExpendiShare/html/dashboard.html
[Server(5457) file:///opt/lampp/htdocs/ExpendiShare] Document changed: file:///opt/lampp/htdocs/ExpendiShare/html/dashboard.html
[Server(5457) file:///opt/lampp/htdocs/ExpendiShare] Document changed: file:///opt/lampp/htdocs/ExpendiShare/html/dashboard.html
[Server(5457) file:///opt/lampp/htdocs/ExpendiShare] Document changed: file:///opt/lampp/htdocs/ExpendiShare/html/dashboard.html
[Server(5457) file:///opt/lampp/htdocs/ExpendiShare] Document changed: file:///opt/lampp/htdocs/ExpendiShare/html/dashboard.html
[Server(5457) file:///opt/lampp/htdocs/ExpendiShare] Document changed: file:///opt/lampp/htdocs/ExpendiShare/html/dashboard.html
[Server(5457) file:///opt/lampp/htdocs/ExpendiShare] Document changed: file:///opt/lampp/htdocs/ExpendiShare/html/dashboard.html
[Server(5457) file:///opt/lampp/htdocs/ExpendiShare] Document changed: file:///opt/lampp/htdocs/ExpendiShare/html/dashboard.html
[Server(5457) file:///opt/lampp/htdocs/ExpendiShare] Document changed: file:///opt/lampp/htdocs/ExpendiShare/html/dashboard.html
[Server(5457) file:///opt/lampp/htdocs/ExpendiShare] Document changed: file:///opt/lampp/htdocs/ExpendiShare/html/dashboard.html
[Server(5457) file:///opt/lampp/htdocs/ExpendiShare] Document changed: file:///opt/lampp/htdocs/ExpendiShare/html/dashboard.html
[Server(5457) file:///opt/lampp/htdocs/ExpendiShare] Document changed: file:///opt/lampp/htdocs/ExpendiShare/html/dashboard.html
[Server(5457) file:///opt/lampp/htdocs/ExpendiShare] Document changed: file:///opt/lampp/htdocs/ExpendiShare/html/dashboard.html
[Server(5457) file:///opt/lampp/htdocs/ExpendiShare] Document changed: file:///opt/lampp/htdocs/ExpendiShare/html/dashboard.html
[Server(5457) file:///opt/lampp/htdocs/ExpendiShare] Document changed: file:///opt/lampp/htdocs/ExpendiShare/html/dashboard.html
[Server(5457) file:///opt/lampp/htdocs/ExpendiShare] Document changed: file:///opt/lampp/htdocs/ExpendiShare/html/dashboard.html
[Server(5457) file:///opt/lampp/htdocs/ExpendiShare] Document changed: file:///opt/lampp/htdocs/ExpendiShare/html/dashboard.html
[Server(5457) file:///opt/lampp/htdocs/ExpendiShare] Document changed: file:///opt/lampp/htdocs/ExpendiShare/html/dashboard.html
[Server(5457) file:///opt/lampp/htdocs/ExpendiShare] Document changed: file:///opt/lampp/htdocs/ExpendiShare/html/dashboard.html
[Server(5457) file:///opt/lampp/htdocs/ExpendiShare] Document changed: file:///opt/lampp/htdocs/ExpendiShare/html/dashboard.html
[Server(5457) file:///opt/lampp/htdocs/ExpendiShare] Document changed: file:///opt/lampp/htdocs/ExpendiShare/html/dashboard.html
[Server(5457) file:///opt/lampp/htdocs/ExpendiShare] Document changed: file:///opt/lampp/htdocs/ExpendiShare/html/dashboard.html
[Server(5457) file:///opt/lampp/htdocs/ExpendiShare] Document changed: file:///opt/lampp/htdocs/ExpendiShare/html/dashboard.html
[Server(5457) file:///opt/lampp/htdocs/ExpendiShare] Document changed: file:///opt/lampp/htdocs/ExpendiShare/html/dashboard.html
[Server(5457) file:///opt/lampp/htdocs/ExpendiShare] Document changed: file:///opt/lampp/htdocs/ExpendiShare/html/dashboard.html
[Server(5457) file:///opt/lampp/htdocs/ExpendiShare] Document changed: file:///opt/lampp/htdocs/ExpendiShare/html/dashboard.html
[Server(5457) file:///opt/lampp/htdocs/ExpendiShare] Document changed: file:///opt/lampp/htdocs/ExpendiShare/html/dashboard.html
[Server(5457) file:///opt/lampp/htdocs/ExpendiShare] Document changed: file:///opt/lampp/htdocs/ExpendiShare/html/dashboard.html
[Server(5457) file:///opt/lampp/htdocs/ExpendiShare] Document changed: file:///opt/lampp/htdocs/ExpendiShare/html/dashboard.html
[Server(5457) file:///opt/lampp/htdocs/ExpendiShare] Document changed: file:///opt/lampp/htdocs/ExpendiShare/html/dashboard.html
[Server(5457) file:///opt/lampp/htdocs/ExpendiShare] Document changed: file:///opt/lampp/htdocs/ExpendiShare/html/dashboard.html
[Server(5457) file:///opt/lampp/htdocs/ExpendiShare] Document changed: file:///opt/lampp/htdocs/ExpendiShare/html/dashboard.html
[Server(5457) file:///opt/lampp/htdocs/ExpendiShare] Document changed: file:///opt/lampp/htdocs/ExpendiShare/html/dashboard.html
[Server(5457) file:///opt/lampp/htdocs/ExpendiShare] Document changed: file:///opt/lampp/htdocs/ExpendiShare/html/dashboard.html
[Server(5457) file:///opt/lampp/htdocs/ExpendiShare] Document changed: file:///opt/lampp/htdocs/ExpendiShare/html/dashboard.html
[Server(5457) file:///opt/lampp/htdocs/ExpendiShare] Document changed: file:///opt/lampp/htdocs/ExpendiShare/html/dashboard.html
[Server(5457) file:///opt/lampp/htdocs/ExpendiShare] Document changed: file:///opt/lampp/htdocs/ExpendiShare/html/dashboard.html
[Server(5457) file:///opt/lampp/htdocs/ExpendiShare] Document changed: file:///opt/lampp/htdocs/ExpendiShare/html/dashboard.html
[Server(5457) file:///opt/lampp/htdocs/ExpendiShare] Document changed: file:///opt/lampp/htdocs/ExpendiShare/html/dashboard.html
[Server(5457) file:///opt/lampp/htdocs/ExpendiShare] Document changed: file:///opt/lampp/htdocs/ExpendiShare/html/dashboard.html
[Server(5457) file:///opt/lampp/htdocs/ExpendiShare] Document changed: file:///opt/lampp/htdocs/ExpendiShare/html/dashboard.html
[Server(5457) file:///opt/lampp/htdocs/ExpendiShare] Document changed: file:///opt/lampp/htdocs/ExpendiShare/html/dashboard.html
[Server(5457) file:///opt/lampp/htdocs/ExpendiShare] Document changed: file:///opt/lampp/htdocs/ExpendiShare/html/dashboard.html
[Server(5457) file:///opt/lampp/htdocs/ExpendiShare] Document changed: file:///opt/lampp/htdocs/ExpendiShare/html/dashboard.html
[Server(5457) file:///opt/lampp/htdocs/ExpendiShare] Document changed: file:///opt/lampp/htdocs/ExpendiShare/html/dashboard.html
[Server(5457) file:///opt/lampp/htdocs/ExpendiShare] Document changed: file:///opt/lampp/htdocs/ExpendiShare/html/dashboard.html
Invalid Selector...
[Server(5457) file:///opt/lampp/htdocs/ExpendiShare] Document changed: file:///opt/lampp/htdocs/ExpendiShare/html/dashboard.html
[Server(5457) file:///opt/lampp/htdocs/ExpendiShare] Document changed: file:///opt/lampp/htdocs/ExpendiShare/html/dashboard.html
[Server(5457) file:///opt/lampp/htdocs/ExpendiShare] Document changed: file:///opt/lampp/htdocs/ExpendiShare/html/dashboard.html
[Server(5457) file:///opt/lampp/htdocs/ExpendiShare] Document changed: file:///opt/lampp/htdocs/ExpendiShare/html/dashboard.html
[Server(5457) file:///opt/lampp/htdocs/ExpendiShare] Document changed: file:///opt/lampp/htdocs/ExpendiShare/html/dashboard.html
[Server(5457) file:///opt/lampp/htdocs/ExpendiShare] Document changed: file:///opt/lampp/htdocs/ExpendiShare/html/dashboard.html
[Server(5457) file:///opt/lampp/htdocs/ExpendiShare] Document changed: file:///opt/lampp/htdocs/ExpendiShare/html/dashboard.html
[Server(5457) file:///opt/lampp/htdocs/ExpendiShare] Document changed: file:///opt/lampp/htdocs/ExpendiShare/html/dashboard.html
[Server(5457) file:///opt/lampp/htdocs/ExpendiShare] Document changed: file:///opt/lampp/htdocs/ExpendiShare/html/dashboard.html
[Server(5457) file:///opt/lampp/htdocs/ExpendiShare] Document changed: file:///opt/lampp/htdocs/ExpendiShare/html/dashboard.html
[Server(5457) file:///opt/lampp/htdocs/ExpendiShare] Document changed: file:///opt/lampp/htdocs/ExpendiShare/html/dashboard.html
[Server(5457) file:///opt/lampp/htdocs/ExpendiShare] Document changed: file:///opt/lampp/htdocs/ExpendiShare/html/dashboard.html
[Server(5457) file:///opt/lampp/htdocs/ExpendiShare] Document changed: file:///opt/lampp/htdocs/ExpendiShare/html/dashboard.html
[Server(5457) file:///opt/lampp/htdocs/ExpendiShare] Document changed: file:///opt/lampp/htdocs/ExpendiShare/html/dashboard.html
[Server(5457) file:///opt/lampp/htdocs/ExpendiShare] Document changed: file:///opt/lampp/htdocs/ExpendiShare/html/dashboard.html
[Server(5457) file:///opt/lampp/htdocs/ExpendiShare] Document changed: file:///opt/lampp/htdocs/ExpendiShare/html/dashboard.html
[Server(5457) file:///opt/lampp/htdocs/ExpendiShare] Document changed: file:///opt/lampp/htdocs/ExpendiShare/html/dashboard.html
[Server(5457) file:///opt/lampp/htdocs/ExpendiShare] Document changed: file:///opt/lampp/htdocs/ExpendiShare/html/dashboard.html
[Server(5457) file:///opt/lampp/htdocs/ExpendiShare] Document changed: file:///opt/lampp/htdocs/ExpendiShare/html/dashboard.html
[Server(5457) file:///opt/lampp/htdocs/ExpendiShare] Document changed: file:///opt/lampp/htdocs/ExpendiShare/html/dashboard.html
[Server(5457) file:///opt/lampp/htdocs/ExpendiShare] Document changed: file:///opt/lampp/htdocs/ExpendiShare/html/dashboard.html
[Server(5457) file:///opt/lampp/htdocs/ExpendiShare] Document changed: file:///opt/lampp/htdocs/ExpendiShare/html/dashboard.html
[Server(5457) file:///opt/lampp/htdocs/ExpendiShare] Document changed: file:///opt/lampp/htdocs/ExpendiShare/html/dashboard.html
[Server(5457) file:///opt/lampp/htdocs/ExpendiShare] Document changed: file:///opt/lampp/htdocs/ExpendiShare/html/dashboard.html
[Server(5457) file:///opt/lampp/htdocs/ExpendiShare] Document changed: file:///opt/lampp/htdocs/ExpendiShare/html/dashboard.html
[Server(5457) file:///opt/lampp/htdocs/ExpendiShare] Document changed: file:///opt/lampp/htdocs/ExpendiShare/html/dashboard.html
[Server(5457) file:///opt/lampp/htdocs/ExpendiShare] Document changed: file:///opt/lampp/htdocs/ExpendiShare/html/dashboard.html
[Server(5457) file:///opt/lampp/htdocs/ExpendiShare] Document changed: file:///opt/lampp/htdocs/ExpendiShare/html/dashboard.html
[Server(5457) file:///opt/lampp/htdocs/ExpendiShare] Document changed: file:///opt/lampp/htdocs/ExpendiShare/html/dashboard.html
[Server(5457) file:///opt/lampp/htdocs/ExpendiShare] Document changed: file:///opt/lampp/htdocs/ExpendiShare/html/dashboard.html
[Server(5457) file:///opt/lampp/htdocs/ExpendiShare] Document changed: file:///opt/lampp/htdocs/ExpendiShare/html/dashboard.html
[Server(5457) file:///opt/lampp/htdocs/ExpendiShare] Document changed: file:///opt/lampp/htdocs/ExpendiShare/html/dashboard.html
[Server(5457) file:///opt/lampp/htdocs/ExpendiShare] Document changed: file:///opt/lampp/htdocs/ExpendiShare/html/dashboard.html
[Server(5457) file:///opt/lampp/htdocs/ExpendiShare] Document changed: file:///opt/lampp/htdocs/ExpendiShare/html/dashboard.html
[Server(5457) file:///opt/lampp/htdocs/ExpendiShare] Document changed: file:///opt/lampp/htdocs/ExpendiShare/html/dashboard.html
[Server(5457) file:///opt/lampp/htdocs/ExpendiShare] Document changed: file:///opt/lampp/htdocs/ExpendiShare/html/dashboard.html
[Server(5457) file:///opt/lampp/htdocs/ExpendiShare] Document changed: file:///opt/lampp/htdocs/ExpendiShare/html/dashboard.html
[Server(5457) file:///opt/lampp/htdocs/ExpendiShare] Document changed: file:///opt/lampp/htdocs/ExpendiShare/html/dashboard.html
[Server(5457) file:///opt/lampp/htdocs/ExpendiShare] Document changed: file:///opt/lampp/htdocs/ExpendiShare/html/dashboard.html
[Server(5457) file:///opt/lampp/htdocs/ExpendiShare] Document changed: file:///opt/lampp/htdocs/ExpendiShare/html/dashboard.html
[Server(5457) file:///opt/lampp/htdocs/ExpendiShare] Document changed: file:///opt/lampp/htdocs/ExpendiShare/html/dashboard.html
[Server(5457) file:///opt/lampp/htdocs/ExpendiShare] Document changed: file:///opt/lampp/htdocs/ExpendiShare/html/dashboard.html
[Server(5457) file:///opt/lampp/htdocs/ExpendiShare] Document changed: file:///opt/lampp/htdocs/ExpendiShare/html/dashboard.html
[Server(5457) file:///opt/lampp/htdocs/ExpendiShare] Document changed: file:///opt/lampp/htdocs/ExpendiShare/html/dashboard.html
Found CSS selector of type class and value nav-links
Searching for symbol
Found 43 symbols in file:///opt/lampp/htdocs/ExpendiShare/css/main.css
Found 0 symbols in file:///opt/lampp/htdocs/ExpendiShare/css/dash.css
Found 0 symbols in file:///opt/lampp/htdocs/ExpendiShare/PHP/Database/test.css
[Server(5457) file:///opt/lampp/htdocs/ExpendiShare] Document changed: file:///opt/lampp/htdocs/ExpendiShare/html/dashboard.html
[Server(5457) file:///opt/lampp/htdocs/ExpendiShare] Document changed: file:///opt/lampp/htdocs/ExpendiShare/html/dashboard.html
[Server(5457) file:///opt/lampp/htdocs/ExpendiShare] Document changed: file:///opt/lampp/htdocs/ExpendiShare/html/dashboard.html
[Server(5457) file:///opt/lampp/htdocs/ExpendiShare] Document changed: file:///opt/lampp/htdocs/ExpendiShare/html/dashboard.html
[Server(5457) file:///opt/lampp/htdocs/ExpendiShare] Document changed: file:///opt/lampp/htdocs/ExpendiShare/html/dashboard.html
[Server(5457) file:///opt/lampp/htdocs/ExpendiShare] Document changed: file:///opt/lampp/htdocs/ExpendiShare/html/dashboard.html
[Server(5457) file:///opt/lampp/htdocs/ExpendiShare] Document changed: file:///opt/lampp/htdocs/ExpendiShare/html/dashboard.html
[Server(5457) file:///opt/lampp/htdocs/ExpendiShare] Document changed: file:///opt/lampp/htdocs/ExpendiShare/html/dashboard.html
[Server(5457) file:///opt/lampp/htdocs/ExpendiShare] Document changed: file:///opt/lampp/htdocs/ExpendiShare/html/dashboard.html
[Server(5457) file:///opt/lampp/htdocs/ExpendiShare] Document changed: file:///opt/lampp/htdocs/ExpendiShare/html/dashboard.html
[Server(5457) file:///opt/lampp/htdocs/ExpendiShare] Document changed: file:///opt/lampp/htdocs/ExpendiShare/html/dashboard.html
[Server(5457) file:///opt/lampp/htdocs/ExpendiShare] Document changed: file:///opt/lampp/htdocs/ExpendiShare/html/dashboard.html
