[2019-09-08 21:13:00.628] [renderer1] [warning] UNRESPONSIVE extension host, 'softwaredotcom.swdc-vscode' took 52% of 270.526ms, saved PROFILE here: '/tmp/exthost-5a1d4e.cpuprofile' [{"id":"gc","total":4059,"percentage":2},{"id":"program","total":4340,"percentage":2},{"id":"self","total":111681,"percentage":41},{"id":"softwaredotcom.swdc-vscode","total":139452,"percentage":52},{"id":"vscode-icons-team.vscode-icons","total":10700,"percentage":4}]
[2019-09-08 21:13:13.059] [renderer1] [error] Bad progress location: workbench.view.extension.project-manager: Error: Bad progress location: workbench.view.extension.project-manager
    at Proxy.withProgress (file:///usr/share/code/resources/app/out/vs/workbench/workbench.desktop.main.js:5216:256)
    at $.t.instantiationService.createInstance.e [as withProgress] (file:///usr/share/code/resources/app/out/vs/workbench/workbench.desktop.main.js:4886:700)
    at $.getChildren (file:///usr/share/code/resources/app/out/vs/workbench/workbench.desktop.main.js:4892:195)
    at X.<anonymous> (file:///usr/share/code/resources/app/out/vs/workbench/workbench.desktop.main.js:1026:201)
    at Generator.next (<anonymous>)
    at file:///usr/share/code/resources/app/out/vs/workbench/workbench.desktop.main.js:35:566
    at new Promise (<anonymous>)
    at n (file:///usr/share/code/resources/app/out/vs/workbench/workbench.desktop.main.js:35:343)
    at a.createCancelablePromise (file:///usr/share/code/resources/app/out/vs/workbench/workbench.desktop.main.js:1026:138)
    at Object.l [as createCancelablePromise] (file:///usr/share/code/resources/app/out/vs/workbench/workbench.desktop.main.js:128:804)
    at X.doGetChildren (file:///usr/share/code/resources/app/out/vs/workbench/workbench.desktop.main.js:1026:110)
    at X.<anonymous> (file:///usr/share/code/resources/app/out/vs/workbench/workbench.desktop.main.js:1025:740)
    at Generator.next (<anonymous>)
    at file:///usr/share/code/resources/app/out/vs/workbench/workbench.desktop.main.js:35:566
    at new Promise (<anonymous>)
    at n (file:///usr/share/code/resources/app/out/vs/workbench/workbench.desktop.main.js:35:343)
    at X.doRefreshNode (file:///usr/share/code/resources/app/out/vs/workbench/workbench.desktop.main.js:1025:527)
    at X.<anonymous> (file:///usr/share/code/resources/app/out/vs/workbench/workbench.desktop.main.js:1025:385)
    at Generator.next (<anonymous>)
    at file:///usr/share/code/resources/app/out/vs/workbench/workbench.desktop.main.js:35:566
    at new Promise (<anonymous>)
    at n (file:///usr/share/code/resources/app/out/vs/workbench/workbench.desktop.main.js:35:343)
    at X.doRefreshSubTree (file:///usr/share/code/resources/app/out/vs/workbench/workbench.desktop.main.js:1025:316)
    at X.<anonymous> (file:///usr/share/code/resources/app/out/vs/workbench/workbench.desktop.main.js:1025:163)
    at Generator.next (<anonymous>)
    at file:///usr/share/code/resources/app/out/vs/workbench/workbench.desktop.main.js:35:566
    at new Promise (<anonymous>)
    at n (file:///usr/share/code/resources/app/out/vs/workbench/workbench.desktop.main.js:35:343)
    at X.refreshNode (file:///usr/share/code/resources/app/out/vs/workbench/workbench.desktop.main.js:1024:971)
    at X.<anonymous> (file:///usr/share/code/resources/app/out/vs/workbench/workbench.desktop.main.js:1024:731)
    at Generator.next (<anonymous>)
    at file:///usr/share/code/resources/app/out/vs/workbench/workbench.desktop.main.js:35:566
    at new Promise (<anonymous>)
    at n (file:///usr/share/code/resources/app/out/vs/workbench/workbench.desktop.main.js:35:343)
    at X.refreshAndRenderNode (file:///usr/share/code/resources/app/out/vs/workbench/workbench.desktop.main.js:1024:684)
    at X.<anonymous> (file:///usr/share/code/resources/app/out/vs/workbench/workbench.desktop.main.js:1022:62)
    at Generator.next (<anonymous>)
    at file:///usr/share/code/resources/app/out/vs/workbench/workbench.desktop.main.js:35:566
    at new Promise (<anonymous>)
    at n (file:///usr/share/code/resources/app/out/vs/workbench/workbench.desktop.main.js:35:343)
    at X.updateChildren (file:///usr/share/code/resources/app/out/vs/workbench/workbench.desktop.main.js:1021:821)
    at Promise.all.Array.from.map.e (file:///usr/share/code/resources/app/out/vs/workbench/workbench.desktop.main.js:4891:237)
    at Array.map (<anonymous>)
    at K.<anonymous> (file:///usr/share/code/resources/app/out/vs/workbench/workbench.desktop.main.js:4891:228)
    at Generator.next (<anonymous>)
    at file:///usr/share/code/resources/app/out/vs/workbench/workbench.desktop.main.js:35:566
    at new Promise (<anonymous>)
    at n (file:///usr/share/code/resources/app/out/vs/workbench/workbench.desktop.main.js:35:343)
    at K.doRefresh (file:///usr/share/code/resources/app/out/vs/workbench/workbench.desktop.main.js:4891:8)
    at K._register.themeService.onDidFileIconThemeChange (file:///usr/share/code/resources/app/out/vs/workbench/workbench.desktop.main.js:4883:666)
    at d.fire (file:///usr/share/code/resources/app/out/vs/workbench/workbench.desktop.main.js:107:468)
    at V.doSetFileIconTheme (file:///usr/share/code/resources/app/out/vs/workbench/workbench.desktop.main.js:4622:717)
    at e (file:///usr/share/code/resources/app/out/vs/workbench/workbench.desktop.main.js:4621:711)
    at R (file:///usr/share/code/resources/app/out/vs/workbench/workbench.desktop.main.js:4611:724)
    at i.ensureLoaded.then.e (file:///usr/share/code/resources/app/out/vs/workbench/workbench.desktop.main.js:4621:698)
[2019-09-08 21:13:13.062] [renderer1] [error] Bad progress location: workbench.view.extension.gitlens: Error: Bad progress location: workbench.view.extension.gitlens
    at Proxy.withProgress (file:///usr/share/code/resources/app/out/vs/workbench/workbench.desktop.main.js:5216:256)
    at $.t.instantiationService.createInstance.e [as withProgress] (file:///usr/share/code/resources/app/out/vs/workbench/workbench.desktop.main.js:4886:700)
    at $.getChildren (file:///usr/share/code/resources/app/out/vs/workbench/workbench.desktop.main.js:4892:195)
    at X.<anonymous> (file:///usr/share/code/resources/app/out/vs/workbench/workbench.desktop.main.js:1026:201)
    at Generator.next (<anonymous>)
    at file:///usr/share/code/resources/app/out/vs/workbench/workbench.desktop.main.js:35:566
    at new Promise (<anonymous>)
    at n (file:///usr/share/code/resources/app/out/vs/workbench/workbench.desktop.main.js:35:343)
    at a.createCancelablePromise (file:///usr/share/code/resources/app/out/vs/workbench/workbench.desktop.main.js:1026:138)
    at Object.l [as createCancelablePromise] (file:///usr/share/code/resources/app/out/vs/workbench/workbench.desktop.main.js:128:804)
    at X.doGetChildren (file:///usr/share/code/resources/app/out/vs/workbench/workbench.desktop.main.js:1026:110)
    at X.<anonymous> (file:///usr/share/code/resources/app/out/vs/workbench/workbench.desktop.main.js:1025:740)
    at Generator.next (<anonymous>)
    at file:///usr/share/code/resources/app/out/vs/workbench/workbench.desktop.main.js:35:566
    at new Promise (<anonymous>)
    at n (file:///usr/share/code/resources/app/out/vs/workbench/workbench.desktop.main.js:35:343)
    at X.doRefreshNode (file:///usr/share/code/resources/app/out/vs/workbench/workbench.desktop.main.js:1025:527)
    at X.<anonymous> (file:///usr/share/code/resources/app/out/vs/workbench/workbench.desktop.main.js:1025:385)
    at Generator.next (<anonymous>)
    at file:///usr/share/code/resources/app/out/vs/workbench/workbench.desktop.main.js:35:566
    at new Promise (<anonymous>)
    at n (file:///usr/share/code/resources/app/out/vs/workbench/workbench.desktop.main.js:35:343)
    at X.doRefreshSubTree (file:///usr/share/code/resources/app/out/vs/workbench/workbench.desktop.main.js:1025:316)
    at X.<anonymous> (file:///usr/share/code/resources/app/out/vs/workbench/workbench.desktop.main.js:1025:163)
    at Generator.next (<anonymous>)
    at file:///usr/share/code/resources/app/out/vs/workbench/workbench.desktop.main.js:35:566
    at new Promise (<anonymous>)
    at n (file:///usr/share/code/resources/app/out/vs/workbench/workbench.desktop.main.js:35:343)
    at X.refreshNode (file:///usr/share/code/resources/app/out/vs/workbench/workbench.desktop.main.js:1024:971)
    at X.<anonymous> (file:///usr/share/code/resources/app/out/vs/workbench/workbench.desktop.main.js:1024:731)
    at Generator.next (<anonymous>)
    at file:///usr/share/code/resources/app/out/vs/workbench/workbench.desktop.main.js:35:566
    at new Promise (<anonymous>)
    at n (file:///usr/share/code/resources/app/out/vs/workbench/workbench.desktop.main.js:35:343)
    at X.refreshAndRenderNode (file:///usr/share/code/resources/app/out/vs/workbench/workbench.desktop.main.js:1024:684)
    at X.<anonymous> (file:///usr/share/code/resources/app/out/vs/workbench/workbench.desktop.main.js:1022:62)
    at Generator.next (<anonymous>)
    at file:///usr/share/code/resources/app/out/vs/workbench/workbench.desktop.main.js:35:566
    at new Promise (<anonymous>)
    at n (file:///usr/share/code/resources/app/out/vs/workbench/workbench.desktop.main.js:35:343)
    at X.updateChildren (file:///usr/share/code/resources/app/out/vs/workbench/workbench.desktop.main.js:1021:821)
    at Promise.all.Array.from.map.e (file:///usr/share/code/resources/app/out/vs/workbench/workbench.desktop.main.js:4891:237)
    at Array.map (<anonymous>)
    at K.<anonymous> (file:///usr/share/code/resources/app/out/vs/workbench/workbench.desktop.main.js:4891:228)
    at Generator.next (<anonymous>)
    at file:///usr/share/code/resources/app/out/vs/workbench/workbench.desktop.main.js:35:566
    at new Promise (<anonymous>)
    at n (file:///usr/share/code/resources/app/out/vs/workbench/workbench.desktop.main.js:35:343)
    at K.doRefresh (file:///usr/share/code/resources/app/out/vs/workbench/workbench.desktop.main.js:4891:8)
    at K._register.themeService.onDidFileIconThemeChange (file:///usr/share/code/resources/app/out/vs/workbench/workbench.desktop.main.js:4883:666)
    at d.fire (file:///usr/share/code/resources/app/out/vs/workbench/workbench.desktop.main.js:107:468)
    at V.doSetFileIconTheme (file:///usr/share/code/resources/app/out/vs/workbench/workbench.desktop.main.js:4622:717)
    at e (file:///usr/share/code/resources/app/out/vs/workbench/workbench.desktop.main.js:4621:711)
    at R (file:///usr/share/code/resources/app/out/vs/workbench/workbench.desktop.main.js:4611:724)
    at i.ensureLoaded.then.e (file:///usr/share/code/resources/app/out/vs/workbench/workbench.desktop.main.js:4621:698)
