Looking for git in: git
Using git 2.20.1 from git
> git rev-parse --show-toplevel
> git rev-parse --git-dir
> git config --get commit.template
Open repository: /opt/lampp/htdocs/ExpendiShare
> git status -z -u
> git symbolic-ref --short HEAD
> git rev-parse master
> git rev-parse --symbolic-full-name master@{u}
> git rev-list --left-right master...refs/remotes/origin/master
> git for-each-ref --format %(refname) %(objectname) --sort -committerdate
> git remote --verbose
> git status -z -u
> git symbolic-ref --short HEAD
> git rev-parse master
> git rev-parse --symbolic-full-name master@{u}
> git rev-list --left-right master...refs/remotes/origin/master
> git for-each-ref --format %(refname) %(objectname) --sort -committerdate
> git remote --verbose
> git check-ignore -v -z --stdin
> git ls-tree -l HEAD -- /opt/lampp/htdocs/ExpendiShare/html/login.html
> git show b465930e117ce251aca43a1e3a04d92eacfad4f6
> git show HEAD:html/login.html
> git check-ignore -v -z --stdin
git.stage 1
git.stage.scmResources 1
> git add -A -- /opt/lampp/htdocs/ExpendiShare/html/login.html
> git status -z -u
> git symbolic-ref --short HEAD
> git rev-parse master
> git rev-parse --symbolic-full-name master@{u}
> git rev-list --left-right master...refs/remotes/origin/master
> git for-each-ref --format %(refname) %(objectname) --sort -committerdate
> git remote --verbose
> git show :html/login.html
> git ls-tree -l HEAD -- /opt/lampp/htdocs/ExpendiShare/php2/create-new-password.php
> git show HEAD:php2/create-new-password.php
> git ls-tree -l HEAD -- php2/
> git check-ignore -v -z --stdin
git.stage 1
git.stage.scmResources 1
> git add -A -- /opt/lampp/htdocs/ExpendiShare/php2/create-new-password.php
> git status -z -u
> git symbolic-ref --short HEAD
> git rev-parse master
> git rev-parse --symbolic-full-name master@{u}
> git rev-list --left-right master...refs/remotes/origin/master
> git for-each-ref --format %(refname) %(objectname) --sort -committerdate
> git remote --verbose
> git show :php2/create-new-password.php
git.stage 1
git.stage.scmResources 1
> git add -A -- /opt/lampp/htdocs/ExpendiShare/php2/function.php
> git status -z -u
> git symbolic-ref --short HEAD
> git rev-parse master
> git rev-parse --symbolic-full-name master@{u}
> git rev-list --left-right master...refs/remotes/origin/master
> git for-each-ref --format %(refname) %(objectname) --sort -committerdate
> git remote --verbose
> git show :php2/create-new-password.php
git.stage 1
git.stage.scmResources 1
> git add -A -- /opt/lampp/htdocs/ExpendiShare/php2/reset_password.php
> git status -z -u
> git symbolic-ref --short HEAD
> git rev-parse master
> git rev-parse --symbolic-full-name master@{u}
> git rev-list --left-right master...refs/remotes/origin/master
> git for-each-ref --format %(refname) %(objectname) --sort -committerdate
> git remote --verbose
> git show :php2/create-new-password.php
git.stage 1
git.stage.scmResources 1
> git add -A -- /opt/lampp/htdocs/ExpendiShare/php2/reset-password.inc.php
> git status -z -u
> git symbolic-ref --short HEAD
> git rev-parse master
> git rev-parse --symbolic-full-name master@{u}
> git rev-list --left-right master...refs/remotes/origin/master
> git for-each-ref --format %(refname) %(objectname) --sort -committerdate
> git remote --verbose
> git show :php2/create-new-password.php
git.stage 1
git.stage.scmResources 1
> git add -A -- /opt/lampp/htdocs/ExpendiShare/php2/reset-request.inc.php
> git status -z -u
> git symbolic-ref --short HEAD
> git rev-parse master
> git rev-parse --symbolic-full-name master@{u}
> git rev-list --left-right master...refs/remotes/origin/master
> git for-each-ref --format %(refname) %(objectname) --sort -committerdate
> git remote --verbose
> git show :php2/create-new-password.php
> git commit --quiet --allow-empty-message --file -
> git status -z -u
> git symbolic-ref --short HEAD
> git rev-parse master
> git rev-parse --symbolic-full-name master@{u}
> git rev-list --left-right master...refs/remotes/origin/master
> git for-each-ref --format %(refname) %(objectname) --sort -committerdate
> git remote --verbose
> git config --get commit.template
> git check-ignore -v -z --stdin
> git show HEAD:php2/create-new-password.php
> git check-ignore -v -z --stdin
